WARNING:tensorflow:From /data/homezvol2/andyz8/.local/lib/python3.8/site-packages/tensorflow/python/compat/v2_compat.py:101: disable_resource_variables (from tensorflow.python.ops.variable_scope) is deprecated and will be removed in a future version.
Instructions for updating:
non-resource variables are not supported in the long term
Using TensorFlow 2 backend.

./DDA/2D-MRI/inverse-ray/complex/2/
Compiling model...
Building feed-forward neural network...
'build' took 0.051565 s

2022-08-18 01:26:37.966309: I tensorflow/core/platform/cpu_feature_guard.cc:142] This TensorFlow binary is optimized with oneAPI Deep Neural Network Library (oneDNN) to use the following CPU instructions in performance-critical operations:  AVX2 AVX512F FMA
To enable them in other operations, rebuild TensorFlow with the appropriate compiler flags.
2022-08-18 01:26:39.821892: I tensorflow/core/common_runtime/gpu/gpu_device.cc:1510] Created device /job:localhost/replica:0/task:0/device:GPU:0 with 14647 MB memory:  -> device: 0, name: Tesla V100-FHHL-16GB, pci bus id: 0000:12:00.0, compute capability: 7.0
'compile' took 3.116257 s

Initializing variables...
Training model...

Step      Train loss              Test loss               Test metric
0         [4.46e-03, 2.69e-02]    [4.46e-03, 0.00e+00]    []  
1000      [5.72e-04, 2.65e-03]    [5.72e-04, 0.00e+00]    []  
2000      [4.14e-04, 1.61e-03]    [4.14e-04, 0.00e+00]    []  
3000      [2.78e-04, 9.26e-04]    [2.78e-04, 0.00e+00]    []  
4000      [1.97e-04, 5.62e-04]    [1.97e-04, 0.00e+00]    []  
5000      [1.24e-04, 1.87e-04]    [1.24e-04, 0.00e+00]    []  
6000      [1.09e-04, 2.14e-04]    [1.09e-04, 0.00e+00]    []  
7000      [1.08e-04, 2.21e-04]    [1.08e-04, 0.00e+00]    []  
8000      [6.95e-05, 1.03e-04]    [6.95e-05, 0.00e+00]    []  
9000      [5.38e-05, 7.61e-05]    [5.38e-05, 0.00e+00]    []  
10000     [1.00e-04, 1.27e-04]    [1.00e-04, 0.00e+00]    []  
11000     [8.67e-05, 1.13e-04]    [8.67e-05, 0.00e+00]    []  
12000     [5.08e-05, 7.80e-05]    [5.08e-05, 0.00e+00]    []  
13000     [8.40e-05, 9.86e-05]    [8.40e-05, 0.00e+00]    []  
14000     [7.31e-05, 1.03e-04]    [7.31e-05, 0.00e+00]    []  
15000     [6.91e-05, 8.50e-05]    [6.91e-05, 0.00e+00]    []  
16000     [4.94e-05, 7.77e-05]    [4.94e-05, 0.00e+00]    []  
17000     [4.92e-05, 5.43e-05]    [4.92e-05, 0.00e+00]    []  
18000     [7.35e-05, 8.48e-05]    [7.35e-05, 0.00e+00]    []  
19000     [5.99e-05, 7.14e-05]    [5.99e-05, 0.00e+00]    []  
20000     [6.97e-05, 8.58e-05]    [6.97e-05, 0.00e+00]    []  
21000     [8.09e-05, 8.99e-05]    [8.09e-05, 0.00e+00]    []  
22000     [3.18e-05, 5.22e-05]    [3.18e-05, 0.00e+00]    []  
23000     [3.28e-05, 9.02e-05]    [3.28e-05, 0.00e+00]    []  
24000     [5.22e-05, 6.47e-05]    [5.22e-05, 0.00e+00]    []  
25000     [2.80e-05, 4.03e-05]    [2.80e-05, 0.00e+00]    []  
26000     [2.71e-05, 5.23e-05]    [2.71e-05, 0.00e+00]    []  
27000     [2.53e-05, 2.90e-05]    [2.53e-05, 0.00e+00]    []  
28000     [4.24e-05, 6.50e-05]    [4.24e-05, 0.00e+00]    []  
29000     [3.51e-05, 3.75e-05]    [3.51e-05, 0.00e+00]    []  
30000     [3.98e-05, 5.28e-05]    [3.98e-05, 0.00e+00]    []  
31000     [3.00e-05, 3.62e-05]    [3.00e-05, 0.00e+00]    []  
32000     [3.37e-05, 3.60e-05]    [3.37e-05, 0.00e+00]    []  
33000     [2.66e-05, 3.11e-05]    [2.66e-05, 0.00e+00]    []  
34000     [2.99e-05, 5.42e-05]    [2.99e-05, 0.00e+00]    []  
35000     [2.06e-05, 2.40e-05]    [2.06e-05, 0.00e+00]    []  
36000     [2.23e-05, 2.44e-05]    [2.23e-05, 0.00e+00]    []  
37000     [1.84e-05, 2.07e-05]    [1.84e-05, 0.00e+00]    []  
38000     [2.77e-05, 2.82e-05]    [2.77e-05, 0.00e+00]    []  
39000     [1.75e-05, 2.12e-05]    [1.75e-05, 0.00e+00]    []  
40000     [2.19e-05, 2.33e-05]    [2.19e-05, 0.00e+00]    []  
41000     [2.23e-05, 2.31e-05]    [2.23e-05, 0.00e+00]    []  
42000     [1.57e-05, 1.49e-05]    [1.57e-05, 0.00e+00]    []  
43000     [2.16e-05, 2.95e-05]    [2.16e-05, 0.00e+00]    []  
44000     [1.55e-05, 1.48e-05]    [1.55e-05, 0.00e+00]    []  
45000     [1.66e-05, 1.61e-05]    [1.66e-05, 0.00e+00]    []  
46000     [2.75e-05, 3.49e-05]    [2.75e-05, 0.00e+00]    []  
47000     [1.49e-05, 2.35e-05]    [1.49e-05, 0.00e+00]    []  
48000     [1.45e-05, 2.44e-05]    [1.45e-05, 0.00e+00]    []  
49000     [1.40e-05, 1.86e-05]    [1.40e-05, 0.00e+00]    []  
50000     [1.64e-05, 3.04e-05]    [1.64e-05, 0.00e+00]    []  
51000     [2.54e-05, 2.80e-05]    [2.54e-05, 0.00e+00]    []  
52000     [1.56e-05, 2.07e-05]    [1.56e-05, 0.00e+00]    []  
53000     [1.72e-05, 2.14e-05]    [1.72e-05, 0.00e+00]    []  
54000     [1.21e-05, 1.20e-05]    [1.21e-05, 0.00e+00]    []  
55000     [1.98e-05, 2.23e-05]    [1.98e-05, 0.00e+00]    []  
56000     [1.52e-05, 1.58e-05]    [1.52e-05, 0.00e+00]    []  
57000     [1.29e-05, 4.04e-05]    [1.29e-05, 0.00e+00]    []  
58000     [3.28e-05, 3.91e-05]    [3.28e-05, 0.00e+00]    []  
59000     [1.21e-05, 1.87e-05]    [1.21e-05, 0.00e+00]    []  
60000     [1.08e-05, 1.12e-05]    [1.08e-05, 0.00e+00]    []  
61000     [1.60e-05, 2.13e-05]    [1.60e-05, 0.00e+00]    []  
62000     [1.18e-05, 1.27e-05]    [1.18e-05, 0.00e+00]    []  
63000     [1.04e-05, 1.16e-05]    [1.04e-05, 0.00e+00]    []  
64000     [1.59e-05, 1.81e-05]    [1.59e-05, 0.00e+00]    []  
65000     [9.89e-06, 1.07e-05]    [9.89e-06, 0.00e+00]    []  
66000     [1.87e-05, 2.05e-05]    [1.87e-05, 0.00e+00]    []  
67000     [1.66e-05, 1.83e-05]    [1.66e-05, 0.00e+00]    []  
68000     [1.02e-05, 1.91e-05]    [1.02e-05, 0.00e+00]    []  
69000     [1.05e-05, 1.26e-05]    [1.05e-05, 0.00e+00]    []  
70000     [1.93e-05, 2.24e-05]    [1.93e-05, 0.00e+00]    []  
71000     [3.74e-05, 7.84e-05]    [3.74e-05, 0.00e+00]    []  
72000     [1.04e-05, 1.25e-05]    [1.04e-05, 0.00e+00]    []  
73000     [1.00e-05, 1.42e-05]    [1.00e-05, 0.00e+00]    []  
74000     [8.59e-06, 1.01e-05]    [8.59e-06, 0.00e+00]    []  
75000     [1.76e-05, 2.51e-05]    [1.76e-05, 0.00e+00]    []  
76000     [1.16e-05, 1.46e-05]    [1.16e-05, 0.00e+00]    []  
77000     [8.11e-06, 9.98e-06]    [8.11e-06, 0.00e+00]    []  
78000     [8.17e-06, 9.92e-06]    [8.17e-06, 0.00e+00]    []  
79000     [8.30e-06, 1.12e-05]    [8.30e-06, 0.00e+00]    []  
80000     [8.30e-06, 1.09e-05]    [8.30e-06, 0.00e+00]    []  
81000     [1.06e-05, 5.66e-05]    [1.06e-05, 0.00e+00]    []  
82000     [1.24e-05, 2.44e-05]    [1.24e-05, 0.00e+00]    []  
83000     [8.14e-06, 1.21e-05]    [8.14e-06, 0.00e+00]    []  
84000     [8.13e-06, 1.05e-05]    [8.13e-06, 0.00e+00]    []  
85000     [1.34e-05, 2.86e-05]    [1.34e-05, 0.00e+00]    []  
86000     [2.13e-05, 2.73e-05]    [2.13e-05, 0.00e+00]    []  
87000     [1.10e-05, 1.48e-05]    [1.10e-05, 0.00e+00]    []  
88000     [7.91e-06, 1.11e-05]    [7.91e-06, 0.00e+00]    []  
89000     [9.24e-06, 2.66e-05]    [9.24e-06, 0.00e+00]    []  
90000     [8.80e-05, 3.04e-04]    [8.80e-05, 0.00e+00]    []  
91000     [6.77e-06, 9.02e-06]    [6.77e-06, 0.00e+00]    []  
92000     [7.22e-06, 9.76e-06]    [7.22e-06, 0.00e+00]    []  
93000     [6.83e-06, 9.19e-06]    [6.83e-06, 0.00e+00]    []  
94000     [9.43e-06, 1.22e-05]    [9.43e-06, 0.00e+00]    []  
95000     [6.48e-06, 8.77e-06]    [6.48e-06, 0.00e+00]    []  
96000     [6.93e-06, 9.57e-06]    [6.93e-06, 0.00e+00]    []  
97000     [6.44e-06, 8.80e-06]    [6.44e-06, 0.00e+00]    []  
98000     [6.29e-06, 8.83e-06]    [6.29e-06, 0.00e+00]    []  
99000     [7.40e-06, 1.54e-05]    [7.40e-06, 0.00e+00]    []  
100000    [9.38e-06, 1.30e-05]    [9.38e-06, 0.00e+00]    []  
101000    [7.46e-06, 2.52e-05]    [7.46e-06, 0.00e+00]    []  
102000    [8.91e-06, 1.39e-05]    [8.91e-06, 0.00e+00]    []  
103000    [6.21e-06, 8.75e-06]    [6.21e-06, 0.00e+00]    []  
104000    [8.48e-06, 1.24e-05]    [8.48e-06, 0.00e+00]    []  
105000    [8.37e-06, 1.28e-05]    [8.37e-06, 0.00e+00]    []  
106000    [5.79e-06, 8.65e-06]    [5.79e-06, 0.00e+00]    []  
107000    [5.80e-06, 8.46e-06]    [5.80e-06, 0.00e+00]    []  
108000    [6.49e-06, 1.37e-05]    [6.49e-06, 0.00e+00]    []  
109000    [5.84e-06, 8.81e-06]    [5.84e-06, 0.00e+00]    []  
110000    [5.60e-06, 2.60e-05]    [5.60e-06, 0.00e+00]    []  
111000    [7.35e-06, 3.73e-05]    [7.35e-06, 0.00e+00]    []  
112000    [5.72e-06, 8.62e-06]    [5.72e-06, 0.00e+00]    []  
113000    [1.05e-05, 1.61e-05]    [1.05e-05, 0.00e+00]    []  
114000    [7.61e-06, 1.08e-05]    [7.61e-06, 0.00e+00]    []  
115000    [5.33e-06, 8.32e-06]    [5.33e-06, 0.00e+00]    []  
116000    [5.44e-06, 8.20e-06]    [5.44e-06, 0.00e+00]    []  
117000    [6.34e-06, 1.58e-05]    [6.34e-06, 0.00e+00]    []  
118000    [5.27e-06, 8.04e-06]    [5.27e-06, 0.00e+00]    []  
119000    [9.63e-06, 1.71e-05]    [9.63e-06, 0.00e+00]    []  
120000    [7.37e-06, 1.16e-05]    [7.37e-06, 0.00e+00]    []  
121000    [8.46e-06, 1.17e-05]    [8.46e-06, 0.00e+00]    []  
122000    [5.50e-06, 8.47e-06]    [5.50e-06, 0.00e+00]    []  
123000    [5.07e-06, 7.91e-06]    [5.07e-06, 0.00e+00]    []  
124000    [7.16e-06, 1.10e-05]    [7.16e-06, 0.00e+00]    []  
125000    [5.28e-06, 8.21e-06]    [5.28e-06, 0.00e+00]    []  
126000    [1.02e-05, 2.28e-05]    [1.02e-05, 0.00e+00]    []  
127000    [6.97e-06, 2.24e-05]    [6.97e-06, 0.00e+00]    []  
128000    [4.92e-06, 7.97e-06]    [4.92e-06, 0.00e+00]    []  
129000    [5.40e-06, 8.60e-06]    [5.40e-06, 0.00e+00]    []  
130000    [5.68e-06, 1.07e-05]    [5.68e-06, 0.00e+00]    []  
131000    [5.04e-06, 8.24e-06]    [5.04e-06, 0.00e+00]    []  
132000    [4.68e-06, 7.75e-06]    [4.68e-06, 0.00e+00]    []  
133000    [5.03e-06, 1.04e-05]    [5.03e-06, 0.00e+00]    []  
134000    [4.69e-06, 7.77e-06]    [4.69e-06, 0.00e+00]    []  
135000    [4.72e-06, 1.04e-05]    [4.72e-06, 0.00e+00]    []  
136000    [4.67e-06, 7.93e-06]    [4.67e-06, 0.00e+00]    []  
137000    [4.53e-06, 7.54e-06]    [4.53e-06, 0.00e+00]    []  
138000    [5.11e-06, 1.04e-05]    [5.11e-06, 0.00e+00]    []  
139000    [5.14e-06, 1.90e-05]    [5.14e-06, 0.00e+00]    []  
140000    [7.59e-06, 1.21e-05]    [7.59e-06, 0.00e+00]    []  
141000    [4.41e-06, 7.52e-06]    [4.41e-06, 0.00e+00]    []  
142000    [4.92e-06, 8.18e-06]    [4.92e-06, 0.00e+00]    []  
143000    [5.26e-06, 1.30e-05]    [5.26e-06, 0.00e+00]    []  
144000    [4.34e-06, 7.58e-06]    [4.34e-06, 0.00e+00]    []  
145000    [6.18e-06, 9.73e-06]    [6.18e-06, 0.00e+00]    []  
146000    [4.33e-06, 7.54e-06]    [4.33e-06, 0.00e+00]    []  
147000    [4.23e-06, 7.43e-06]    [4.23e-06, 0.00e+00]    []  
148000    [1.34e-05, 2.32e-05]    [1.34e-05, 0.00e+00]    []  
149000    [7.03e-06, 2.02e-05]    [7.03e-06, 0.00e+00]    []  
150000    [5.36e-06, 1.16e-05]    [5.36e-06, 0.00e+00]    []  
151000    [4.19e-06, 7.35e-06]    [4.19e-06, 0.00e+00]    []  
152000    [6.96e-06, 1.19e-05]    [6.96e-06, 0.00e+00]    []  
153000    [6.22e-06, 1.00e-05]    [6.22e-06, 0.00e+00]    []  
154000    [5.39e-06, 2.54e-05]    [5.39e-06, 0.00e+00]    []  
155000    [6.43e-06, 2.74e-05]    [6.43e-06, 0.00e+00]    []  
156000    [4.63e-06, 2.52e-05]    [4.63e-06, 0.00e+00]    []  
157000    [3.98e-06, 7.33e-06]    [3.98e-06, 0.00e+00]    []  
158000    [4.08e-06, 7.62e-06]    [4.08e-06, 0.00e+00]    []  
159000    [5.69e-06, 3.05e-05]    [5.69e-06, 0.00e+00]    []  
160000    [5.52e-06, 1.10e-05]    [5.52e-06, 0.00e+00]    []  
161000    [5.43e-06, 1.15e-05]    [5.43e-06, 0.00e+00]    []  
162000    [3.79e-06, 7.10e-06]    [3.79e-06, 0.00e+00]    []  
163000    [4.40e-06, 8.44e-06]    [4.40e-06, 0.00e+00]    []  
164000    [3.79e-06, 7.17e-06]    [3.79e-06, 0.00e+00]    []  
165000    [3.76e-06, 7.15e-06]    [3.76e-06, 0.00e+00]    []  
166000    [3.70e-06, 7.06e-06]    [3.70e-06, 0.00e+00]    []  
167000    [3.95e-06, 1.19e-05]    [3.95e-06, 0.00e+00]    []  
168000    [9.65e-06, 1.56e-05]    [9.65e-06, 0.00e+00]    []  
169000    [3.83e-06, 7.29e-06]    [3.83e-06, 0.00e+00]    []  
170000    [4.30e-06, 8.44e-06]    [4.30e-06, 0.00e+00]    []  
171000    [3.66e-06, 7.08e-06]    [3.66e-06, 0.00e+00]    []  
172000    [4.02e-06, 7.61e-06]    [4.02e-06, 0.00e+00]    []  
173000    [3.53e-06, 7.13e-06]    [3.53e-06, 0.00e+00]    []  
174000    [3.72e-06, 8.20e-06]    [3.72e-06, 0.00e+00]    []  
175000    [5.48e-06, 9.66e-06]    [5.48e-06, 0.00e+00]    []  
176000    [4.19e-06, 8.08e-06]    [4.19e-06, 0.00e+00]    []  
177000    [3.49e-06, 7.01e-06]    [3.49e-06, 0.00e+00]    []  
178000    [3.44e-06, 6.91e-06]    [3.44e-06, 0.00e+00]    []  
179000    [3.78e-06, 8.25e-06]    [3.78e-06, 0.00e+00]    []  
180000    [4.43e-06, 1.15e-05]    [4.43e-06, 0.00e+00]    []  
181000    [8.34e-06, 1.25e-05]    [8.34e-06, 0.00e+00]    []  
182000    [3.64e-06, 8.34e-06]    [3.64e-06, 0.00e+00]    []  
183000    [3.34e-06, 6.85e-06]    [3.34e-06, 0.00e+00]    []  
184000    [3.34e-06, 6.83e-06]    [3.34e-06, 0.00e+00]    []  
185000    [4.12e-06, 2.51e-05]    [4.12e-06, 0.00e+00]    []  
186000    [5.49e-06, 1.46e-05]    [5.49e-06, 0.00e+00]    []  
187000    [3.74e-06, 7.42e-06]    [3.74e-06, 0.00e+00]    []  
188000    [3.28e-06, 6.82e-06]    [3.28e-06, 0.00e+00]    []  
189000    [3.25e-06, 6.88e-06]    [3.25e-06, 0.00e+00]    []  
190000    [3.23e-06, 7.07e-06]    [3.23e-06, 0.00e+00]    []  
191000    [3.37e-06, 7.63e-06]    [3.37e-06, 0.00e+00]    []  
192000    [4.17e-06, 8.44e-06]    [4.17e-06, 0.00e+00]    []  
193000    [3.56e-06, 7.30e-06]    [3.56e-06, 0.00e+00]    []  
194000    [3.82e-06, 3.89e-05]    [3.82e-06, 0.00e+00]    []  
195000    [3.73e-06, 7.64e-06]    [3.73e-06, 0.00e+00]    []  
196000    [3.46e-06, 7.18e-06]    [3.46e-06, 0.00e+00]    []  
197000    [3.05e-06, 6.71e-06]    [3.05e-06, 0.00e+00]    []  
198000    [3.02e-06, 6.63e-06]    [3.02e-06, 0.00e+00]    []  
199000    [3.69e-06, 2.90e-05]    [3.69e-06, 0.00e+00]    []  
200000    [3.56e-06, 1.09e-05]    [3.56e-06, 0.00e+00]    []  
201000    [3.90e-06, 7.77e-06]    [3.90e-06, 0.00e+00]    []  
202000    [2.95e-06, 6.59e-06]    [2.95e-06, 0.00e+00]    []  
203000    [2.94e-06, 6.57e-06]    [2.94e-06, 0.00e+00]    []  
204000    [1.04e-05, 1.73e-05]    [1.04e-05, 0.00e+00]    []  
205000    [7.01e-06, 2.35e-05]    [7.01e-06, 0.00e+00]    []  
206000    [4.41e-06, 8.32e-06]    [4.41e-06, 0.00e+00]    []  
207000    [2.93e-06, 8.04e-06]    [2.93e-06, 0.00e+00]    []  
208000    [2.86e-06, 6.65e-06]    [2.86e-06, 0.00e+00]    []  
209000    [3.53e-06, 1.06e-05]    [3.53e-06, 0.00e+00]    []  
210000    [2.95e-06, 6.73e-06]    [2.95e-06, 0.00e+00]    []  
211000    [2.78e-05, 4.29e-05]    [2.78e-05, 0.00e+00]    []  
212000    [2.78e-06, 6.45e-06]    [2.78e-06, 0.00e+00]    []  
213000    [4.52e-06, 8.36e-06]    [4.52e-06, 0.00e+00]    []  
214000    [2.86e-06, 6.57e-06]    [2.86e-06, 0.00e+00]    []  
215000    [3.51e-06, 1.59e-05]    [3.51e-06, 0.00e+00]    []  
216000    [2.74e-06, 6.41e-06]    [2.74e-06, 0.00e+00]    []  
217000    [2.76e-06, 6.56e-06]    [2.76e-06, 0.00e+00]    []  
218000    [2.75e-06, 6.49e-06]    [2.75e-06, 0.00e+00]    []  
219000    [2.83e-06, 8.66e-06]    [2.83e-06, 0.00e+00]    []  
220000    [2.72e-06, 6.44e-06]    [2.72e-06, 0.00e+00]    []  
221000    [6.18e-06, 1.09e-05]    [6.18e-06, 0.00e+00]    []  
222000    [3.09e-06, 8.73e-06]    [3.09e-06, 0.00e+00]    []  
223000    [8.84e-06, 2.06e-05]    [8.84e-06, 0.00e+00]    []  
224000    [3.01e-06, 6.72e-06]    [3.01e-06, 0.00e+00]    []  
225000    [2.69e-06, 6.43e-06]    [2.69e-06, 0.00e+00]    []  
226000    [2.61e-06, 6.34e-06]    [2.61e-06, 0.00e+00]    []  
227000    [1.12e-05, 3.29e-05]    [1.12e-05, 0.00e+00]    []  
228000    [3.33e-06, 8.21e-06]    [3.33e-06, 0.00e+00]    []  
229000    [2.71e-06, 6.62e-06]    [2.71e-06, 0.00e+00]    []  
230000    [2.97e-06, 6.69e-06]    [2.97e-06, 0.00e+00]    []  
231000    [2.55e-06, 6.31e-06]    [2.55e-06, 0.00e+00]    []  
232000    [2.88e-06, 8.13e-06]    [2.88e-06, 0.00e+00]    []  
233000    [4.54e-06, 8.54e-06]    [4.54e-06, 0.00e+00]    []  
234000    [4.55e-06, 9.01e-06]    [4.55e-06, 0.00e+00]    []  
235000    [2.93e-06, 1.54e-05]    [2.93e-06, 0.00e+00]    []  
236000    [2.53e-06, 6.27e-06]    [2.53e-06, 0.00e+00]    []  
237000    [2.69e-06, 6.58e-06]    [2.69e-06, 0.00e+00]    []  
238000    [3.56e-06, 8.31e-06]    [3.56e-06, 0.00e+00]    []  
239000    [2.49e-06, 6.84e-06]    [2.49e-06, 0.00e+00]    []  
240000    [2.47e-06, 6.20e-06]    [2.47e-06, 0.00e+00]    []  
241000    [2.46e-06, 6.21e-06]    [2.46e-06, 0.00e+00]    []  
242000    [2.44e-06, 6.77e-06]    [2.44e-06, 0.00e+00]    []  
243000    [2.90e-06, 7.09e-06]    [2.90e-06, 0.00e+00]    []  
244000    [3.68e-06, 1.52e-05]    [3.68e-06, 0.00e+00]    []  
245000    [2.63e-06, 6.36e-06]    [2.63e-06, 0.00e+00]    []  
246000    [2.40e-06, 6.22e-06]    [2.40e-06, 0.00e+00]    []  
247000    [2.73e-06, 6.66e-06]    [2.73e-06, 0.00e+00]    []  
248000    [2.97e-06, 1.05e-05]    [2.97e-06, 0.00e+00]    []  
249000    [3.80e-06, 1.48e-05]    [3.80e-06, 0.00e+00]    []  
250000    [5.15e-06, 9.60e-06]    [5.15e-06, 0.00e+00]    []  
251000    [1.18e-04, 1.37e-04]    [1.18e-04, 0.00e+00]    []  
252000    [2.34e-06, 6.14e-06]    [2.34e-06, 0.00e+00]    []  
253000    [2.38e-06, 6.21e-06]    [2.38e-06, 0.00e+00]    []  
254000    [7.44e-06, 2.23e-05]    [7.44e-06, 0.00e+00]    []  
255000    [2.69e-06, 1.02e-05]    [2.69e-06, 0.00e+00]    []  
256000    [2.33e-06, 6.13e-06]    [2.33e-06, 0.00e+00]    []  
257000    [2.30e-06, 6.10e-06]    [2.30e-06, 0.00e+00]    []  
258000    [2.75e-06, 6.68e-06]    [2.75e-06, 0.00e+00]    []  
259000    [2.53e-06, 9.68e-06]    [2.53e-06, 0.00e+00]    []  
260000    [5.80e-06, 1.07e-05]    [5.80e-06, 0.00e+00]    []  
261000    [2.28e-06, 6.11e-06]    [2.28e-06, 0.00e+00]    []  
262000    [2.26e-06, 6.05e-06]    [2.26e-06, 0.00e+00]    []  
263000    [2.68e-06, 6.59e-06]    [2.68e-06, 0.00e+00]    []  
264000    [2.28e-06, 6.05e-06]    [2.28e-06, 0.00e+00]    []  
265000    [2.34e-06, 6.12e-06]    [2.34e-06, 0.00e+00]    []  
266000    [2.23e-06, 6.04e-06]    [2.23e-06, 0.00e+00]    []  
267000    [2.75e-06, 6.83e-06]    [2.75e-06, 0.00e+00]    []  
268000    [2.33e-06, 6.16e-06]    [2.33e-06, 0.00e+00]    []  
269000    [2.03e-04, 2.13e-04]    [2.03e-04, 0.00e+00]    []  
270000    [2.21e-06, 6.03e-06]    [2.21e-06, 0.00e+00]    []  
271000    [2.21e-06, 6.04e-06]    [2.21e-06, 0.00e+00]    []  
272000    [2.35e-06, 6.16e-06]    [2.35e-06, 0.00e+00]    []  
273000    [2.23e-06, 6.06e-06]    [2.23e-06, 0.00e+00]    []  
274000    [2.75e-06, 7.32e-06]    [2.75e-06, 0.00e+00]    []  
275000    [2.24e-06, 6.11e-06]    [2.24e-06, 0.00e+00]    []  
276000    [2.19e-06, 6.05e-06]    [2.19e-06, 0.00e+00]    []  
277000    [2.17e-06, 6.00e-06]    [2.17e-06, 0.00e+00]    []  
278000    [7.15e-06, 2.23e-05]    [7.15e-06, 0.00e+00]    []  
279000    [2.18e-06, 6.02e-06]    [2.18e-06, 0.00e+00]    []  
280000    [2.41e-06, 6.25e-06]    [2.41e-06, 0.00e+00]    []  
281000    [2.17e-06, 6.02e-06]    [2.17e-06, 0.00e+00]    []  
282000    [2.13e-06, 5.98e-06]    [2.13e-06, 0.00e+00]    []  
283000    [3.59e-06, 1.66e-05]    [3.59e-06, 0.00e+00]    []  
284000    [2.25e-06, 6.46e-06]    [2.25e-06, 0.00e+00]    []  
285000    [3.23e-06, 2.45e-05]    [3.23e-06, 0.00e+00]    []  
286000    [2.11e-06, 5.98e-06]    [2.11e-06, 0.00e+00]    []  
287000    [2.11e-06, 5.96e-06]    [2.11e-06, 0.00e+00]    []  
288000    [7.13e-06, 1.54e-05]    [7.13e-06, 0.00e+00]    []  
289000    [2.81e-06, 8.23e-06]    [2.81e-06, 0.00e+00]    []  
290000    [4.07e-06, 1.37e-05]    [4.07e-06, 0.00e+00]    []  
291000    [2.52e-06, 6.09e-06]    [2.52e-06, 0.00e+00]    []  
292000    [2.15e-06, 5.97e-06]    [2.15e-06, 0.00e+00]    []  
293000    [2.13e-06, 6.36e-06]    [2.13e-06, 0.00e+00]    []  
294000    [2.39e-06, 9.81e-06]    [2.39e-06, 0.00e+00]    []  
295000    [4.11e-06, 8.27e-06]    [4.11e-06, 0.00e+00]    []  
296000    [2.27e-06, 6.94e-06]    [2.27e-06, 0.00e+00]    []  
297000    [2.13e-06, 5.98e-06]    [2.13e-06, 0.00e+00]    []  
298000    [2.07e-06, 5.93e-06]    [2.07e-06, 0.00e+00]    []  
299000    [2.11e-06, 5.97e-06]    [2.11e-06, 0.00e+00]    []  
300000    [3.39e-06, 9.45e-06]    [3.39e-06, 0.00e+00]    []  
301000    [8.64e-06, 1.46e-05]    [8.64e-06, 0.00e+00]    []  
302000    [3.65e-06, 1.37e-05]    [3.65e-06, 0.00e+00]    []  
303000    [2.07e-06, 5.97e-06]    [2.07e-06, 0.00e+00]    []  
304000    [2.04e-06, 5.92e-06]    [2.04e-06, 0.00e+00]    []  
305000    [4.45e-06, 2.25e-05]    [4.45e-06, 0.00e+00]    []  
306000    [2.49e-06, 6.92e-06]    [2.49e-06, 0.00e+00]    []  
307000    [1.15e-05, 1.78e-05]    [1.15e-05, 0.00e+00]    []  
308000    [2.15e-06, 6.05e-06]    [2.15e-06, 0.00e+00]    []  
309000    [2.02e-06, 5.91e-06]    [2.02e-06, 0.00e+00]    []  
310000    [2.02e-06, 6.14e-06]    [2.02e-06, 0.00e+00]    []  
311000    [2.21e-06, 6.14e-06]    [2.21e-06, 0.00e+00]    []  
312000    [2.52e-06, 6.51e-06]    [2.52e-06, 0.00e+00]    []  
313000    [2.34e-06, 1.36e-05]    [2.34e-06, 0.00e+00]    []  
314000    [6.58e-06, 1.24e-05]    [6.58e-06, 0.00e+00]    []  
315000    [1.98e-06, 5.90e-06]    [1.98e-06, 0.00e+00]    []  
316000    [2.00e-06, 5.92e-06]    [2.00e-06, 0.00e+00]    []  
317000    [2.14e-06, 6.20e-06]    [2.14e-06, 0.00e+00]    []  
318000    [1.97e-06, 5.89e-06]    [1.97e-06, 0.00e+00]    []  
319000    [2.10e-06, 1.04e-05]    [2.10e-06, 0.00e+00]    []  
320000    [1.98e-06, 5.89e-06]    [1.98e-06, 0.00e+00]    []  
321000    [1.99e-06, 5.88e-06]    [1.99e-06, 0.00e+00]    []  
322000    [2.53e-06, 6.48e-06]    [2.53e-06, 0.00e+00]    []  
323000    [1.94e-06, 5.85e-06]    [1.94e-06, 0.00e+00]    []  
324000    [3.80e-06, 9.46e-06]    [3.80e-06, 0.00e+00]    []  
325000    [5.19e-06, 2.93e-05]    [5.19e-06, 0.00e+00]    []  
326000    [1.99e-06, 6.11e-06]    [1.99e-06, 0.00e+00]    []  
327000    [3.08e-06, 7.28e-06]    [3.08e-06, 0.00e+00]    []  
328000    [1.94e-06, 5.85e-06]    [1.94e-06, 0.00e+00]    []  
329000    [1.91e-06, 5.84e-06]    [1.91e-06, 0.00e+00]    []  
330000    [2.74e-06, 1.32e-05]    [2.74e-06, 0.00e+00]    []  
331000    [2.50e-06, 6.39e-06]    [2.50e-06, 0.00e+00]    []  
332000    [1.99e-06, 5.87e-06]    [1.99e-06, 0.00e+00]    []  
333000    [1.90e-06, 5.83e-06]    [1.90e-06, 0.00e+00]    []  
334000    [1.92e-06, 5.93e-06]    [1.92e-06, 0.00e+00]    []  
335000    [2.92e-06, 6.86e-06]    [2.92e-06, 0.00e+00]    []  
336000    [3.74e-06, 9.83e-06]    [3.74e-06, 0.00e+00]    []  
337000    [1.90e-06, 5.84e-06]    [1.90e-06, 0.00e+00]    []  
338000    [1.30e-05, 1.77e-05]    [1.30e-05, 0.00e+00]    []  
339000    [2.01e-06, 6.17e-06]    [2.01e-06, 0.00e+00]    []  
340000    [3.04e-06, 9.48e-06]    [3.04e-06, 0.00e+00]    []  
341000    [2.12e-06, 6.11e-06]    [2.12e-06, 0.00e+00]    []  
342000    [2.12e-06, 5.96e-06]    [2.12e-06, 0.00e+00]    []  
343000    [1.87e-06, 5.86e-06]    [1.87e-06, 0.00e+00]    []  
344000    [1.86e-06, 5.80e-06]    [1.86e-06, 0.00e+00]    []  
345000    [3.03e-06, 7.29e-06]    [3.03e-06, 0.00e+00]    []  
346000    [2.89e-06, 7.16e-06]    [2.89e-06, 0.00e+00]    []  
347000    [3.27e-06, 7.91e-06]    [3.27e-06, 0.00e+00]    []  
348000    [1.84e-06, 5.81e-06]    [1.84e-06, 0.00e+00]    []  
349000    [2.14e-06, 1.80e-05]    [2.14e-06, 0.00e+00]    []  
350000    [2.09e-06, 6.73e-06]    [2.09e-06, 0.00e+00]    []  
351000    [2.90e-06, 7.94e-06]    [2.90e-06, 0.00e+00]    []  
352000    [3.55e-04, 3.87e-04]    [3.55e-04, 0.00e+00]    []  
353000    [1.93e-06, 6.34e-06]    [1.93e-06, 0.00e+00]    []  
354000    [1.83e-06, 5.85e-06]    [1.83e-06, 0.00e+00]    []  
355000    [1.93e-06, 5.87e-06]    [1.93e-06, 0.00e+00]    []  
356000    [1.87e-06, 5.94e-06]    [1.87e-06, 0.00e+00]    []  
357000    [1.80e-06, 5.78e-06]    [1.80e-06, 0.00e+00]    []  
358000    [4.66e-06, 1.01e-05]    [4.66e-06, 0.00e+00]    []  
359000    [1.96e-06, 5.88e-06]    [1.96e-06, 0.00e+00]    []  
360000    [1.80e-06, 5.78e-06]    [1.80e-06, 0.00e+00]    []  
361000    [1.81e-06, 5.80e-06]    [1.81e-06, 0.00e+00]    []  
362000    [1.79e-06, 5.95e-06]    [1.79e-06, 0.00e+00]    []  
363000    [2.32e-06, 6.48e-06]    [2.32e-06, 0.00e+00]    []  
364000    [2.38e-06, 6.40e-06]    [2.38e-06, 0.00e+00]    []  
365000    [1.79e-06, 5.77e-06]    [1.79e-06, 0.00e+00]    []  
366000    [1.78e-06, 5.75e-06]    [1.78e-06, 0.00e+00]    []  
367000    [3.23e-06, 7.09e-06]    [3.23e-06, 0.00e+00]    []  
368000    [3.86e-06, 1.23e-05]    [3.86e-06, 0.00e+00]    []  
369000    [1.92e-06, 6.28e-06]    [1.92e-06, 0.00e+00]    []  
370000    [2.60e-06, 6.79e-06]    [2.60e-06, 0.00e+00]    []  
371000    [1.75e-06, 5.75e-06]    [1.75e-06, 0.00e+00]    []  
372000    [1.81e-06, 6.65e-06]    [1.81e-06, 0.00e+00]    []  
373000    [2.13e-06, 6.15e-06]    [2.13e-06, 0.00e+00]    []  
374000    [2.49e-06, 7.27e-06]    [2.49e-06, 0.00e+00]    []  
375000    [1.76e-06, 5.77e-06]    [1.76e-06, 0.00e+00]    []  
376000    [1.76e-06, 5.87e-06]    [1.76e-06, 0.00e+00]    []  
377000    [4.39e-06, 8.17e-06]    [4.39e-06, 0.00e+00]    []  
378000    [3.40e-06, 7.69e-06]    [3.40e-06, 0.00e+00]    []  
379000    [1.75e-06, 5.79e-06]    [1.75e-06, 0.00e+00]    []  
380000    [1.95e-05, 2.78e-05]    [1.95e-05, 0.00e+00]    []  
381000    [1.84e-06, 6.17e-06]    [1.84e-06, 0.00e+00]    []  
382000    [1.96e-06, 5.90e-06]    [1.96e-06, 0.00e+00]    []  
383000    [2.38e-06, 6.39e-06]    [2.38e-06, 0.00e+00]    []  
384000    [2.19e-06, 6.42e-06]    [2.19e-06, 0.00e+00]    []  
385000    [1.73e-06, 5.72e-06]    [1.73e-06, 0.00e+00]    []  
386000    [1.75e-06, 5.96e-06]    [1.75e-06, 0.00e+00]    []  
387000    [2.64e-06, 6.86e-06]    [2.64e-06, 0.00e+00]    []  
388000    [2.53e-06, 7.75e-06]    [2.53e-06, 0.00e+00]    []  
389000    [1.75e-06, 5.87e-06]    [1.75e-06, 0.00e+00]    []  
390000    [1.72e-06, 5.71e-06]    [1.72e-06, 0.00e+00]    []  
391000    [1.91e-06, 5.90e-06]    [1.91e-06, 0.00e+00]    []  
392000    [5.08e-06, 1.10e-05]    [5.08e-06, 0.00e+00]    []  
393000    [1.72e-06, 5.71e-06]    [1.72e-06, 0.00e+00]    []  
394000    [1.77e-06, 5.80e-06]    [1.77e-06, 0.00e+00]    []  
395000    [1.73e-06, 5.72e-06]    [1.73e-06, 0.00e+00]    []  
396000    [1.70e-06, 5.69e-06]    [1.70e-06, 0.00e+00]    []  
397000    [2.21e-06, 6.27e-06]    [2.21e-06, 0.00e+00]    []  
398000    [7.08e-06, 1.13e-05]    [7.08e-06, 0.00e+00]    []  
399000    [2.01e-06, 6.47e-06]    [2.01e-06, 0.00e+00]    []  
400000    [1.88e-06, 5.80e-06]    [1.88e-06, 0.00e+00]    []  

Best model at step 396000:
  train loss: 7.40e-06
  test loss: 1.70e-06
  test metric: []

'train' took 7556.142753 s

Compiling model...
'compile' took 1.072350 s

Training model...

Step      Train loss              Test loss               Test metric
400000    [1.88e-06, 5.80e-06]    [1.88e-06, 0.00e+00]    []  
401000    [1.71e-06, 5.70e-06]    [1.71e-06, 0.00e+00]    []  
402000    [1.70e-06, 5.69e-06]    [1.70e-06, 0.00e+00]    []  
403000    [1.73e-06, 6.23e-06]    [1.73e-06, 0.00e+00]    []  
404000    [1.71e-06, 5.93e-06]    [1.71e-06, 0.00e+00]    []  
405000    [1.68e-06, 5.66e-06]    [1.68e-06, 0.00e+00]    []  
406000    [1.68e-06, 5.65e-06]    [1.68e-06, 0.00e+00]    []  
407000    [1.70e-06, 5.71e-06]    [1.70e-06, 0.00e+00]    []  
408000    [2.22e-06, 6.50e-06]    [2.22e-06, 0.00e+00]    []  
409000    [1.66e-06, 5.65e-06]    [1.66e-06, 0.00e+00]    []  
410000    [1.68e-06, 5.68e-06]    [1.68e-06, 0.00e+00]    []  
411000    [1.89e-06, 6.36e-06]    [1.89e-06, 0.00e+00]    []  
412000    [2.23e-05, 2.40e-05]    [2.23e-05, 0.00e+00]    []  
413000    [1.63e-06, 5.62e-06]    [1.63e-06, 0.00e+00]    []  
414000    [1.63e-06, 5.81e-06]    [1.63e-06, 0.00e+00]    []  
415000    [1.75e-06, 6.26e-06]    [1.75e-06, 0.00e+00]    []  
416000    [1.61e-06, 5.64e-06]    [1.61e-06, 0.00e+00]    []  
417000    [1.87e-06, 1.18e-05]    [1.87e-06, 0.00e+00]    []  
418000    [1.62e-06, 5.63e-06]    [1.62e-06, 0.00e+00]    []  
419000    [1.61e-06, 5.68e-06]    [1.61e-06, 0.00e+00]    []  
420000    [1.61e-06, 5.69e-06]    [1.61e-06, 0.00e+00]    []  
421000    [1.69e-06, 5.72e-06]    [1.69e-06, 0.00e+00]    []  
422000    [1.59e-06, 5.60e-06]    [1.59e-06, 0.00e+00]    []  
423000    [2.27e-06, 6.94e-06]    [2.27e-06, 0.00e+00]    []  
424000    [2.16e-06, 7.72e-06]    [2.16e-06, 0.00e+00]    []  
425000    [1.91e-06, 6.83e-06]    [1.91e-06, 0.00e+00]    []  
426000    [1.73e-06, 8.10e-06]    [1.73e-06, 0.00e+00]    []  
427000    [1.57e-06, 5.59e-06]    [1.57e-06, 0.00e+00]    []  
428000    [1.57e-06, 5.59e-06]    [1.57e-06, 0.00e+00]    []  
429000    [1.71e-06, 5.80e-06]    [1.71e-06, 0.00e+00]    []  
430000    [2.65e-06, 6.75e-06]    [2.65e-06, 0.00e+00]    []  
431000    [1.89e-06, 5.97e-06]    [1.89e-06, 0.00e+00]    []  
432000    [1.55e-06, 5.58e-06]    [1.55e-06, 0.00e+00]    []  
433000    [1.55e-06, 5.58e-06]    [1.55e-06, 0.00e+00]    []  
434000    [1.56e-06, 5.59e-06]    [1.56e-06, 0.00e+00]    []  
435000    [1.64e-06, 5.74e-06]    [1.64e-06, 0.00e+00]    []  
436000    [1.56e-06, 5.66e-06]    [1.56e-06, 0.00e+00]    []  
437000    [1.67e-06, 7.03e-06]    [1.67e-06, 0.00e+00]    []  
438000    [1.62e-06, 7.40e-06]    [1.62e-06, 0.00e+00]    []  
439000    [2.83e-06, 7.44e-06]    [2.83e-06, 0.00e+00]    []  
440000    [1.54e-06, 5.83e-06]    [1.54e-06, 0.00e+00]    []  
441000    [1.52e-06, 5.57e-06]    [1.52e-06, 0.00e+00]    []  
442000    [1.53e-06, 5.64e-06]    [1.53e-06, 0.00e+00]    []  
443000    [2.42e-06, 6.61e-06]    [2.42e-06, 0.00e+00]    []  
444000    [1.52e-06, 5.57e-06]    [1.52e-06, 0.00e+00]    []  
445000    [1.63e-06, 6.00e-06]    [1.63e-06, 0.00e+00]    []  
446000    [1.59e-06, 5.62e-06]    [1.59e-06, 0.00e+00]    []  
447000    [1.55e-06, 5.73e-06]    [1.55e-06, 0.00e+00]    []  
448000    [1.54e-06, 6.35e-06]    [1.54e-06, 0.00e+00]    []  
449000    [1.51e-06, 5.56e-06]    [1.51e-06, 0.00e+00]    []  
450000    [1.69e-06, 5.92e-06]    [1.69e-06, 0.00e+00]    []  
451000    [1.69e-06, 7.17e-06]    [1.69e-06, 0.00e+00]    []  
452000    [1.50e-06, 5.56e-06]    [1.50e-06, 0.00e+00]    []  
453000    [1.50e-06, 5.79e-06]    [1.50e-06, 0.00e+00]    []  
454000    [1.50e-06, 5.57e-06]    [1.50e-06, 0.00e+00]    []  
455000    [1.49e-06, 5.55e-06]    [1.49e-06, 0.00e+00]    []  
456000    [2.43e-06, 7.87e-06]    [2.43e-06, 0.00e+00]    []  
457000    [1.51e-06, 5.59e-06]    [1.51e-06, 0.00e+00]    []  
458000    [1.48e-06, 5.54e-06]    [1.48e-06, 0.00e+00]    []  
459000    [1.93e-06, 9.54e-06]    [1.93e-06, 0.00e+00]    []  
460000    [1.67e-06, 6.42e-06]    [1.67e-06, 0.00e+00]    []  
461000    [1.81e-06, 5.83e-06]    [1.81e-06, 0.00e+00]    []  
462000    [1.47e-06, 5.56e-06]    [1.47e-06, 0.00e+00]    []  
463000    [1.47e-06, 5.54e-06]    [1.47e-06, 0.00e+00]    []  
464000    [1.73e-06, 6.01e-06]    [1.73e-06, 0.00e+00]    []  
465000    [1.67e-06, 6.03e-06]    [1.67e-06, 0.00e+00]    []  
466000    [1.61e-06, 5.60e-06]    [1.61e-06, 0.00e+00]    []  
467000    [1.49e-06, 5.55e-06]    [1.49e-06, 0.00e+00]    []  
468000    [1.46e-06, 5.53e-06]    [1.46e-06, 0.00e+00]    []  
469000    [1.48e-06, 5.62e-06]    [1.48e-06, 0.00e+00]    []  
470000    [1.51e-06, 5.67e-06]    [1.51e-06, 0.00e+00]    []  
471000    [1.46e-06, 5.54e-06]    [1.46e-06, 0.00e+00]    []  
472000    [1.66e-06, 5.89e-06]    [1.66e-06, 0.00e+00]    []  
473000    [1.45e-06, 5.55e-06]    [1.45e-06, 0.00e+00]    []  
474000    [1.52e-06, 5.61e-06]    [1.52e-06, 0.00e+00]    []  
475000    [1.57e-06, 5.68e-06]    [1.57e-06, 0.00e+00]    []  
476000    [1.44e-06, 5.53e-06]    [1.44e-06, 0.00e+00]    []  
477000    [2.90e-06, 9.36e-06]    [2.90e-06, 0.00e+00]    []  
478000    [1.45e-06, 5.82e-06]    [1.45e-06, 0.00e+00]    []  
479000    [1.46e-06, 5.53e-06]    [1.46e-06, 0.00e+00]    []  
480000    [1.56e-06, 5.75e-06]    [1.56e-06, 0.00e+00]    []  
481000    [2.50e-06, 6.85e-06]    [2.50e-06, 0.00e+00]    []  
482000    [1.61e-06, 1.09e-05]    [1.61e-06, 0.00e+00]    []  
483000    [1.46e-06, 6.28e-06]    [1.46e-06, 0.00e+00]    []  
484000    [1.44e-06, 5.60e-06]    [1.44e-06, 0.00e+00]    []  
485000    [1.43e-06, 5.52e-06]    [1.43e-06, 0.00e+00]    []  
486000    [1.48e-06, 5.73e-06]    [1.48e-06, 0.00e+00]    []  
487000    [1.55e-06, 5.65e-06]    [1.55e-06, 0.00e+00]    []  
488000    [1.44e-06, 5.52e-06]    [1.44e-06, 0.00e+00]    []  
489000    [1.46e-06, 5.92e-06]    [1.46e-06, 0.00e+00]    []  
490000    [1.43e-06, 5.60e-06]    [1.43e-06, 0.00e+00]    []  
491000    [1.45e-06, 5.55e-06]    [1.45e-06, 0.00e+00]    []  
492000    [1.74e-06, 7.95e-06]    [1.74e-06, 0.00e+00]    []  
493000    [1.51e-06, 5.65e-06]    [1.51e-06, 0.00e+00]    []  
494000    [1.42e-06, 5.55e-06]    [1.42e-06, 0.00e+00]    []  
495000    [1.41e-06, 5.51e-06]    [1.41e-06, 0.00e+00]    []  
496000    [2.14e-06, 6.42e-06]    [2.14e-06, 0.00e+00]    []  
497000    [1.71e-06, 6.24e-06]    [1.71e-06, 0.00e+00]    []  
498000    [1.53e-06, 6.07e-06]    [1.53e-06, 0.00e+00]    []  
499000    [1.41e-06, 5.52e-06]    [1.41e-06, 0.00e+00]    []  
500000    [1.40e-06, 5.52e-06]    [1.40e-06, 0.00e+00]    []  
501000    [1.41e-06, 5.51e-06]    [1.41e-06, 0.00e+00]    []  
502000    [1.52e-06, 5.73e-06]    [1.52e-06, 0.00e+00]    []  
503000    [1.59e-06, 6.02e-06]    [1.59e-06, 0.00e+00]    []  
504000    [1.41e-06, 5.52e-06]    [1.41e-06, 0.00e+00]    []  
505000    [1.70e-06, 6.19e-06]    [1.70e-06, 0.00e+00]    []  
506000    [1.39e-06, 5.51e-06]    [1.39e-06, 0.00e+00]    []  
507000    [1.41e-06, 5.53e-06]    [1.41e-06, 0.00e+00]    []  
508000    [1.42e-06, 5.52e-06]    [1.42e-06, 0.00e+00]    []  
509000    [1.40e-06, 5.55e-06]    [1.40e-06, 0.00e+00]    []  
510000    [1.45e-06, 5.58e-06]    [1.45e-06, 0.00e+00]    []  
511000    [1.52e-06, 5.72e-06]    [1.52e-06, 0.00e+00]    []  
512000    [1.41e-06, 6.09e-06]    [1.41e-06, 0.00e+00]    []  
513000    [1.63e-06, 7.16e-06]    [1.63e-06, 0.00e+00]    []  
514000    [1.40e-06, 5.65e-06]    [1.40e-06, 0.00e+00]    []  
515000    [1.44e-06, 7.02e-06]    [1.44e-06, 0.00e+00]    []  
516000    [1.39e-06, 5.62e-06]    [1.39e-06, 0.00e+00]    []  
517000    [1.41e-06, 5.52e-06]    [1.41e-06, 0.00e+00]    []  
518000    [1.38e-06, 5.50e-06]    [1.38e-06, 0.00e+00]    []  
519000    [1.38e-06, 5.50e-06]    [1.38e-06, 0.00e+00]    []  
520000    [1.42e-06, 5.57e-06]    [1.42e-06, 0.00e+00]    []  
521000    [1.37e-06, 5.50e-06]    [1.37e-06, 0.00e+00]    []  
522000    [1.47e-06, 6.91e-06]    [1.47e-06, 0.00e+00]    []  
523000    [1.52e-06, 6.55e-06]    [1.52e-06, 0.00e+00]    []  
524000    [1.40e-06, 5.54e-06]    [1.40e-06, 0.00e+00]    []  
525000    [1.54e-06, 5.75e-06]    [1.54e-06, 0.00e+00]    []  
526000    [1.37e-06, 5.49e-06]    [1.37e-06, 0.00e+00]    []  
527000    [1.37e-06, 5.49e-06]    [1.37e-06, 0.00e+00]    []  
528000    [1.76e-06, 6.41e-06]    [1.76e-06, 0.00e+00]    []  
529000    [1.49e-06, 5.76e-06]    [1.49e-06, 0.00e+00]    []  
530000    [1.36e-06, 5.49e-06]    [1.36e-06, 0.00e+00]    []  
531000    [1.36e-06, 5.50e-06]    [1.36e-06, 0.00e+00]    []  
532000    [2.67e-06, 9.02e-06]    [2.67e-06, 0.00e+00]    []  
533000    [1.85e-06, 6.61e-06]    [1.85e-06, 0.00e+00]    []  
534000    [1.36e-06, 5.49e-06]    [1.36e-06, 0.00e+00]    []  
535000    [1.44e-06, 5.62e-06]    [1.44e-06, 0.00e+00]    []  
536000    [1.40e-06, 5.56e-06]    [1.40e-06, 0.00e+00]    []  
537000    [1.36e-06, 5.49e-06]    [1.36e-06, 0.00e+00]    []  
538000    [1.46e-06, 5.86e-06]    [1.46e-06, 0.00e+00]    []  
539000    [1.43e-06, 5.53e-06]    [1.43e-06, 0.00e+00]    []  
540000    [1.35e-06, 5.49e-06]    [1.35e-06, 0.00e+00]    []  
541000    [1.39e-06, 5.59e-06]    [1.39e-06, 0.00e+00]    []  
542000    [1.52e-06, 8.07e-06]    [1.52e-06, 0.00e+00]    []  
543000    [1.85e-06, 6.00e-06]    [1.85e-06, 0.00e+00]    []  
544000    [1.37e-06, 5.56e-06]    [1.37e-06, 0.00e+00]    []  
545000    [1.43e-06, 5.58e-06]    [1.43e-06, 0.00e+00]    []  
546000    [1.40e-06, 6.01e-06]    [1.40e-06, 0.00e+00]    []  
547000    [1.36e-06, 5.51e-06]    [1.36e-06, 0.00e+00]    []  
548000    [1.51e-06, 5.77e-06]    [1.51e-06, 0.00e+00]    []  
549000    [1.34e-06, 5.50e-06]    [1.34e-06, 0.00e+00]    []  
550000    [1.35e-06, 6.26e-06]    [1.35e-06, 0.00e+00]    []  
551000    [1.36e-06, 5.52e-06]    [1.36e-06, 0.00e+00]    []  
552000    [1.71e-06, 5.89e-06]    [1.71e-06, 0.00e+00]    []  
553000    [1.01e-05, 1.38e-05]    [1.01e-05, 0.00e+00]    []  
554000    [1.44e-06, 6.15e-06]    [1.44e-06, 0.00e+00]    []  
555000    [1.34e-06, 5.53e-06]    [1.34e-06, 0.00e+00]    []  
556000    [1.34e-06, 5.50e-06]    [1.34e-06, 0.00e+00]    []  
557000    [2.01e-06, 6.48e-06]    [2.01e-06, 0.00e+00]    []  
558000    [1.36e-06, 5.51e-06]    [1.36e-06, 0.00e+00]    []  
559000    [1.33e-06, 5.48e-06]    [1.33e-06, 0.00e+00]    []  
560000    [1.39e-06, 5.54e-06]    [1.39e-06, 0.00e+00]    []  
561000    [1.52e-06, 6.07e-06]    [1.52e-06, 0.00e+00]    []  
562000    [1.61e-06, 5.92e-06]    [1.61e-06, 0.00e+00]    []  
563000    [1.32e-06, 5.48e-06]    [1.32e-06, 0.00e+00]    []  
564000    [2.20e-06, 6.56e-06]    [2.20e-06, 0.00e+00]    []  
565000    [1.43e-06, 6.12e-06]    [1.43e-06, 0.00e+00]    []  
566000    [1.32e-06, 5.48e-06]    [1.32e-06, 0.00e+00]    []  
567000    [1.32e-06, 5.54e-06]    [1.32e-06, 0.00e+00]    []  
568000    [1.46e-06, 5.71e-06]    [1.46e-06, 0.00e+00]    []  
569000    [1.39e-06, 5.70e-06]    [1.39e-06, 0.00e+00]    []  
570000    [1.46e-06, 6.39e-06]    [1.46e-06, 0.00e+00]    []  
571000    [1.31e-06, 5.47e-06]    [1.31e-06, 0.00e+00]    []  
572000    [1.44e-06, 5.81e-06]    [1.44e-06, 0.00e+00]    []  
573000    [1.71e-06, 5.93e-06]    [1.71e-06, 0.00e+00]    []  
574000    [1.32e-06, 5.48e-06]    [1.32e-06, 0.00e+00]    []  
575000    [1.31e-06, 5.59e-06]    [1.31e-06, 0.00e+00]    []  
576000    [1.31e-06, 5.47e-06]    [1.31e-06, 0.00e+00]    []  
577000    [1.31e-06, 5.47e-06]    [1.31e-06, 0.00e+00]    []  
578000    [1.31e-06, 5.56e-06]    [1.31e-06, 0.00e+00]    []  
579000    [1.36e-06, 5.69e-06]    [1.36e-06, 0.00e+00]    []  
580000    [1.36e-06, 5.90e-06]    [1.36e-06, 0.00e+00]    []  
581000    [1.30e-06, 5.47e-06]    [1.30e-06, 0.00e+00]    []  
582000    [1.30e-06, 5.48e-06]    [1.30e-06, 0.00e+00]    []  
583000    [1.34e-06, 5.50e-06]    [1.34e-06, 0.00e+00]    []  
584000    [1.30e-06, 5.47e-06]    [1.30e-06, 0.00e+00]    []  
585000    [1.56e-06, 5.70e-06]    [1.56e-06, 0.00e+00]    []  
586000    [1.46e-06, 7.51e-06]    [1.46e-06, 0.00e+00]    []  
587000    [1.30e-06, 5.47e-06]    [1.30e-06, 0.00e+00]    []  
588000    [1.58e-06, 8.78e-06]    [1.58e-06, 0.00e+00]    []  
589000    [1.38e-06, 5.67e-06]    [1.38e-06, 0.00e+00]    []  
590000    [1.35e-06, 5.64e-06]    [1.35e-06, 0.00e+00]    []  
591000    [2.22e-06, 6.44e-06]    [2.22e-06, 0.00e+00]    []  
592000    [3.52e-06, 7.98e-06]    [3.52e-06, 0.00e+00]    []  
593000    [1.30e-06, 5.53e-06]    [1.30e-06, 0.00e+00]    []  
594000    [7.42e-06, 1.06e-05]    [7.42e-06, 0.00e+00]    []  
595000    [1.31e-06, 5.48e-06]    [1.31e-06, 0.00e+00]    []  
596000    [1.34e-06, 6.27e-06]    [1.34e-06, 0.00e+00]    []  
597000    [1.29e-06, 5.46e-06]    [1.29e-06, 0.00e+00]    []  
598000    [2.73e-06, 6.96e-06]    [2.73e-06, 0.00e+00]    []  
599000    [1.31e-06, 5.50e-06]    [1.31e-06, 0.00e+00]    []  
600000    [1.62e-06, 7.64e-06]    [1.62e-06, 0.00e+00]    []  
601000    [1.31e-06, 5.77e-06]    [1.31e-06, 0.00e+00]    []  
602000    [1.32e-06, 5.62e-06]    [1.32e-06, 0.00e+00]    []  
603000    [1.36e-06, 5.62e-06]    [1.36e-06, 0.00e+00]    []  
604000    [1.32e-06, 6.22e-06]    [1.32e-06, 0.00e+00]    []  
605000    [1.33e-06, 5.52e-06]    [1.33e-06, 0.00e+00]    []  
606000    [5.03e-06, 1.65e-05]    [5.03e-06, 0.00e+00]    []  
607000    [1.31e-06, 5.51e-06]    [1.31e-06, 0.00e+00]    []  
608000    [1.28e-06, 5.47e-06]    [1.28e-06, 0.00e+00]    []  
609000    [1.28e-06, 5.48e-06]    [1.28e-06, 0.00e+00]    []  
610000    [1.44e-06, 5.68e-06]    [1.44e-06, 0.00e+00]    []  
611000    [1.59e-06, 6.52e-06]    [1.59e-06, 0.00e+00]    []  
612000    [1.28e-06, 5.46e-06]    [1.28e-06, 0.00e+00]    []  
613000    [1.29e-06, 5.48e-06]    [1.29e-06, 0.00e+00]    []  
614000    [1.31e-06, 5.51e-06]    [1.31e-06, 0.00e+00]    []  
615000    [1.30e-06, 5.50e-06]    [1.30e-06, 0.00e+00]    []  
616000    [1.52e-06, 5.74e-06]    [1.52e-06, 0.00e+00]    []  
617000    [1.42e-06, 7.90e-06]    [1.42e-06, 0.00e+00]    []  
618000    [1.41e-06, 6.05e-06]    [1.41e-06, 0.00e+00]    []  
619000    [1.74e-06, 5.97e-06]    [1.74e-06, 0.00e+00]    []  
620000    [1.41e-06, 5.69e-06]    [1.41e-06, 0.00e+00]    []  
621000    [1.28e-06, 5.51e-06]    [1.28e-06, 0.00e+00]    []  
622000    [3.11e-06, 7.07e-06]    [3.11e-06, 0.00e+00]    []  
623000    [1.42e-06, 6.11e-06]    [1.42e-06, 0.00e+00]    []  
624000    [1.83e-06, 9.68e-06]    [1.83e-06, 0.00e+00]    []  
625000    [1.38e-06, 5.60e-06]    [1.38e-06, 0.00e+00]    []  
626000    [1.34e-06, 5.60e-06]    [1.34e-06, 0.00e+00]    []  
627000    [1.27e-06, 5.47e-06]    [1.27e-06, 0.00e+00]    []  
628000    [1.43e-06, 5.85e-06]    [1.43e-06, 0.00e+00]    []  
629000    [1.79e-06, 6.03e-06]    [1.79e-06, 0.00e+00]    []  
630000    [1.27e-06, 5.59e-06]    [1.27e-06, 0.00e+00]    []  
631000    [1.26e-06, 5.45e-06]    [1.26e-06, 0.00e+00]    []  
632000    [2.23e-06, 6.69e-06]    [2.23e-06, 0.00e+00]    []  
633000    [1.30e-06, 6.13e-06]    [1.30e-06, 0.00e+00]    []  
634000    [1.43e-06, 5.68e-06]    [1.43e-06, 0.00e+00]    []  
635000    [2.20e-06, 6.99e-06]    [2.20e-06, 0.00e+00]    []  
636000    [1.26e-06, 5.48e-06]    [1.26e-06, 0.00e+00]    []  
637000    [1.26e-06, 5.45e-06]    [1.26e-06, 0.00e+00]    []  
638000    [1.45e-06, 5.74e-06]    [1.45e-06, 0.00e+00]    []  
639000    [1.25e-06, 5.45e-06]    [1.25e-06, 0.00e+00]    []  
640000    [1.25e-06, 5.46e-06]    [1.25e-06, 0.00e+00]    []  
641000    [1.82e-06, 6.08e-06]    [1.82e-06, 0.00e+00]    []  
642000    [1.62e-06, 5.75e-06]    [1.62e-06, 0.00e+00]    []  
643000    [1.51e-06, 5.69e-06]    [1.51e-06, 0.00e+00]    []  
644000    [1.25e-06, 5.45e-06]    [1.25e-06, 0.00e+00]    []  
645000    [2.37e-06, 6.74e-06]    [2.37e-06, 0.00e+00]    []  
646000    [1.27e-06, 5.46e-06]    [1.27e-06, 0.00e+00]    []  
647000    [1.29e-06, 6.28e-06]    [1.29e-06, 0.00e+00]    []  
648000    [1.29e-06, 5.50e-06]    [1.29e-06, 0.00e+00]    []  
649000    [1.49e-05, 5.53e-05]    [1.49e-05, 0.00e+00]    []  
650000    [1.25e-06, 5.49e-06]    [1.25e-06, 0.00e+00]    []  
651000    [1.26e-06, 5.47e-06]    [1.26e-06, 0.00e+00]    []  
652000    [1.64e-06, 6.43e-06]    [1.64e-06, 0.00e+00]    []  
653000    [1.33e-06, 6.83e-06]    [1.33e-06, 0.00e+00]    []  
654000    [1.24e-06, 5.45e-06]    [1.24e-06, 0.00e+00]    []  
655000    [1.25e-06, 5.46e-06]    [1.25e-06, 0.00e+00]    []  
656000    [1.31e-06, 5.78e-06]    [1.31e-06, 0.00e+00]    []  
657000    [1.30e-06, 5.53e-06]    [1.30e-06, 0.00e+00]    []  
658000    [1.28e-06, 5.52e-06]    [1.28e-06, 0.00e+00]    []  
659000    [1.24e-06, 5.46e-06]    [1.24e-06, 0.00e+00]    []  
660000    [1.76e-06, 5.77e-06]    [1.76e-06, 0.00e+00]    []  
661000    [1.27e-06, 5.48e-06]    [1.27e-06, 0.00e+00]    []  
662000    [1.31e-06, 5.60e-06]    [1.31e-06, 0.00e+00]    []  
663000    [1.30e-06, 5.56e-06]    [1.30e-06, 0.00e+00]    []  
664000    [1.24e-06, 5.44e-06]    [1.24e-06, 0.00e+00]    []  
665000    [1.45e-06, 8.50e-06]    [1.45e-06, 0.00e+00]    []  
666000    [1.59e-06, 5.88e-06]    [1.59e-06, 0.00e+00]    []  
667000    [1.37e-06, 8.04e-06]    [1.37e-06, 0.00e+00]    []  
668000    [1.32e-06, 8.69e-06]    [1.32e-06, 0.00e+00]    []  
669000    [1.26e-06, 5.97e-06]    [1.26e-06, 0.00e+00]    []  
670000    [1.44e-06, 5.64e-06]    [1.44e-06, 0.00e+00]    []  
671000    [1.26e-06, 5.47e-06]    [1.26e-06, 0.00e+00]    []  
672000    [1.52e-06, 5.71e-06]    [1.52e-06, 0.00e+00]    []  
673000    [1.29e-06, 5.50e-06]    [1.29e-06, 0.00e+00]    []  
674000    [1.23e-06, 5.44e-06]    [1.23e-06, 0.00e+00]    []  
675000    [1.31e-06, 6.13e-06]    [1.31e-06, 0.00e+00]    []  
676000    [1.23e-06, 5.46e-06]    [1.23e-06, 0.00e+00]    []  
677000    [1.32e-06, 5.59e-06]    [1.32e-06, 0.00e+00]    []  
678000    [1.50e-06, 7.75e-06]    [1.50e-06, 0.00e+00]    []  
679000    [1.23e-06, 5.45e-06]    [1.23e-06, 0.00e+00]    []  
680000    [1.25e-06, 5.46e-06]    [1.25e-06, 0.00e+00]    []  
681000    [1.36e-06, 5.49e-06]    [1.36e-06, 0.00e+00]    []  
682000    [1.25e-06, 5.47e-06]    [1.25e-06, 0.00e+00]    []  
683000    [1.23e-06, 5.46e-06]    [1.23e-06, 0.00e+00]    []  
684000    [2.16e-06, 6.59e-06]    [2.16e-06, 0.00e+00]    []  
685000    [1.22e-06, 5.44e-06]    [1.22e-06, 0.00e+00]    []  
686000    [1.47e-06, 5.70e-06]    [1.47e-06, 0.00e+00]    []  
687000    [1.26e-06, 5.46e-06]    [1.26e-06, 0.00e+00]    []  
688000    [1.24e-06, 5.48e-06]    [1.24e-06, 0.00e+00]    []  
689000    [1.22e-06, 5.44e-06]    [1.22e-06, 0.00e+00]    []  
690000    [1.22e-06, 5.44e-06]    [1.22e-06, 0.00e+00]    []  
691000    [2.53e-06, 9.06e-06]    [2.53e-06, 0.00e+00]    []  
692000    [1.22e-06, 5.44e-06]    [1.22e-06, 0.00e+00]    []  
693000    [1.22e-06, 5.44e-06]    [1.22e-06, 0.00e+00]    []  
694000    [1.25e-06, 5.46e-06]    [1.25e-06, 0.00e+00]    []  
695000    [1.40e-06, 5.62e-06]    [1.40e-06, 0.00e+00]    []  
696000    [1.27e-06, 5.49e-06]    [1.27e-06, 0.00e+00]    []  
697000    [1.22e-06, 5.47e-06]    [1.22e-06, 0.00e+00]    []  
698000    [1.26e-06, 5.48e-06]    [1.26e-06, 0.00e+00]    []  
699000    [1.22e-06, 5.47e-06]    [1.22e-06, 0.00e+00]    []  
700000    [1.26e-06, 5.53e-06]    [1.26e-06, 0.00e+00]    []  
701000    [1.52e-06, 7.34e-06]    [1.52e-06, 0.00e+00]    []  
702000    [1.46e-06, 5.67e-06]    [1.46e-06, 0.00e+00]    []  
703000    [1.21e-06, 5.44e-06]    [1.21e-06, 0.00e+00]    []  
704000    [1.24e-06, 5.50e-06]    [1.24e-06, 0.00e+00]    []  
705000    [1.54e-06, 5.68e-06]    [1.54e-06, 0.00e+00]    []  
706000    [1.24e-06, 5.75e-06]    [1.24e-06, 0.00e+00]    []  
707000    [2.89e-06, 1.52e-05]    [2.89e-06, 0.00e+00]    []  
708000    [1.27e-06, 5.48e-06]    [1.27e-06, 0.00e+00]    []  
709000    [1.22e-06, 5.45e-06]    [1.22e-06, 0.00e+00]    []  
710000    [1.21e-06, 5.44e-06]    [1.21e-06, 0.00e+00]    []  
711000    [1.30e-06, 5.51e-06]    [1.30e-06, 0.00e+00]    []  
712000    [2.21e-06, 6.45e-06]    [2.21e-06, 0.00e+00]    []  
713000    [1.22e-06, 5.46e-06]    [1.22e-06, 0.00e+00]    []  
714000    [1.63e-06, 6.44e-06]    [1.63e-06, 0.00e+00]    []  
715000    [1.34e-06, 5.56e-06]    [1.34e-06, 0.00e+00]    []  
716000    [1.20e-06, 5.44e-06]    [1.20e-06, 0.00e+00]    []  
717000    [1.21e-06, 5.44e-06]    [1.21e-06, 0.00e+00]    []  
718000    [1.26e-06, 5.46e-06]    [1.26e-06, 0.00e+00]    []  
719000    [1.44e-06, 5.80e-06]    [1.44e-06, 0.00e+00]    []  
720000    [1.22e-06, 5.55e-06]    [1.22e-06, 0.00e+00]    []  
721000    [1.23e-06, 5.48e-06]    [1.23e-06, 0.00e+00]    []  
722000    [1.33e-06, 5.72e-06]    [1.33e-06, 0.00e+00]    []  
723000    [1.77e-06, 6.03e-06]    [1.77e-06, 0.00e+00]    []  
724000    [1.20e-06, 5.43e-06]    [1.20e-06, 0.00e+00]    []  
725000    [1.21e-06, 5.47e-06]    [1.21e-06, 0.00e+00]    []  
726000    [1.26e-06, 6.47e-06]    [1.26e-06, 0.00e+00]    []  
727000    [1.22e-06, 5.56e-06]    [1.22e-06, 0.00e+00]    []  
728000    [1.20e-06, 5.44e-06]    [1.20e-06, 0.00e+00]    []  
729000    [1.20e-06, 5.44e-06]    [1.20e-06, 0.00e+00]    []  
730000    [1.48e-06, 8.98e-06]    [1.48e-06, 0.00e+00]    []  
731000    [1.34e-06, 5.65e-06]    [1.34e-06, 0.00e+00]    []  
732000    [1.20e-06, 5.43e-06]    [1.20e-06, 0.00e+00]    []  
733000    [1.20e-06, 5.44e-06]    [1.20e-06, 0.00e+00]    []  
734000    [1.30e-06, 6.68e-06]    [1.30e-06, 0.00e+00]    []  
735000    [1.22e-06, 5.46e-06]    [1.22e-06, 0.00e+00]    []  
736000    [3.05e-06, 8.58e-06]    [3.05e-06, 0.00e+00]    []  
737000    [1.20e-06, 5.54e-06]    [1.20e-06, 0.00e+00]    []  
738000    [1.20e-06, 5.43e-06]    [1.20e-06, 0.00e+00]    []  
739000    [1.21e-06, 5.66e-06]    [1.21e-06, 0.00e+00]    []  
740000    [1.87e-06, 6.18e-06]    [1.87e-06, 0.00e+00]    []  
741000    [1.30e-06, 5.57e-06]    [1.30e-06, 0.00e+00]    []  
742000    [1.19e-05, 2.86e-05]    [1.19e-05, 0.00e+00]    []  
743000    [1.23e-06, 6.20e-06]    [1.23e-06, 0.00e+00]    []  
744000    [1.22e-06, 5.45e-06]    [1.22e-06, 0.00e+00]    []  
745000    [1.21e-06, 5.45e-06]    [1.21e-06, 0.00e+00]    []  
746000    [1.52e-06, 5.85e-06]    [1.52e-06, 0.00e+00]    []  
747000    [1.28e-06, 5.47e-06]    [1.28e-06, 0.00e+00]    []  
748000    [1.20e-06, 5.44e-06]    [1.20e-06, 0.00e+00]    []  
749000    [1.24e-06, 5.46e-06]    [1.24e-06, 0.00e+00]    []  
750000    [1.19e-06, 5.43e-06]    [1.19e-06, 0.00e+00]    []  
751000    [1.19e-06, 5.45e-06]    [1.19e-06, 0.00e+00]    []  
752000    [1.22e-06, 5.58e-06]    [1.22e-06, 0.00e+00]    []  
753000    [1.19e-06, 5.46e-06]    [1.19e-06, 0.00e+00]    []  
754000    [1.43e-06, 5.68e-06]    [1.43e-06, 0.00e+00]    []  
755000    [1.83e-06, 6.46e-06]    [1.83e-06, 0.00e+00]    []  
756000    [1.46e-06, 5.57e-06]    [1.46e-06, 0.00e+00]    []  
757000    [1.93e-06, 6.25e-06]    [1.93e-06, 0.00e+00]    []  
758000    [1.19e-06, 5.44e-06]    [1.19e-06, 0.00e+00]    []  
759000    [1.24e-06, 5.70e-06]    [1.24e-06, 0.00e+00]    []  
760000    [1.21e-06, 5.75e-06]    [1.21e-06, 0.00e+00]    []  
761000    [1.19e-06, 5.43e-06]    [1.19e-06, 0.00e+00]    []  
762000    [1.19e-06, 5.47e-06]    [1.19e-06, 0.00e+00]    []  
763000    [1.19e-06, 5.44e-06]    [1.19e-06, 0.00e+00]    []  
764000    [1.44e-06, 5.59e-06]    [1.44e-06, 0.00e+00]    []  
765000    [1.31e-06, 6.07e-06]    [1.31e-06, 0.00e+00]    []  
766000    [1.18e-06, 5.42e-06]    [1.18e-06, 0.00e+00]    []  
767000    [1.18e-06, 5.43e-06]    [1.18e-06, 0.00e+00]    []  
768000    [1.38e-06, 5.65e-06]    [1.38e-06, 0.00e+00]    []  
769000    [2.10e-06, 6.64e-06]    [2.10e-06, 0.00e+00]    []  
770000    [1.20e-06, 5.55e-06]    [1.20e-06, 0.00e+00]    []  
771000    [1.18e-06, 5.42e-06]    [1.18e-06, 0.00e+00]    []  
772000    [1.19e-06, 5.80e-06]    [1.19e-06, 0.00e+00]    []  
773000    [1.89e-06, 6.91e-06]    [1.89e-06, 0.00e+00]    []  
774000    [1.37e-06, 5.64e-06]    [1.37e-06, 0.00e+00]    []  
775000    [1.25e-06, 5.51e-06]    [1.25e-06, 0.00e+00]    []  
776000    [1.21e-06, 5.43e-06]    [1.21e-06, 0.00e+00]    []  
777000    [1.18e-06, 5.42e-06]    [1.18e-06, 0.00e+00]    []  
778000    [1.20e-06, 6.18e-06]    [1.20e-06, 0.00e+00]    []  
779000    [1.21e-06, 5.51e-06]    [1.21e-06, 0.00e+00]    []  
780000    [1.38e-06, 5.64e-06]    [1.38e-06, 0.00e+00]    []  
781000    [1.22e-06, 5.46e-06]    [1.22e-06, 0.00e+00]    []  
782000    [1.30e-06, 5.60e-06]    [1.30e-06, 0.00e+00]    []  
783000    [1.65e-06, 5.96e-06]    [1.65e-06, 0.00e+00]    []  
784000    [1.19e-06, 5.58e-06]    [1.19e-06, 0.00e+00]    []  
785000    [1.21e-06, 6.18e-06]    [1.21e-06, 0.00e+00]    []  
786000    [1.20e-06, 5.67e-06]    [1.20e-06, 0.00e+00]    []  
787000    [1.53e-06, 5.96e-06]    [1.53e-06, 0.00e+00]    []  
788000    [1.17e-06, 5.43e-06]    [1.17e-06, 0.00e+00]    []  
789000    [1.17e-06, 5.42e-06]    [1.17e-06, 0.00e+00]    []  
790000    [1.81e-06, 6.60e-06]    [1.81e-06, 0.00e+00]    []  
791000    [1.44e-06, 7.42e-06]    [1.44e-06, 0.00e+00]    []  
792000    [1.18e-06, 5.43e-06]    [1.18e-06, 0.00e+00]    []  
793000    [1.63e-06, 5.88e-06]    [1.63e-06, 0.00e+00]    []  
794000    [1.17e-06, 5.42e-06]    [1.17e-06, 0.00e+00]    []  
795000    [1.42e-06, 5.73e-06]    [1.42e-06, 0.00e+00]    []  
796000    [1.19e-06, 5.45e-06]    [1.19e-06, 0.00e+00]    []  
797000    [1.28e-06, 5.61e-06]    [1.28e-06, 0.00e+00]    []  
798000    [1.17e-06, 5.42e-06]    [1.17e-06, 0.00e+00]    []  
799000    [1.42e-06, 5.78e-06]    [1.42e-06, 0.00e+00]    []  
800000    [1.17e-06, 5.42e-06]    [1.17e-06, 0.00e+00]    []  

Best model at step 798000:
  train loss: 6.59e-06
  test loss: 1.17e-06
  test metric: []

'train' took 7543.275971 s

[?1049h[1;24r(B[m[4l[?7h[?1h=[39;49m[39;49m[97m[40m(B[m[39;49m[97m[40m[H[2J[37m[40m[J(B[m[39;49m[97m[40m[22d[93m[44mGetting http://127.0.0.1:37147/[K(B[m[39;49m[97m[40m[93m[44mLooking up 127.0.0.1:37147[K(B[m[39;49m[97m[40m[93m[44mMaking HTTP connection to 127.0.0.1:37147(B[m[39;49m[97m[40m[93m[44mSending HTTP request.[K(B[m[39;49m[97m[40m[93m[44mHTTP request sent; waiting for response.(B[m[39;49m[97m[40m

Warning: To use the exr data format, please install the OpenEXR package following the instructions detailed in the README at github.com/tensorflow/graphics.
Warning: To use the threejs_vizualization, please install the colabtools package following the instructions detailed in the README at github.com/tensorflow/graphics.
/data/homezvol2/andyz8/.local/lib/python3.8/site-packages/keras/legacy_tf_layers/core.py:236: UserWarning: `tf.layers.dense` is deprecated and will be removed in a future version. Please use `tf.keras.layers.Dense` instead.
  warnings.warn('`tf.layers.dense` is deprecated and '
/data/homezvol2/andyz8/.local/lib/python3.8/site-packages/keras/engine/base_layer_v1.py:1676: UserWarning: `layer.apply` is deprecated and will be removed in a future version. Please use `layer.__call__` method instead.
  warnings.warn('`layer.apply` is deprecated and '
----------------------------------------
Exception happened during processing of request from ('127.0.0.1', 42288)
Traceback (most recent call last):
  File "/data/homezvol2/andyz8/.conda/envs/tf2-gpu/lib/python3.8/socketserver.py", line 316, in _handle_request_noblock
    self.process_request(request, client_address)
  File "/data/homezvol2/andyz8/.conda/envs/tf2-gpu/lib/python3.8/socketserver.py", line 347, in process_request
    self.finish_request(request, client_address)
  File "/data/homezvol2/andyz8/.conda/envs/tf2-gpu/lib/python3.8/socketserver.py", line 360, in finish_request
    self.RequestHandlerClass(request, client_address, self)
  File "/data/homezvol2/andyz8/.conda/envs/tf2-gpu/lib/python3.8/socketserver.py", line 747, in __init__
    self.handle()
  File "/data/homezvol2/andyz8/.conda/envs/tf2-gpu/lib/python3.8/http/server.py", line 427, in handle
    self.handle_one_request()
  File "/data/homezvol2/andyz8/.conda/envs/tf2-gpu/lib/python3.8/http/server.py", line 415, in handle_one_request
    method()
  File "/data/homezvol2/andyz8/.conda/envs/tf2-gpu/lib/python3.8/site-packages/plotly/io/_base_renderers.py", line 677, in do_GET
    self.wfile.write(html[i : i + bufferSize])
  File "/data/homezvol2/andyz8/.conda/envs/tf2-gpu/lib/python3.8/socketserver.py", line 826, in write
    self._sock.sendall(b)
BrokenPipeError: [Errno 32] Broken pipe
----------------------------------------
[39;49m[K[24;1H[?1049l[?1l>