WARNING:tensorflow:From /data/homezvol2/andyz8/.local/lib/python3.8/site-packages/tensorflow/python/compat/v2_compat.py:101: disable_resource_variables (from tensorflow.python.ops.variable_scope) is deprecated and will be removed in a future version.
Instructions for updating:
non-resource variables are not supported in the long term
Using TensorFlow 2 backend.

./DDA/3D-MRI/inverse-spherical/inverse-ray/18/
Compiling model...
Building feed-forward neural network...
'build' took 0.094736 s

2022-08-17 16:14:04.603832: I tensorflow/core/platform/cpu_feature_guard.cc:142] This TensorFlow binary is optimized with oneAPI Deep Neural Network Library (oneDNN) to use the following CPU instructions in performance-critical operations:  AVX2 AVX512F FMA
To enable them in other operations, rebuild TensorFlow with the appropriate compiler flags.
2022-08-17 16:14:08.951338: I tensorflow/core/common_runtime/gpu/gpu_device.cc:1510] Created device /job:localhost/replica:0/task:0/device:GPU:0 with 14647 MB memory:  -> device: 0, name: Tesla V100-FHHL-16GB, pci bus id: 0000:12:00.0, compute capability: 7.0
'compile' took 6.247697 s

Initializing variables...
Training model...

Step      Train loss              Test loss               Test metric
0         [7.27e-02, 1.74e-01]    [7.27e-02, 0.00e+00]    []  
1000      [3.11e-03, 4.08e-03]    [3.11e-03, 0.00e+00]    []  
2000      [2.04e-03, 2.47e-03]    [2.04e-03, 0.00e+00]    []  
3000      [2.06e-03, 2.35e-03]    [2.06e-03, 0.00e+00]    []  
4000      [1.63e-03, 1.97e-03]    [1.63e-03, 0.00e+00]    []  
5000      [1.71e-03, 1.88e-03]    [1.71e-03, 0.00e+00]    []  
6000      [1.57e-03, 1.74e-03]    [1.57e-03, 0.00e+00]    []  
7000      [1.38e-03, 1.50e-03]    [1.38e-03, 0.00e+00]    []  
8000      [1.42e-03, 1.42e-03]    [1.42e-03, 0.00e+00]    []  
9000      [1.21e-03, 1.25e-03]    [1.21e-03, 0.00e+00]    []  
10000     [1.15e-03, 1.13e-03]    [1.15e-03, 0.00e+00]    []  
11000     [9.82e-04, 9.79e-04]    [9.82e-04, 0.00e+00]    []  
12000     [7.87e-04, 9.15e-04]    [7.87e-04, 0.00e+00]    []  
13000     [9.78e-04, 9.20e-04]    [9.78e-04, 0.00e+00]    []  
14000     [7.87e-04, 8.06e-04]    [7.87e-04, 0.00e+00]    []  
15000     [1.03e-03, 8.36e-04]    [1.03e-03, 0.00e+00]    []  
16000     [8.07e-04, 7.51e-04]    [8.07e-04, 0.00e+00]    []  
17000     [7.20e-04, 7.03e-04]    [7.20e-04, 0.00e+00]    []  
18000     [5.44e-04, 5.69e-04]    [5.44e-04, 0.00e+00]    []  
19000     [9.21e-04, 5.46e-04]    [9.21e-04, 0.00e+00]    []  
20000     [5.04e-04, 5.31e-04]    [5.04e-04, 0.00e+00]    []  
21000     [6.96e-04, 5.53e-04]    [6.96e-04, 0.00e+00]    []  
22000     [6.71e-04, 5.43e-04]    [6.71e-04, 0.00e+00]    []  
23000     [4.84e-04, 4.21e-04]    [4.84e-04, 0.00e+00]    []  
24000     [4.43e-04, 4.32e-04]    [4.43e-04, 0.00e+00]    []  
25000     [3.93e-04, 3.89e-04]    [3.93e-04, 0.00e+00]    []  
26000     [3.15e-04, 3.54e-04]    [3.15e-04, 0.00e+00]    []  
27000     [3.67e-04, 3.50e-04]    [3.67e-04, 0.00e+00]    []  
28000     [3.60e-04, 3.34e-04]    [3.60e-04, 0.00e+00]    []  
29000     [3.53e-04, 3.40e-04]    [3.53e-04, 0.00e+00]    []  
30000     [5.21e-04, 4.90e-04]    [5.21e-04, 0.00e+00]    []  
31000     [9.99e-04, 6.51e-04]    [9.99e-04, 0.00e+00]    []  
32000     [2.73e-04, 3.16e-04]    [2.73e-04, 0.00e+00]    []  
33000     [3.96e-04, 3.15e-04]    [3.96e-04, 0.00e+00]    []  
34000     [4.72e-04, 4.91e-04]    [4.72e-04, 0.00e+00]    []  
35000     [2.16e-04, 2.55e-04]    [2.16e-04, 0.00e+00]    []  
36000     [2.42e-04, 2.70e-04]    [2.42e-04, 0.00e+00]    []  
37000     [2.18e-04, 2.39e-04]    [2.18e-04, 0.00e+00]    []  
38000     [2.57e-04, 2.62e-04]    [2.57e-04, 0.00e+00]    []  
39000     [3.36e-04, 3.07e-04]    [3.36e-04, 0.00e+00]    []  
40000     [8.47e-04, 4.65e-04]    [8.47e-04, 0.00e+00]    []  
41000     [2.29e-04, 2.36e-04]    [2.29e-04, 0.00e+00]    []  
42000     [2.78e-04, 2.58e-04]    [2.78e-04, 0.00e+00]    []  
43000     [4.50e-04, 3.76e-04]    [4.50e-04, 0.00e+00]    []  
44000     [4.77e-04, 3.09e-04]    [4.77e-04, 0.00e+00]    []  
45000     [3.32e-04, 2.76e-04]    [3.32e-04, 0.00e+00]    []  
46000     [4.04e-04, 2.93e-04]    [4.04e-04, 0.00e+00]    []  
47000     [1.58e-04, 1.85e-04]    [1.58e-04, 0.00e+00]    []  
48000     [1.81e-04, 2.24e-04]    [1.81e-04, 0.00e+00]    []  
49000     [5.53e-04, 4.16e-04]    [5.53e-04, 0.00e+00]    []  
50000     [1.63e-04, 1.92e-04]    [1.63e-04, 0.00e+00]    []  
51000     [1.85e-04, 1.87e-04]    [1.85e-04, 0.00e+00]    []  
52000     [1.65e-04, 1.72e-04]    [1.65e-04, 0.00e+00]    []  
53000     [1.58e-04, 1.79e-04]    [1.58e-04, 0.00e+00]    []  
54000     [1.44e-04, 1.79e-04]    [1.44e-04, 0.00e+00]    []  
55000     [1.78e-04, 1.77e-04]    [1.78e-04, 0.00e+00]    []  
56000     [2.14e-04, 1.97e-04]    [2.14e-04, 0.00e+00]    []  
57000     [4.33e-04, 2.79e-04]    [4.33e-04, 0.00e+00]    []  
58000     [4.17e-04, 2.74e-04]    [4.17e-04, 0.00e+00]    []  
59000     [1.33e-04, 1.64e-04]    [1.33e-04, 0.00e+00]    []  
60000     [3.13e-04, 2.14e-04]    [3.13e-04, 0.00e+00]    []  
61000     [1.35e-04, 1.39e-04]    [1.35e-04, 0.00e+00]    []  
62000     [1.38e-04, 1.44e-04]    [1.38e-04, 0.00e+00]    []  
63000     [1.52e-04, 1.56e-04]    [1.52e-04, 0.00e+00]    []  
64000     [3.51e-04, 1.46e-04]    [3.51e-04, 0.00e+00]    []  
65000     [1.42e-04, 1.41e-04]    [1.42e-04, 0.00e+00]    []  
66000     [2.86e-04, 1.75e-04]    [2.86e-04, 0.00e+00]    []  
67000     [1.83e-04, 1.81e-04]    [1.83e-04, 0.00e+00]    []  
68000     [2.03e-04, 1.51e-04]    [2.03e-04, 0.00e+00]    []  
69000     [1.05e-04, 1.18e-04]    [1.05e-04, 0.00e+00]    []  
70000     [1.68e-04, 1.46e-04]    [1.68e-04, 0.00e+00]    []  
71000     [1.71e-04, 1.24e-04]    [1.71e-04, 0.00e+00]    []  
72000     [1.05e-04, 1.14e-04]    [1.05e-04, 0.00e+00]    []  
73000     [1.79e-04, 1.41e-04]    [1.79e-04, 0.00e+00]    []  
74000     [4.97e-04, 2.96e-04]    [4.97e-04, 0.00e+00]    []  
75000     [2.54e-04, 1.42e-04]    [2.54e-04, 0.00e+00]    []  
76000     [9.78e-05, 1.06e-04]    [9.78e-05, 0.00e+00]    []  
77000     [1.70e-04, 1.21e-04]    [1.70e-04, 0.00e+00]    []  
78000     [1.93e-04, 1.30e-04]    [1.93e-04, 0.00e+00]    []  
79000     [1.29e-04, 1.06e-04]    [1.29e-04, 0.00e+00]    []  
80000     [1.43e-04, 9.13e-05]    [1.43e-04, 0.00e+00]    []  
81000     [2.76e-04, 1.06e-04]    [2.76e-04, 0.00e+00]    []  
82000     [1.08e-04, 8.57e-05]    [1.08e-04, 0.00e+00]    []  
83000     [1.04e-04, 9.07e-05]    [1.04e-04, 0.00e+00]    []  
84000     [9.94e-05, 9.48e-05]    [9.94e-05, 0.00e+00]    []  
85000     [3.40e-04, 1.96e-04]    [3.40e-04, 0.00e+00]    []  
86000     [1.01e-04, 7.54e-05]    [1.01e-04, 0.00e+00]    []  
87000     [1.52e-04, 8.98e-05]    [1.52e-04, 0.00e+00]    []  
88000     [1.80e-04, 1.18e-04]    [1.80e-04, 0.00e+00]    []  
89000     [2.42e-04, 1.24e-04]    [2.42e-04, 0.00e+00]    []  
90000     [1.52e-04, 8.97e-05]    [1.52e-04, 0.00e+00]    []  
91000     [9.90e-05, 6.51e-05]    [9.90e-05, 0.00e+00]    []  
92000     [1.94e-04, 8.12e-05]    [1.94e-04, 0.00e+00]    []  
93000     [1.43e-04, 6.18e-05]    [1.43e-04, 0.00e+00]    []  
94000     [1.05e-04, 6.59e-05]    [1.05e-04, 0.00e+00]    []  
95000     [7.89e-05, 5.79e-05]    [7.89e-05, 0.00e+00]    []  
96000     [7.36e-05, 5.43e-05]    [7.36e-05, 0.00e+00]    []  
97000     [9.99e-05, 6.76e-05]    [9.99e-05, 0.00e+00]    []  
98000     [1.49e-04, 7.27e-05]    [1.49e-04, 0.00e+00]    []  
99000     [1.67e-04, 7.96e-05]    [1.67e-04, 0.00e+00]    []  
100000    [1.02e-04, 6.05e-05]    [1.02e-04, 0.00e+00]    []  
101000    [6.69e-05, 4.91e-05]    [6.69e-05, 0.00e+00]    []  
102000    [1.14e-04, 5.71e-05]    [1.14e-04, 0.00e+00]    []  
103000    [2.53e-04, 1.03e-04]    [2.53e-04, 0.00e+00]    []  
104000    [1.18e-04, 5.57e-05]    [1.18e-04, 0.00e+00]    []  
105000    [8.62e-05, 4.99e-05]    [8.62e-05, 0.00e+00]    []  
106000    [1.99e-04, 9.20e-05]    [1.99e-04, 0.00e+00]    []  
107000    [1.61e-04, 6.13e-05]    [1.61e-04, 0.00e+00]    []  
108000    [9.86e-05, 5.50e-05]    [9.86e-05, 0.00e+00]    []  
109000    [8.87e-05, 4.07e-05]    [8.87e-05, 0.00e+00]    []  
110000    [7.50e-05, 4.12e-05]    [7.50e-05, 0.00e+00]    []  
111000    [1.34e-04, 6.82e-05]    [1.34e-04, 0.00e+00]    []  
112000    [9.57e-05, 3.96e-05]    [9.57e-05, 0.00e+00]    []  
113000    [8.41e-05, 4.79e-05]    [8.41e-05, 0.00e+00]    []  
114000    [7.41e-05, 4.12e-05]    [7.41e-05, 0.00e+00]    []  
115000    [7.04e-05, 3.70e-05]    [7.04e-05, 0.00e+00]    []  
116000    [6.91e-05, 4.41e-05]    [6.91e-05, 0.00e+00]    []  
117000    [1.24e-04, 4.05e-05]    [1.24e-04, 0.00e+00]    []  
118000    [7.11e-05, 3.96e-05]    [7.11e-05, 0.00e+00]    []  
119000    [1.06e-04, 4.49e-05]    [1.06e-04, 0.00e+00]    []  
120000    [1.68e-04, 6.58e-05]    [1.68e-04, 0.00e+00]    []  
121000    [6.69e-05, 3.74e-05]    [6.69e-05, 0.00e+00]    []  
122000    [1.84e-04, 8.75e-05]    [1.84e-04, 0.00e+00]    []  
123000    [7.46e-05, 4.77e-05]    [7.46e-05, 0.00e+00]    []  
124000    [8.88e-05, 3.49e-05]    [8.88e-05, 0.00e+00]    []  
125000    [8.18e-05, 3.52e-05]    [8.18e-05, 0.00e+00]    []  
126000    [2.13e-04, 1.02e-04]    [2.13e-04, 0.00e+00]    []  
127000    [1.37e-04, 5.11e-05]    [1.37e-04, 0.00e+00]    []  
128000    [7.71e-05, 3.26e-05]    [7.71e-05, 0.00e+00]    []  
129000    [8.00e-05, 3.97e-05]    [8.00e-05, 0.00e+00]    []  
130000    [1.01e-04, 4.24e-05]    [1.01e-04, 0.00e+00]    []  
131000    [1.05e-04, 3.18e-05]    [1.05e-04, 0.00e+00]    []  
132000    [9.68e-05, 4.96e-05]    [9.68e-05, 0.00e+00]    []  
133000    [1.05e-04, 3.43e-05]    [1.05e-04, 0.00e+00]    []  
134000    [5.63e-05, 2.77e-05]    [5.63e-05, 0.00e+00]    []  
135000    [7.25e-05, 3.10e-05]    [7.25e-05, 0.00e+00]    []  
136000    [2.17e-04, 7.72e-05]    [2.17e-04, 0.00e+00]    []  
137000    [1.21e-04, 4.05e-05]    [1.21e-04, 0.00e+00]    []  
138000    [5.13e-05, 2.96e-05]    [5.13e-05, 0.00e+00]    []  
139000    [4.56e-05, 2.33e-05]    [4.56e-05, 0.00e+00]    []  
140000    [8.74e-05, 3.89e-05]    [8.74e-05, 0.00e+00]    []  
141000    [5.06e-05, 2.37e-05]    [5.06e-05, 0.00e+00]    []  
142000    [1.42e-04, 6.51e-05]    [1.42e-04, 0.00e+00]    []  
143000    [6.66e-04, 2.63e-04]    [6.66e-04, 0.00e+00]    []  
144000    [7.60e-05, 3.20e-05]    [7.60e-05, 0.00e+00]    []  
145000    [8.85e-05, 4.22e-05]    [8.85e-05, 0.00e+00]    []  
146000    [1.68e-04, 6.32e-05]    [1.68e-04, 0.00e+00]    []  
147000    [7.14e-05, 3.28e-05]    [7.14e-05, 0.00e+00]    []  
148000    [7.75e-05, 2.73e-05]    [7.75e-05, 0.00e+00]    []  
149000    [2.58e-04, 4.88e-05]    [2.58e-04, 0.00e+00]    []  
150000    [4.14e-05, 1.93e-05]    [4.14e-05, 0.00e+00]    []  
151000    [2.02e-04, 6.10e-05]    [2.02e-04, 0.00e+00]    []  
152000    [8.15e-05, 3.45e-05]    [8.15e-05, 0.00e+00]    []  
153000    [5.93e-05, 2.72e-05]    [5.93e-05, 0.00e+00]    []  
154000    [8.80e-05, 2.64e-05]    [8.80e-05, 0.00e+00]    []  
155000    [1.18e-04, 2.23e-05]    [1.18e-04, 0.00e+00]    []  
156000    [6.15e-05, 2.63e-05]    [6.15e-05, 0.00e+00]    []  
157000    [8.13e-05, 2.31e-05]    [8.13e-05, 0.00e+00]    []  
158000    [4.94e-05, 2.30e-05]    [4.94e-05, 0.00e+00]    []  
159000    [4.54e-05, 2.06e-05]    [4.54e-05, 0.00e+00]    []  
160000    [3.81e-04, 2.44e-04]    [3.81e-04, 0.00e+00]    []  
161000    [3.87e-05, 1.77e-05]    [3.87e-05, 0.00e+00]    []  
162000    [1.51e-04, 3.22e-05]    [1.51e-04, 0.00e+00]    []  
163000    [1.32e-04, 4.29e-05]    [1.32e-04, 0.00e+00]    []  
164000    [2.27e-04, 7.56e-05]    [2.27e-04, 0.00e+00]    []  
165000    [1.29e-04, 3.94e-05]    [1.29e-04, 0.00e+00]    []  
166000    [1.22e-04, 3.46e-05]    [1.22e-04, 0.00e+00]    []  
167000    [8.70e-05, 3.27e-05]    [8.70e-05, 0.00e+00]    []  
168000    [4.80e-05, 2.09e-05]    [4.80e-05, 0.00e+00]    []  
169000    [4.98e-05, 1.84e-05]    [4.98e-05, 0.00e+00]    []  
170000    [6.47e-05, 3.12e-05]    [6.47e-05, 0.00e+00]    []  
171000    [3.81e-05, 1.65e-05]    [3.81e-05, 0.00e+00]    []  
172000    [8.92e-05, 2.65e-05]    [8.92e-05, 0.00e+00]    []  
173000    [1.61e-04, 6.35e-05]    [1.61e-04, 0.00e+00]    []  
174000    [5.91e-05, 2.68e-05]    [5.91e-05, 0.00e+00]    []  
175000    [9.17e-05, 1.66e-05]    [9.17e-05, 0.00e+00]    []  
176000    [9.90e-05, 2.47e-05]    [9.90e-05, 0.00e+00]    []  
177000    [4.95e-05, 1.94e-05]    [4.95e-05, 0.00e+00]    []  
178000    [3.97e-05, 1.44e-05]    [3.97e-05, 0.00e+00]    []  
179000    [6.76e-05, 4.73e-05]    [6.76e-05, 0.00e+00]    []  
180000    [9.66e-05, 2.84e-05]    [9.66e-05, 0.00e+00]    []  
181000    [3.90e-05, 1.55e-05]    [3.90e-05, 0.00e+00]    []  
182000    [9.13e-05, 2.80e-05]    [9.13e-05, 0.00e+00]    []  
183000    [5.95e-05, 2.35e-05]    [5.95e-05, 0.00e+00]    []  
184000    [3.24e-04, 1.18e-04]    [3.24e-04, 0.00e+00]    []  
185000    [1.03e-04, 4.69e-05]    [1.03e-04, 0.00e+00]    []  
186000    [1.36e-04, 3.81e-05]    [1.36e-04, 0.00e+00]    []  
187000    [4.17e-05, 1.48e-05]    [4.17e-05, 0.00e+00]    []  
188000    [3.07e-05, 1.12e-05]    [3.07e-05, 0.00e+00]    []  
189000    [3.72e-05, 1.27e-05]    [3.72e-05, 0.00e+00]    []  
190000    [8.67e-05, 2.86e-05]    [8.67e-05, 0.00e+00]    []  
191000    [3.07e-05, 1.14e-05]    [3.07e-05, 0.00e+00]    []  
192000    [3.59e-05, 1.26e-05]    [3.59e-05, 0.00e+00]    []  
193000    [6.92e-05, 3.08e-05]    [6.92e-05, 0.00e+00]    []  
194000    [1.39e-04, 4.37e-05]    [1.39e-04, 0.00e+00]    []  
195000    [5.09e-05, 1.37e-05]    [5.09e-05, 0.00e+00]    []  
196000    [8.52e-05, 3.34e-05]    [8.52e-05, 0.00e+00]    []  
197000    [1.79e-04, 6.23e-05]    [1.79e-04, 0.00e+00]    []  
198000    [7.75e-05, 1.13e-05]    [7.75e-05, 0.00e+00]    []  
199000    [3.80e-05, 1.35e-05]    [3.80e-05, 0.00e+00]    []  
200000    [4.80e-05, 1.15e-05]    [4.80e-05, 0.00e+00]    []  
201000    [5.61e-05, 1.34e-05]    [5.61e-05, 0.00e+00]    []  
202000    [6.94e-05, 1.28e-05]    [6.94e-05, 0.00e+00]    []  
203000    [2.72e-05, 9.61e-06]    [2.72e-05, 0.00e+00]    []  
204000    [7.35e-05, 1.99e-05]    [7.35e-05, 0.00e+00]    []  
205000    [4.42e-05, 1.37e-05]    [4.42e-05, 0.00e+00]    []  
206000    [2.92e-05, 1.03e-05]    [2.92e-05, 0.00e+00]    []  
207000    [5.94e-05, 1.58e-05]    [5.94e-05, 0.00e+00]    []  
208000    [4.91e-05, 1.04e-05]    [4.91e-05, 0.00e+00]    []  
209000    [5.20e-05, 1.56e-05]    [5.20e-05, 0.00e+00]    []  
210000    [4.10e-05, 1.13e-05]    [4.10e-05, 0.00e+00]    []  
211000    [8.83e-05, 1.24e-05]    [8.83e-05, 0.00e+00]    []  
212000    [5.01e-05, 1.09e-05]    [5.01e-05, 0.00e+00]    []  
213000    [4.62e-05, 1.31e-05]    [4.62e-05, 0.00e+00]    []  
214000    [1.79e-04, 5.95e-05]    [1.79e-04, 0.00e+00]    []  
215000    [7.59e-05, 2.87e-05]    [7.59e-05, 0.00e+00]    []  
216000    [2.43e-05, 8.40e-06]    [2.43e-05, 0.00e+00]    []  
217000    [2.51e-04, 2.25e-05]    [2.51e-04, 0.00e+00]    []  
218000    [2.55e-05, 9.29e-06]    [2.55e-05, 0.00e+00]    []  
219000    [3.00e-05, 1.06e-05]    [3.00e-05, 0.00e+00]    []  
220000    [1.08e-04, 1.36e-05]    [1.08e-04, 0.00e+00]    []  
221000    [4.89e-05, 1.64e-05]    [4.89e-05, 0.00e+00]    []  
222000    [4.89e-05, 9.92e-06]    [4.89e-05, 0.00e+00]    []  
223000    [2.13e-04, 4.90e-05]    [2.13e-04, 0.00e+00]    []  
224000    [4.83e-05, 1.26e-05]    [4.83e-05, 0.00e+00]    []  
225000    [8.41e-05, 3.06e-05]    [8.41e-05, 0.00e+00]    []  
226000    [1.14e-04, 2.60e-05]    [1.14e-04, 0.00e+00]    []  
227000    [2.63e-05, 1.01e-05]    [2.63e-05, 0.00e+00]    []  
228000    [2.86e-05, 9.45e-06]    [2.86e-05, 0.00e+00]    []  
229000    [3.93e-05, 1.39e-05]    [3.93e-05, 0.00e+00]    []  
230000    [5.82e-05, 3.22e-05]    [5.82e-05, 0.00e+00]    []  
231000    [5.65e-05, 1.86e-05]    [5.65e-05, 0.00e+00]    []  
232000    [2.46e-05, 9.05e-06]    [2.46e-05, 0.00e+00]    []  
233000    [2.81e-05, 8.80e-06]    [2.81e-05, 0.00e+00]    []  
234000    [3.63e-05, 7.02e-06]    [3.63e-05, 0.00e+00]    []  
235000    [3.31e-05, 7.70e-06]    [3.31e-05, 0.00e+00]    []  
236000    [7.19e-05, 9.16e-06]    [7.19e-05, 0.00e+00]    []  
237000    [4.77e-05, 1.67e-05]    [4.77e-05, 0.00e+00]    []  
238000    [5.08e-05, 2.16e-05]    [5.08e-05, 0.00e+00]    []  
239000    [3.51e-05, 1.29e-05]    [3.51e-05, 0.00e+00]    []  
240000    [6.30e-05, 2.07e-05]    [6.30e-05, 0.00e+00]    []  
241000    [6.36e-05, 1.20e-05]    [6.36e-05, 0.00e+00]    []  
242000    [3.56e-05, 7.60e-06]    [3.56e-05, 0.00e+00]    []  
243000    [6.38e-05, 1.16e-05]    [6.38e-05, 0.00e+00]    []  
244000    [2.06e-05, 6.25e-06]    [2.06e-05, 0.00e+00]    []  
245000    [2.55e-05, 1.28e-05]    [2.55e-05, 0.00e+00]    []  
246000    [6.22e-05, 1.86e-05]    [6.22e-05, 0.00e+00]    []  
247000    [2.99e-05, 8.31e-06]    [2.99e-05, 0.00e+00]    []  
248000    [8.42e-05, 9.18e-06]    [8.42e-05, 0.00e+00]    []  
249000    [2.15e-05, 7.19e-06]    [2.15e-05, 0.00e+00]    []  
250000    [5.09e-05, 9.85e-06]    [5.09e-05, 0.00e+00]    []  
251000    [2.13e-05, 6.81e-06]    [2.13e-05, 0.00e+00]    []  
252000    [4.44e-05, 1.21e-05]    [4.44e-05, 0.00e+00]    []  
253000    [1.23e-04, 3.11e-05]    [1.23e-04, 0.00e+00]    []  
254000    [3.55e-05, 7.38e-06]    [3.55e-05, 0.00e+00]    []  
255000    [3.55e-05, 1.21e-05]    [3.55e-05, 0.00e+00]    []  
256000    [2.13e-05, 7.26e-06]    [2.13e-05, 0.00e+00]    []  
257000    [2.41e-05, 8.72e-06]    [2.41e-05, 0.00e+00]    []  
258000    [2.73e-05, 8.55e-06]    [2.73e-05, 0.00e+00]    []  
259000    [1.30e-04, 4.63e-05]    [1.30e-04, 0.00e+00]    []  
260000    [1.04e-04, 1.73e-05]    [1.04e-04, 0.00e+00]    []  
261000    [3.34e-05, 7.50e-06]    [3.34e-05, 0.00e+00]    []  
262000    [2.32e-05, 6.20e-06]    [2.32e-05, 0.00e+00]    []  
263000    [2.46e-05, 6.67e-06]    [2.46e-05, 0.00e+00]    []  
264000    [1.07e-04, 2.40e-05]    [1.07e-04, 0.00e+00]    []  
265000    [8.64e-05, 2.80e-05]    [8.64e-05, 0.00e+00]    []  
266000    [2.71e-05, 8.36e-06]    [2.71e-05, 0.00e+00]    []  
267000    [1.06e-04, 4.15e-05]    [1.06e-04, 0.00e+00]    []  
268000    [2.81e-05, 9.16e-06]    [2.81e-05, 0.00e+00]    []  
269000    [1.40e-04, 5.75e-05]    [1.40e-04, 0.00e+00]    []  
270000    [7.05e-05, 7.29e-06]    [7.05e-05, 0.00e+00]    []  
271000    [2.95e-05, 1.02e-05]    [2.95e-05, 0.00e+00]    []  
272000    [4.08e-05, 2.51e-05]    [4.08e-05, 0.00e+00]    []  
273000    [4.72e-05, 8.86e-06]    [4.72e-05, 0.00e+00]    []  
274000    [2.53e-05, 5.51e-06]    [2.53e-05, 0.00e+00]    []  
275000    [6.81e-05, 2.30e-05]    [6.81e-05, 0.00e+00]    []  
276000    [8.43e-05, 1.83e-05]    [8.43e-05, 0.00e+00]    []  
277000    [2.83e-05, 9.39e-06]    [2.83e-05, 0.00e+00]    []  
278000    [3.51e-05, 1.05e-05]    [3.51e-05, 0.00e+00]    []  
279000    [1.76e-05, 5.26e-06]    [1.76e-05, 0.00e+00]    []  
280000    [2.89e-05, 1.09e-05]    [2.89e-05, 0.00e+00]    []  
281000    [5.22e-05, 1.53e-05]    [5.22e-05, 0.00e+00]    []  
282000    [3.94e-05, 9.64e-06]    [3.94e-05, 0.00e+00]    []  
283000    [8.35e-05, 1.13e-05]    [8.35e-05, 0.00e+00]    []  
284000    [7.07e-05, 2.42e-05]    [7.07e-05, 0.00e+00]    []  
285000    [6.29e-05, 1.99e-05]    [6.29e-05, 0.00e+00]    []  
286000    [1.36e-04, 1.72e-05]    [1.36e-04, 0.00e+00]    []  
287000    [3.23e-05, 1.04e-05]    [3.23e-05, 0.00e+00]    []  
288000    [2.49e-05, 7.10e-06]    [2.49e-05, 0.00e+00]    []  
289000    [4.32e-05, 1.39e-05]    [4.32e-05, 0.00e+00]    []  
290000    [5.50e-05, 1.07e-05]    [5.50e-05, 0.00e+00]    []  
291000    [4.66e-05, 5.30e-06]    [4.66e-05, 0.00e+00]    []  
292000    [2.96e-05, 7.59e-06]    [2.96e-05, 0.00e+00]    []  
293000    [8.56e-05, 1.30e-05]    [8.56e-05, 0.00e+00]    []  
294000    [3.81e-05, 1.23e-05]    [3.81e-05, 0.00e+00]    []  
295000    [2.81e-05, 6.66e-06]    [2.81e-05, 0.00e+00]    []  
296000    [4.33e-05, 7.54e-06]    [4.33e-05, 0.00e+00]    []  
297000    [1.95e-05, 6.18e-06]    [1.95e-05, 0.00e+00]    []  
298000    [2.54e-05, 5.08e-06]    [2.54e-05, 0.00e+00]    []  
299000    [6.28e-05, 2.51e-05]    [6.28e-05, 0.00e+00]    []  
300000    [3.79e-05, 1.52e-05]    [3.79e-05, 0.00e+00]    []  
301000    [5.58e-05, 9.01e-06]    [5.58e-05, 0.00e+00]    []  
302000    [3.27e-05, 1.01e-05]    [3.27e-05, 0.00e+00]    []  
303000    [3.47e-05, 4.54e-06]    [3.47e-05, 0.00e+00]    []  
304000    [2.58e-05, 8.36e-06]    [2.58e-05, 0.00e+00]    []  
305000    [2.29e-04, 2.35e-05]    [2.29e-04, 0.00e+00]    []  
306000    [1.00e-04, 1.32e-05]    [1.00e-04, 0.00e+00]    []  
307000    [6.88e-05, 1.25e-05]    [6.88e-05, 0.00e+00]    []  
308000    [1.81e-05, 4.71e-06]    [1.81e-05, 0.00e+00]    []  
309000    [5.63e-05, 9.56e-06]    [5.63e-05, 0.00e+00]    []  
310000    [3.97e-05, 4.53e-06]    [3.97e-05, 0.00e+00]    []  
311000    [2.61e-05, 7.11e-06]    [2.61e-05, 0.00e+00]    []  
312000    [3.74e-05, 6.35e-06]    [3.74e-05, 0.00e+00]    []  
313000    [4.44e-05, 4.49e-06]    [4.44e-05, 0.00e+00]    []  
314000    [7.46e-05, 7.24e-06]    [7.46e-05, 0.00e+00]    []  
315000    [4.29e-05, 1.27e-05]    [4.29e-05, 0.00e+00]    []  
316000    [1.88e-05, 7.49e-06]    [1.88e-05, 0.00e+00]    []  
317000    [4.30e-05, 5.67e-06]    [4.30e-05, 0.00e+00]    []  
318000    [1.76e-05, 6.81e-06]    [1.76e-05, 0.00e+00]    []  
319000    [1.51e-04, 1.86e-05]    [1.51e-04, 0.00e+00]    []  
320000    [1.87e-05, 3.89e-06]    [1.87e-05, 0.00e+00]    []  
321000    [1.35e-04, 1.77e-05]    [1.35e-04, 0.00e+00]    []  
322000    [4.72e-05, 4.61e-06]    [4.72e-05, 0.00e+00]    []  
323000    [2.08e-05, 4.30e-06]    [2.08e-05, 0.00e+00]    []  
324000    [1.91e-05, 5.45e-06]    [1.91e-05, 0.00e+00]    []  
325000    [7.77e-05, 2.68e-05]    [7.77e-05, 0.00e+00]    []  
326000    [9.95e-05, 3.28e-05]    [9.95e-05, 0.00e+00]    []  
327000    [4.20e-05, 6.64e-06]    [4.20e-05, 0.00e+00]    []  
328000    [3.78e-05, 1.28e-05]    [3.78e-05, 0.00e+00]    []  
329000    [9.05e-05, 5.58e-06]    [9.05e-05, 0.00e+00]    []  
330000    [3.72e-05, 6.68e-06]    [3.72e-05, 0.00e+00]    []  
331000    [2.86e-05, 6.00e-06]    [2.86e-05, 0.00e+00]    []  
332000    [1.82e-04, 3.13e-05]    [1.82e-04, 0.00e+00]    []  
333000    [1.68e-05, 6.18e-06]    [1.68e-05, 0.00e+00]    []  
334000    [2.44e-05, 6.10e-06]    [2.44e-05, 0.00e+00]    []  
335000    [5.25e-05, 1.02e-05]    [5.25e-05, 0.00e+00]    []  
336000    [4.30e-05, 1.32e-05]    [4.30e-05, 0.00e+00]    []  
337000    [6.95e-05, 6.33e-06]    [6.95e-05, 0.00e+00]    []  
338000    [1.52e-05, 3.64e-06]    [1.52e-05, 0.00e+00]    []  
339000    [2.82e-05, 5.79e-06]    [2.82e-05, 0.00e+00]    []  
340000    [8.26e-05, 2.84e-05]    [8.26e-05, 0.00e+00]    []  
341000    [4.47e-05, 7.58e-06]    [4.47e-05, 0.00e+00]    []  
342000    [1.02e-04, 3.69e-05]    [1.02e-04, 0.00e+00]    []  
343000    [2.12e-05, 6.43e-06]    [2.12e-05, 0.00e+00]    []  
344000    [5.31e-05, 1.70e-05]    [5.31e-05, 0.00e+00]    []  
345000    [2.98e-05, 9.74e-06]    [2.98e-05, 0.00e+00]    []  
346000    [2.92e-05, 9.69e-06]    [2.92e-05, 0.00e+00]    []  
347000    [7.69e-05, 8.24e-06]    [7.69e-05, 0.00e+00]    []  
348000    [5.36e-05, 5.14e-06]    [5.36e-05, 0.00e+00]    []  
349000    [4.66e-05, 7.34e-06]    [4.66e-05, 0.00e+00]    []  
350000    [9.43e-05, 3.14e-05]    [9.43e-05, 0.00e+00]    []  
351000    [2.60e-05, 6.58e-06]    [2.60e-05, 0.00e+00]    []  
352000    [4.08e-05, 5.61e-06]    [4.08e-05, 0.00e+00]    []  
353000    [4.45e-04, 1.59e-04]    [4.45e-04, 0.00e+00]    []  
354000    [4.03e-05, 1.47e-05]    [4.03e-05, 0.00e+00]    []  
355000    [4.56e-05, 5.11e-06]    [4.56e-05, 0.00e+00]    []  
356000    [2.56e-05, 4.70e-06]    [2.56e-05, 0.00e+00]    []  
357000    [3.51e-05, 1.27e-05]    [3.51e-05, 0.00e+00]    []  
358000    [2.72e-05, 5.59e-06]    [2.72e-05, 0.00e+00]    []  
359000    [2.70e-05, 3.82e-06]    [2.70e-05, 0.00e+00]    []  
360000    [3.77e-05, 7.46e-06]    [3.77e-05, 0.00e+00]    []  
361000    [1.47e-05, 6.20e-06]    [1.47e-05, 0.00e+00]    []  
362000    [3.48e-05, 8.66e-06]    [3.48e-05, 0.00e+00]    []  
363000    [2.05e-05, 3.59e-06]    [2.05e-05, 0.00e+00]    []  
364000    [2.51e-05, 4.10e-06]    [2.51e-05, 0.00e+00]    []  
365000    [2.86e-05, 1.11e-05]    [2.86e-05, 0.00e+00]    []  
366000    [2.08e-05, 5.78e-06]    [2.08e-05, 0.00e+00]    []  
367000    [5.01e-05, 8.89e-06]    [5.01e-05, 0.00e+00]    []  
368000    [2.52e-05, 6.71e-06]    [2.52e-05, 0.00e+00]    []  
369000    [2.40e-05, 3.23e-06]    [2.40e-05, 0.00e+00]    []  
370000    [3.38e-05, 2.99e-05]    [3.38e-05, 0.00e+00]    []  
371000    [2.32e-05, 5.47e-06]    [2.32e-05, 0.00e+00]    []  
372000    [3.20e-05, 1.02e-05]    [3.20e-05, 0.00e+00]    []  
373000    [3.83e-05, 5.47e-06]    [3.83e-05, 0.00e+00]    []  
374000    [1.71e-05, 5.16e-06]    [1.71e-05, 0.00e+00]    []  
375000    [5.45e-05, 6.95e-06]    [5.45e-05, 0.00e+00]    []  
376000    [2.64e-05, 6.35e-06]    [2.64e-05, 0.00e+00]    []  
377000    [2.51e-04, 1.11e-05]    [2.51e-04, 0.00e+00]    []  
378000    [1.31e-05, 3.51e-06]    [1.31e-05, 0.00e+00]    []  
379000    [3.18e-05, 1.85e-05]    [3.18e-05, 0.00e+00]    []  
380000    [8.37e-05, 2.29e-05]    [8.37e-05, 0.00e+00]    []  
381000    [1.72e-05, 5.09e-06]    [1.72e-05, 0.00e+00]    []  
382000    [3.56e-05, 1.44e-05]    [3.56e-05, 0.00e+00]    []  
383000    [4.57e-05, 2.17e-05]    [4.57e-05, 0.00e+00]    []  
384000    [2.33e-05, 3.96e-06]    [2.33e-05, 0.00e+00]    []  
385000    [1.66e-05, 3.45e-06]    [1.66e-05, 0.00e+00]    []  
386000    [1.50e-05, 4.09e-06]    [1.50e-05, 0.00e+00]    []  
387000    [3.75e-05, 2.24e-05]    [3.75e-05, 0.00e+00]    []  
388000    [2.87e-05, 5.11e-06]    [2.87e-05, 0.00e+00]    []  
389000    [7.76e-05, 7.55e-06]    [7.76e-05, 0.00e+00]    []  
390000    [1.60e-05, 4.87e-06]    [1.60e-05, 0.00e+00]    []  
391000    [2.14e-05, 8.39e-06]    [2.14e-05, 0.00e+00]    []  
392000    [1.77e-05, 6.05e-06]    [1.77e-05, 0.00e+00]    []  
393000    [1.54e-05, 4.92e-06]    [1.54e-05, 0.00e+00]    []  
394000    [7.33e-05, 1.50e-05]    [7.33e-05, 0.00e+00]    []  
395000    [2.59e-05, 5.07e-06]    [2.59e-05, 0.00e+00]    []  
396000    [3.07e-05, 7.55e-06]    [3.07e-05, 0.00e+00]    []  
397000    [1.39e-04, 8.73e-06]    [1.39e-04, 0.00e+00]    []  
398000    [1.70e-04, 8.85e-06]    [1.70e-04, 0.00e+00]    []  
399000    [3.84e-05, 7.26e-06]    [3.84e-05, 0.00e+00]    []  
400000    [1.71e-04, 3.07e-05]    [1.71e-04, 0.00e+00]    []  

Best model at step 378000:
  train loss: 1.66e-05
  test loss: 1.31e-05
  test metric: []

'train' took 23059.459904 s

Compiling model...
'compile' took 1.708838 s

Training model...

Step      Train loss              Test loss               Test metric
400000    [1.71e-04, 3.07e-05]    [1.71e-04, 0.00e+00]    []  
401000    [9.90e-06, 2.30e-06]    [9.90e-06, 0.00e+00]    []  
402000    [1.12e-05, 2.88e-06]    [1.12e-05, 0.00e+00]    []  
403000    [1.46e-05, 2.64e-06]    [1.46e-05, 0.00e+00]    []  
404000    [1.54e-05, 4.17e-06]    [1.54e-05, 0.00e+00]    []  
405000    [9.54e-06, 2.17e-06]    [9.54e-06, 0.00e+00]    []  
406000    [1.69e-05, 4.75e-06]    [1.69e-05, 0.00e+00]    []  
407000    [1.07e-05, 2.60e-06]    [1.07e-05, 0.00e+00]    []  
408000    [1.34e-05, 3.00e-06]    [1.34e-05, 0.00e+00]    []  
409000    [1.03e-05, 2.31e-06]    [1.03e-05, 0.00e+00]    []  
410000    [1.18e-05, 2.51e-06]    [1.18e-05, 0.00e+00]    []  
411000    [1.04e-05, 2.19e-06]    [1.04e-05, 0.00e+00]    []  
412000    [2.19e-05, 6.66e-06]    [2.19e-05, 0.00e+00]    []  
413000    [1.26e-05, 2.80e-06]    [1.26e-05, 0.00e+00]    []  
414000    [2.25e-05, 3.58e-06]    [2.25e-05, 0.00e+00]    []  
415000    [1.16e-05, 2.24e-06]    [1.16e-05, 0.00e+00]    []  
416000    [1.32e-05, 3.43e-06]    [1.32e-05, 0.00e+00]    []  
417000    [1.28e-05, 3.30e-06]    [1.28e-05, 0.00e+00]    []  
418000    [1.78e-05, 5.19e-06]    [1.78e-05, 0.00e+00]    []  
419000    [1.19e-05, 2.71e-06]    [1.19e-05, 0.00e+00]    []  
420000    [2.15e-05, 6.66e-06]    [2.15e-05, 0.00e+00]    []  
421000    [1.91e-05, 2.70e-06]    [1.91e-05, 0.00e+00]    []  
422000    [1.53e-05, 3.92e-06]    [1.53e-05, 0.00e+00]    []  
423000    [2.04e-05, 2.73e-06]    [2.04e-05, 0.00e+00]    []  
424000    [1.46e-05, 3.97e-06]    [1.46e-05, 0.00e+00]    []  
425000    [3.97e-05, 1.35e-05]    [3.97e-05, 0.00e+00]    []  
426000    [3.79e-05, 7.57e-06]    [3.79e-05, 0.00e+00]    []  
427000    [9.60e-06, 1.77e-06]    [9.60e-06, 0.00e+00]    []  
428000    [1.20e-05, 3.06e-06]    [1.20e-05, 0.00e+00]    []  
429000    [8.01e-06, 1.71e-06]    [8.01e-06, 0.00e+00]    []  
430000    [9.65e-06, 2.63e-06]    [9.65e-06, 0.00e+00]    []  
431000    [8.77e-06, 2.29e-06]    [8.77e-06, 0.00e+00]    []  
432000    [5.79e-05, 8.19e-06]    [5.79e-05, 0.00e+00]    []  
433000    [2.06e-05, 4.51e-06]    [2.06e-05, 0.00e+00]    []  
434000    [1.35e-05, 4.99e-06]    [1.35e-05, 0.00e+00]    []  
435000    [1.24e-05, 2.73e-06]    [1.24e-05, 0.00e+00]    []  
436000    [7.74e-06, 1.72e-06]    [7.74e-06, 0.00e+00]    []  
437000    [1.69e-05, 4.32e-06]    [1.69e-05, 0.00e+00]    []  
438000    [1.07e-05, 1.86e-06]    [1.07e-05, 0.00e+00]    []  
439000    [2.24e-05, 5.62e-06]    [2.24e-05, 0.00e+00]    []  
440000    [5.17e-05, 9.44e-06]    [5.17e-05, 0.00e+00]    []  
441000    [4.53e-05, 6.00e-06]    [4.53e-05, 0.00e+00]    []  
442000    [1.07e-05, 2.18e-06]    [1.07e-05, 0.00e+00]    []  
443000    [1.16e-05, 2.39e-06]    [1.16e-05, 0.00e+00]    []  
444000    [2.53e-05, 5.10e-06]    [2.53e-05, 0.00e+00]    []  
445000    [7.02e-05, 3.71e-05]    [7.02e-05, 0.00e+00]    []  
446000    [9.65e-06, 2.06e-06]    [9.65e-06, 0.00e+00]    []  
447000    [1.01e-05, 2.29e-06]    [1.01e-05, 0.00e+00]    []  
448000    [7.63e-06, 1.75e-06]    [7.63e-06, 0.00e+00]    []  
449000    [6.60e-05, 2.53e-06]    [6.60e-05, 0.00e+00]    []  
450000    [8.54e-05, 1.29e-05]    [8.54e-05, 0.00e+00]    []  
451000    [1.10e-05, 2.87e-06]    [1.10e-05, 0.00e+00]    []  
452000    [8.54e-06, 1.60e-06]    [8.54e-06, 0.00e+00]    []  
453000    [5.06e-05, 5.47e-06]    [5.06e-05, 0.00e+00]    []  
454000    [7.71e-05, 2.84e-05]    [7.71e-05, 0.00e+00]    []  
455000    [8.63e-06, 1.65e-06]    [8.63e-06, 0.00e+00]    []  
456000    [2.72e-05, 3.48e-06]    [2.72e-05, 0.00e+00]    []  
457000    [7.60e-06, 1.71e-06]    [7.60e-06, 0.00e+00]    []  
458000    [8.39e-06, 2.36e-06]    [8.39e-06, 0.00e+00]    []  
459000    [8.75e-06, 2.16e-06]    [8.75e-06, 0.00e+00]    []  
460000    [1.46e-05, 3.40e-06]    [1.46e-05, 0.00e+00]    []  
461000    [9.77e-06, 1.80e-06]    [9.77e-06, 0.00e+00]    []  
462000    [7.75e-06, 2.39e-06]    [7.75e-06, 0.00e+00]    []  
463000    [7.53e-06, 1.62e-06]    [7.53e-06, 0.00e+00]    []  
464000    [1.46e-05, 1.70e-06]    [1.46e-05, 0.00e+00]    []  
465000    [1.47e-05, 3.77e-06]    [1.47e-05, 0.00e+00]    []  
466000    [7.15e-06, 1.91e-06]    [7.15e-06, 0.00e+00]    []  
467000    [6.62e-06, 1.42e-06]    [6.62e-06, 0.00e+00]    []  
468000    [1.53e-05, 2.43e-06]    [1.53e-05, 0.00e+00]    []  
469000    [8.10e-06, 2.57e-06]    [8.10e-06, 0.00e+00]    []  
470000    [9.25e-06, 2.14e-06]    [9.25e-06, 0.00e+00]    []  
471000    [1.96e-05, 6.48e-06]    [1.96e-05, 0.00e+00]    []  
472000    [8.78e-06, 1.91e-06]    [8.78e-06, 0.00e+00]    []  
473000    [2.22e-05, 4.40e-06]    [2.22e-05, 0.00e+00]    []  
474000    [9.37e-06, 1.53e-06]    [9.37e-06, 0.00e+00]    []  
475000    [7.17e-06, 1.73e-06]    [7.17e-06, 0.00e+00]    []  
476000    [1.59e-05, 4.51e-06]    [1.59e-05, 0.00e+00]    []  
477000    [1.07e-05, 1.84e-06]    [1.07e-05, 0.00e+00]    []  
478000    [6.77e-06, 1.39e-06]    [6.77e-06, 0.00e+00]    []  
479000    [6.80e-06, 1.62e-06]    [6.80e-06, 0.00e+00]    []  
480000    [6.31e-06, 1.34e-06]    [6.31e-06, 0.00e+00]    []  
481000    [9.55e-06, 1.53e-06]    [9.55e-06, 0.00e+00]    []  
482000    [2.98e-05, 5.37e-06]    [2.98e-05, 0.00e+00]    []  
483000    [7.09e-06, 1.36e-06]    [7.09e-06, 0.00e+00]    []  
484000    [8.76e-06, 1.54e-06]    [8.76e-06, 0.00e+00]    []  
485000    [1.73e-05, 3.25e-06]    [1.73e-05, 0.00e+00]    []  
486000    [1.50e-05, 1.91e-06]    [1.50e-05, 0.00e+00]    []  
487000    [1.01e-05, 2.74e-06]    [1.01e-05, 0.00e+00]    []  
488000    [1.04e-05, 2.56e-06]    [1.04e-05, 0.00e+00]    []  
489000    [8.22e-06, 1.45e-06]    [8.22e-06, 0.00e+00]    []  
490000    [7.05e-06, 1.86e-06]    [7.05e-06, 0.00e+00]    []  
491000    [6.48e-06, 1.48e-06]    [6.48e-06, 0.00e+00]    []  
492000    [6.93e-06, 1.43e-06]    [6.93e-06, 0.00e+00]    []  
493000    [2.95e-05, 8.05e-06]    [2.95e-05, 0.00e+00]    []  
494000    [3.47e-05, 3.47e-06]    [3.47e-05, 0.00e+00]    []  
495000    [1.17e-05, 3.30e-06]    [1.17e-05, 0.00e+00]    []  
496000    [3.55e-05, 1.14e-05]    [3.55e-05, 0.00e+00]    []  
497000    [2.32e-05, 7.50e-06]    [2.32e-05, 0.00e+00]    []  
498000    [2.01e-05, 3.29e-06]    [2.01e-05, 0.00e+00]    []  
499000    [2.62e-05, 6.18e-06]    [2.62e-05, 0.00e+00]    []  
500000    [6.71e-06, 1.57e-06]    [6.71e-06, 0.00e+00]    []  
501000    [7.29e-06, 1.35e-06]    [7.29e-06, 0.00e+00]    []  
502000    [8.34e-06, 1.33e-06]    [8.34e-06, 0.00e+00]    []  
503000    [7.68e-06, 1.67e-06]    [7.68e-06, 0.00e+00]    []  
504000    [5.92e-06, 1.25e-06]    [5.92e-06, 0.00e+00]    []  
505000    [7.06e-06, 1.69e-06]    [7.06e-06, 0.00e+00]    []  
506000    [2.09e-05, 6.33e-06]    [2.09e-05, 0.00e+00]    []  
507000    [7.50e-06, 1.99e-06]    [7.50e-06, 0.00e+00]    []  
508000    [2.42e-05, 5.93e-06]    [2.42e-05, 0.00e+00]    []  
509000    [1.24e-05, 4.38e-06]    [1.24e-05, 0.00e+00]    []  
510000    [1.21e-05, 1.98e-06]    [1.21e-05, 0.00e+00]    []  
511000    [6.42e-06, 1.45e-06]    [6.42e-06, 0.00e+00]    []  
512000    [2.91e-05, 1.19e-05]    [2.91e-05, 0.00e+00]    []  
513000    [9.79e-06, 1.36e-06]    [9.79e-06, 0.00e+00]    []  
514000    [6.78e-06, 1.29e-06]    [6.78e-06, 0.00e+00]    []  
515000    [7.19e-06, 1.73e-06]    [7.19e-06, 0.00e+00]    []  
516000    [6.24e-06, 1.45e-06]    [6.24e-06, 0.00e+00]    []  
517000    [1.22e-05, 3.50e-06]    [1.22e-05, 0.00e+00]    []  
518000    [2.67e-05, 5.09e-06]    [2.67e-05, 0.00e+00]    []  
519000    [1.10e-05, 3.00e-06]    [1.10e-05, 0.00e+00]    []  
520000    [5.73e-06, 1.24e-06]    [5.73e-06, 0.00e+00]    []  
521000    [6.55e-06, 1.50e-06]    [6.55e-06, 0.00e+00]    []  
522000    [1.20e-05, 4.18e-06]    [1.20e-05, 0.00e+00]    []  
523000    [1.07e-05, 3.64e-06]    [1.07e-05, 0.00e+00]    []  
524000    [1.19e-05, 3.07e-06]    [1.19e-05, 0.00e+00]    []  
525000    [9.75e-06, 2.08e-06]    [9.75e-06, 0.00e+00]    []  
526000    [6.67e-05, 2.41e-06]    [6.67e-05, 0.00e+00]    []  
527000    [8.63e-06, 2.41e-06]    [8.63e-06, 0.00e+00]    []  
528000    [1.95e-05, 1.71e-06]    [1.95e-05, 0.00e+00]    []  
529000    [1.22e-05, 2.16e-06]    [1.22e-05, 0.00e+00]    []  
530000    [6.41e-06, 1.40e-06]    [6.41e-06, 0.00e+00]    []  
531000    [1.91e-05, 8.12e-06]    [1.91e-05, 0.00e+00]    []  
532000    [6.61e-06, 1.63e-06]    [6.61e-06, 0.00e+00]    []  
533000    [9.15e-06, 2.05e-06]    [9.15e-06, 0.00e+00]    []  
534000    [3.28e-05, 5.57e-06]    [3.28e-05, 0.00e+00]    []  
535000    [2.79e-05, 2.05e-06]    [2.79e-05, 0.00e+00]    []  
536000    [1.08e-05, 1.31e-06]    [1.08e-05, 0.00e+00]    []  
537000    [5.72e-06, 1.28e-06]    [5.72e-06, 0.00e+00]    []  
538000    [9.18e-06, 1.94e-06]    [9.18e-06, 0.00e+00]    []  
539000    [3.52e-05, 3.28e-06]    [3.52e-05, 0.00e+00]    []  
540000    [3.39e-05, 2.56e-06]    [3.39e-05, 0.00e+00]    []  
541000    [1.46e-05, 2.07e-06]    [1.46e-05, 0.00e+00]    []  
542000    [6.68e-06, 1.64e-06]    [6.68e-06, 0.00e+00]    []  
543000    [5.42e-06, 1.22e-06]    [5.42e-06, 0.00e+00]    []  
544000    [5.62e-06, 1.18e-06]    [5.62e-06, 0.00e+00]    []  
545000    [6.42e-06, 1.30e-06]    [6.42e-06, 0.00e+00]    []  
546000    [9.29e-06, 1.65e-06]    [9.29e-06, 0.00e+00]    []  
547000    [1.19e-05, 3.41e-06]    [1.19e-05, 0.00e+00]    []  
548000    [1.60e-05, 3.18e-06]    [1.60e-05, 0.00e+00]    []  
549000    [7.05e-06, 2.18e-06]    [7.05e-06, 0.00e+00]    []  
550000    [7.67e-06, 1.67e-06]    [7.67e-06, 0.00e+00]    []  
551000    [1.95e-05, 6.36e-06]    [1.95e-05, 0.00e+00]    []  
552000    [1.25e-05, 7.29e-06]    [1.25e-05, 0.00e+00]    []  
553000    [3.37e-05, 1.95e-06]    [3.37e-05, 0.00e+00]    []  
554000    [1.07e-05, 1.80e-06]    [1.07e-05, 0.00e+00]    []  
555000    [3.70e-05, 4.35e-06]    [3.70e-05, 0.00e+00]    []  
556000    [6.52e-06, 1.38e-06]    [6.52e-06, 0.00e+00]    []  
557000    [5.75e-06, 1.15e-06]    [5.75e-06, 0.00e+00]    []  
558000    [8.77e-06, 2.36e-06]    [8.77e-06, 0.00e+00]    []  
559000    [1.95e-05, 1.74e-06]    [1.95e-05, 0.00e+00]    []  
560000    [1.10e-05, 2.86e-06]    [1.10e-05, 0.00e+00]    []  
561000    [1.02e-05, 2.80e-06]    [1.02e-05, 0.00e+00]    []  
562000    [3.73e-05, 1.12e-05]    [3.73e-05, 0.00e+00]    []  
563000    [2.27e-05, 6.64e-06]    [2.27e-05, 0.00e+00]    []  
564000    [2.11e-05, 1.83e-06]    [2.11e-05, 0.00e+00]    []  
565000    [1.92e-05, 6.21e-06]    [1.92e-05, 0.00e+00]    []  
566000    [6.89e-06, 1.62e-06]    [6.89e-06, 0.00e+00]    []  
567000    [8.64e-06, 2.07e-06]    [8.64e-06, 0.00e+00]    []  
568000    [1.09e-05, 1.14e-06]    [1.09e-05, 0.00e+00]    []  
569000    [1.07e-05, 5.99e-06]    [1.07e-05, 0.00e+00]    []  
570000    [3.67e-05, 8.66e-06]    [3.67e-05, 0.00e+00]    []  
571000    [8.62e-06, 2.28e-06]    [8.62e-06, 0.00e+00]    []  
572000    [9.33e-06, 3.79e-06]    [9.33e-06, 0.00e+00]    []  
573000    [3.92e-05, 1.28e-05]    [3.92e-05, 0.00e+00]    []  
574000    [7.81e-06, 1.38e-06]    [7.81e-06, 0.00e+00]    []  
575000    [7.36e-06, 1.54e-06]    [7.36e-06, 0.00e+00]    []  
576000    [8.39e-06, 1.72e-06]    [8.39e-06, 0.00e+00]    []  
577000    [6.04e-06, 1.51e-06]    [6.04e-06, 0.00e+00]    []  
578000    [6.33e-05, 1.82e-06]    [6.33e-05, 0.00e+00]    []  
579000    [5.40e-06, 1.36e-06]    [5.40e-06, 0.00e+00]    []  
580000    [1.13e-05, 3.00e-06]    [1.13e-05, 0.00e+00]    []  
581000    [1.64e-05, 2.87e-06]    [1.64e-05, 0.00e+00]    []  
582000    [4.89e-06, 1.03e-06]    [4.89e-06, 0.00e+00]    []  
583000    [7.59e-06, 2.23e-06]    [7.59e-06, 0.00e+00]    []  
584000    [2.00e-05, 2.28e-06]    [2.00e-05, 0.00e+00]    []  
585000    [1.29e-05, 1.37e-06]    [1.29e-05, 0.00e+00]    []  
586000    [1.61e-05, 4.95e-06]    [1.61e-05, 0.00e+00]    []  
587000    [2.93e-05, 9.47e-06]    [2.93e-05, 0.00e+00]    []  
588000    [5.11e-06, 1.41e-06]    [5.11e-06, 0.00e+00]    []  
589000    [4.99e-06, 1.04e-06]    [4.99e-06, 0.00e+00]    []  
590000    [5.73e-05, 1.86e-05]    [5.73e-05, 0.00e+00]    []  
591000    [1.04e-05, 1.64e-06]    [1.04e-05, 0.00e+00]    []  
592000    [1.06e-05, 3.57e-06]    [1.06e-05, 0.00e+00]    []  
593000    [1.67e-05, 3.67e-06]    [1.67e-05, 0.00e+00]    []  
594000    [1.89e-05, 6.26e-06]    [1.89e-05, 0.00e+00]    []  
595000    [3.39e-05, 9.34e-06]    [3.39e-05, 0.00e+00]    []  
596000    [1.01e-05, 3.16e-06]    [1.01e-05, 0.00e+00]    []  
597000    [7.58e-06, 1.14e-06]    [7.58e-06, 0.00e+00]    []  
598000    [6.36e-06, 1.54e-06]    [6.36e-06, 0.00e+00]    []  
599000    [7.29e-06, 4.41e-06]    [7.29e-06, 0.00e+00]    []  
600000    [6.07e-06, 1.26e-06]    [6.07e-06, 0.00e+00]    []  
601000    [8.62e-06, 2.50e-06]    [8.62e-06, 0.00e+00]    []  
602000    [1.45e-05, 2.68e-06]    [1.45e-05, 0.00e+00]    []  
603000    [6.26e-06, 1.51e-06]    [6.26e-06, 0.00e+00]    []  
604000    [4.65e-06, 1.08e-06]    [4.65e-06, 0.00e+00]    []  
605000    [2.73e-05, 3.35e-06]    [2.73e-05, 0.00e+00]    []  
606000    [5.31e-06, 1.10e-06]    [5.31e-06, 0.00e+00]    []  
607000    [5.18e-06, 9.88e-07]    [5.18e-06, 0.00e+00]    []  
608000    [1.87e-05, 2.14e-06]    [1.87e-05, 0.00e+00]    []  
609000    [5.29e-05, 1.90e-05]    [5.29e-05, 0.00e+00]    []  
610000    [2.81e-05, 1.22e-05]    [2.81e-05, 0.00e+00]    []  
611000    [4.54e-06, 9.90e-07]    [4.54e-06, 0.00e+00]    []  
612000    [1.27e-05, 3.60e-06]    [1.27e-05, 0.00e+00]    []  
613000    [4.49e-06, 9.56e-07]    [4.49e-06, 0.00e+00]    []  
614000    [1.41e-05, 4.26e-06]    [1.41e-05, 0.00e+00]    []  
615000    [1.36e-05, 2.23e-06]    [1.36e-05, 0.00e+00]    []  
616000    [2.84e-05, 2.30e-06]    [2.84e-05, 0.00e+00]    []  
617000    [1.51e-05, 4.27e-06]    [1.51e-05, 0.00e+00]    []  
618000    [1.60e-05, 6.37e-06]    [1.60e-05, 0.00e+00]    []  
619000    [5.83e-05, 8.01e-06]    [5.83e-05, 0.00e+00]    []  
620000    [3.32e-05, 1.44e-06]    [3.32e-05, 0.00e+00]    []  
621000    [6.69e-06, 1.69e-06]    [6.69e-06, 0.00e+00]    []  
622000    [5.23e-06, 1.62e-06]    [5.23e-06, 0.00e+00]    []  
623000    [3.43e-05, 1.61e-06]    [3.43e-05, 0.00e+00]    []  
624000    [5.40e-06, 1.32e-06]    [5.40e-06, 0.00e+00]    []  
625000    [6.20e-06, 1.59e-06]    [6.20e-06, 0.00e+00]    []  
626000    [1.11e-05, 1.13e-06]    [1.11e-05, 0.00e+00]    []  
627000    [1.35e-05, 1.18e-06]    [1.35e-05, 0.00e+00]    []  
628000    [5.08e-06, 1.18e-06]    [5.08e-06, 0.00e+00]    []  
629000    [4.97e-06, 1.15e-06]    [4.97e-06, 0.00e+00]    []  
630000    [4.38e-06, 9.43e-07]    [4.38e-06, 0.00e+00]    []  
631000    [9.12e-06, 2.57e-06]    [9.12e-06, 0.00e+00]    []  
632000    [5.35e-05, 2.10e-06]    [5.35e-05, 0.00e+00]    []  
633000    [4.86e-06, 1.07e-06]    [4.86e-06, 0.00e+00]    []  
634000    [6.49e-06, 1.00e-06]    [6.49e-06, 0.00e+00]    []  
635000    [9.47e-06, 2.43e-06]    [9.47e-06, 0.00e+00]    []  
636000    [1.38e-05, 5.28e-06]    [1.38e-05, 0.00e+00]    []  
637000    [6.64e-06, 1.60e-06]    [6.64e-06, 0.00e+00]    []  
638000    [5.53e-06, 9.98e-07]    [5.53e-06, 0.00e+00]    []  
639000    [4.75e-06, 1.05e-06]    [4.75e-06, 0.00e+00]    []  
640000    [2.21e-05, 2.17e-06]    [2.21e-05, 0.00e+00]    []  
641000    [1.16e-05, 2.73e-06]    [1.16e-05, 0.00e+00]    []  
642000    [9.69e-06, 2.03e-06]    [9.69e-06, 0.00e+00]    []  
643000    [3.96e-05, 1.36e-06]    [3.96e-05, 0.00e+00]    []  
644000    [4.99e-06, 1.14e-06]    [4.99e-06, 0.00e+00]    []  
645000    [1.18e-05, 3.26e-06]    [1.18e-05, 0.00e+00]    []  
646000    [4.31e-06, 9.50e-07]    [4.31e-06, 0.00e+00]    []  
647000    [8.73e-06, 1.19e-06]    [8.73e-06, 0.00e+00]    []  
648000    [1.64e-05, 3.94e-06]    [1.64e-05, 0.00e+00]    []  
649000    [9.47e-06, 2.67e-06]    [9.47e-06, 0.00e+00]    []  
650000    [5.35e-06, 1.05e-06]    [5.35e-06, 0.00e+00]    []  
651000    [1.11e-05, 1.60e-06]    [1.11e-05, 0.00e+00]    []  
652000    [4.66e-06, 1.28e-06]    [4.66e-06, 0.00e+00]    []  
653000    [1.77e-05, 3.28e-06]    [1.77e-05, 0.00e+00]    []  
654000    [7.36e-06, 1.94e-06]    [7.36e-06, 0.00e+00]    []  
655000    [5.05e-06, 1.21e-06]    [5.05e-06, 0.00e+00]    []  
656000    [4.17e-06, 8.85e-07]    [4.17e-06, 0.00e+00]    []  
657000    [9.71e-06, 1.31e-06]    [9.71e-06, 0.00e+00]    []  
658000    [6.95e-06, 1.17e-06]    [6.95e-06, 0.00e+00]    []  
659000    [9.12e-06, 3.83e-06]    [9.12e-06, 0.00e+00]    []  
660000    [1.09e-05, 3.57e-06]    [1.09e-05, 0.00e+00]    []  
661000    [1.08e-05, 3.22e-06]    [1.08e-05, 0.00e+00]    []  
662000    [7.10e-06, 1.54e-06]    [7.10e-06, 0.00e+00]    []  
663000    [8.93e-06, 4.13e-06]    [8.93e-06, 0.00e+00]    []  
664000    [5.42e-06, 1.07e-06]    [5.42e-06, 0.00e+00]    []  
665000    [5.42e-06, 2.50e-06]    [5.42e-06, 0.00e+00]    []  
666000    [4.84e-06, 1.21e-06]    [4.84e-06, 0.00e+00]    []  
667000    [8.23e-06, 1.30e-06]    [8.23e-06, 0.00e+00]    []  
668000    [1.60e-05, 2.80e-06]    [1.60e-05, 0.00e+00]    []  
669000    [2.57e-05, 2.60e-06]    [2.57e-05, 0.00e+00]    []  
670000    [9.31e-06, 3.82e-06]    [9.31e-06, 0.00e+00]    []  
671000    [3.69e-05, 1.19e-05]    [3.69e-05, 0.00e+00]    []  
672000    [1.30e-05, 3.67e-06]    [1.30e-05, 0.00e+00]    []  
673000    [2.59e-05, 8.96e-06]    [2.59e-05, 0.00e+00]    []  
674000    [2.89e-05, 1.82e-06]    [2.89e-05, 0.00e+00]    []  
675000    [6.17e-06, 1.59e-06]    [6.17e-06, 0.00e+00]    []  
676000    [6.60e-06, 1.11e-06]    [6.60e-06, 0.00e+00]    []  
677000    [1.02e-05, 3.00e-06]    [1.02e-05, 0.00e+00]    []  
678000    [3.78e-05, 1.22e-05]    [3.78e-05, 0.00e+00]    []  
679000    [1.30e-05, 2.33e-06]    [1.30e-05, 0.00e+00]    []  
680000    [1.26e-04, 5.74e-06]    [1.26e-04, 0.00e+00]    []  
681000    [4.07e-06, 8.53e-07]    [4.07e-06, 0.00e+00]    []  
682000    [6.93e-06, 4.30e-06]    [6.93e-06, 0.00e+00]    []  
683000    [9.38e-06, 3.06e-06]    [9.38e-06, 0.00e+00]    []  
684000    [2.83e-05, 4.10e-06]    [2.83e-05, 0.00e+00]    []  
685000    [3.73e-05, 1.19e-05]    [3.73e-05, 0.00e+00]    []  
686000    [6.54e-06, 9.43e-07]    [6.54e-06, 0.00e+00]    []  
687000    [7.99e-06, 2.66e-06]    [7.99e-06, 0.00e+00]    []  
688000    [5.61e-06, 1.60e-06]    [5.61e-06, 0.00e+00]    []  
689000    [2.98e-05, 1.61e-06]    [2.98e-05, 0.00e+00]    []  
690000    [5.90e-06, 1.69e-06]    [5.90e-06, 0.00e+00]    []  
691000    [7.32e-06, 9.46e-07]    [7.32e-06, 0.00e+00]    []  
692000    [8.59e-06, 2.16e-06]    [8.59e-06, 0.00e+00]    []  
693000    [4.05e-05, 1.13e-05]    [4.05e-05, 0.00e+00]    []  
694000    [2.97e-05, 1.21e-06]    [2.97e-05, 0.00e+00]    []  
695000    [1.26e-05, 4.17e-06]    [1.26e-05, 0.00e+00]    []  
696000    [1.49e-05, 1.67e-06]    [1.49e-05, 0.00e+00]    []  
697000    [6.58e-06, 1.62e-06]    [6.58e-06, 0.00e+00]    []  
698000    [5.15e-06, 1.04e-06]    [5.15e-06, 0.00e+00]    []  
699000    [2.06e-05, 1.23e-06]    [2.06e-05, 0.00e+00]    []  
700000    [1.86e-05, 5.74e-06]    [1.86e-05, 0.00e+00]    []  
701000    [2.13e-05, 2.56e-06]    [2.13e-05, 0.00e+00]    []  
702000    [4.00e-06, 8.94e-07]    [4.00e-06, 0.00e+00]    []  
703000    [1.82e-05, 5.14e-06]    [1.82e-05, 0.00e+00]    []  
704000    [3.86e-06, 8.44e-07]    [3.86e-06, 0.00e+00]    []  
705000    [6.66e-06, 2.13e-06]    [6.66e-06, 0.00e+00]    []  
706000    [4.79e-06, 1.16e-06]    [4.79e-06, 0.00e+00]    []  
707000    [4.26e-06, 8.63e-07]    [4.26e-06, 0.00e+00]    []  
708000    [4.03e-06, 8.88e-07]    [4.03e-06, 0.00e+00]    []  
709000    [4.91e-06, 1.22e-06]    [4.91e-06, 0.00e+00]    []  
710000    [5.47e-06, 1.37e-06]    [5.47e-06, 0.00e+00]    []  
711000    [7.97e-06, 4.42e-06]    [7.97e-06, 0.00e+00]    []  
712000    [4.11e-06, 9.21e-07]    [4.11e-06, 0.00e+00]    []  
713000    [6.61e-06, 1.07e-06]    [6.61e-06, 0.00e+00]    []  
714000    [1.57e-05, 5.60e-06]    [1.57e-05, 0.00e+00]    []  
715000    [2.07e-05, 1.83e-06]    [2.07e-05, 0.00e+00]    []  
716000    [1.33e-05, 1.22e-06]    [1.33e-05, 0.00e+00]    []  
717000    [5.89e-05, 8.40e-06]    [5.89e-05, 0.00e+00]    []  
718000    [6.29e-06, 1.05e-06]    [6.29e-06, 0.00e+00]    []  
719000    [6.58e-06, 1.68e-06]    [6.58e-06, 0.00e+00]    []  
720000    [1.04e-05, 9.45e-07]    [1.04e-05, 0.00e+00]    []  
721000    [5.83e-06, 1.28e-06]    [5.83e-06, 0.00e+00]    []  
722000    [5.32e-06, 1.23e-06]    [5.32e-06, 0.00e+00]    []  
723000    [7.69e-06, 1.98e-06]    [7.69e-06, 0.00e+00]    []  
724000    [1.03e-05, 1.86e-06]    [1.03e-05, 0.00e+00]    []  
725000    [5.15e-06, 1.38e-06]    [5.15e-06, 0.00e+00]    []  
726000    [3.96e-06, 9.02e-07]    [3.96e-06, 0.00e+00]    []  
727000    [6.97e-06, 2.18e-06]    [6.97e-06, 0.00e+00]    []  
728000    [1.40e-05, 9.53e-07]    [1.40e-05, 0.00e+00]    []  
729000    [3.39e-05, 1.80e-06]    [3.39e-05, 0.00e+00]    []  
730000    [3.71e-06, 8.01e-07]    [3.71e-06, 0.00e+00]    []  
731000    [5.45e-06, 9.93e-07]    [5.45e-06, 0.00e+00]    []  
732000    [4.49e-06, 8.37e-07]    [4.49e-06, 0.00e+00]    []  
733000    [4.65e-06, 1.17e-06]    [4.65e-06, 0.00e+00]    []  
734000    [3.99e-06, 9.71e-07]    [3.99e-06, 0.00e+00]    []  
735000    [4.62e-06, 9.78e-07]    [4.62e-06, 0.00e+00]    []  
736000    [6.69e-06, 9.75e-07]    [6.69e-06, 0.00e+00]    []  
737000    [3.92e-06, 8.14e-07]    [3.92e-06, 0.00e+00]    []  
738000    [6.34e-05, 2.43e-06]    [6.34e-05, 0.00e+00]    []  
739000    [4.39e-06, 9.51e-07]    [4.39e-06, 0.00e+00]    []  
740000    [5.77e-05, 8.54e-06]    [5.77e-05, 0.00e+00]    []  
741000    [1.29e-05, 2.43e-06]    [1.29e-05, 0.00e+00]    []  
742000    [4.76e-06, 1.08e-06]    [4.76e-06, 0.00e+00]    []  
743000    [9.53e-06, 2.66e-06]    [9.53e-06, 0.00e+00]    []  
744000    [2.42e-05, 4.06e-06]    [2.42e-05, 0.00e+00]    []  
745000    [3.73e-06, 7.95e-07]    [3.73e-06, 0.00e+00]    []  
746000    [3.77e-05, 3.88e-06]    [3.77e-05, 0.00e+00]    []  
747000    [6.14e-06, 8.80e-07]    [6.14e-06, 0.00e+00]    []  
748000    [1.92e-05, 3.09e-06]    [1.92e-05, 0.00e+00]    []  
749000    [1.10e-05, 1.27e-06]    [1.10e-05, 0.00e+00]    []  
750000    [8.49e-06, 1.40e-06]    [8.49e-06, 0.00e+00]    []  
751000    [4.08e-06, 8.74e-07]    [4.08e-06, 0.00e+00]    []  
752000    [4.02e-05, 3.46e-06]    [4.02e-05, 0.00e+00]    []  
753000    [1.66e-05, 4.25e-06]    [1.66e-05, 0.00e+00]    []  
754000    [5.91e-06, 1.49e-06]    [5.91e-06, 0.00e+00]    []  
755000    [8.31e-06, 7.50e-06]    [8.31e-06, 0.00e+00]    []  
756000    [3.57e-06, 7.74e-07]    [3.57e-06, 0.00e+00]    []  
757000    [3.53e-05, 3.68e-06]    [3.53e-05, 0.00e+00]    []  
758000    [1.75e-05, 4.87e-06]    [1.75e-05, 0.00e+00]    []  
759000    [3.73e-06, 7.97e-07]    [3.73e-06, 0.00e+00]    []  
760000    [3.62e-06, 8.11e-07]    [3.62e-06, 0.00e+00]    []  
761000    [8.46e-06, 2.49e-06]    [8.46e-06, 0.00e+00]    []  
762000    [3.97e-06, 7.91e-07]    [3.97e-06, 0.00e+00]    []  
763000    [3.78e-06, 8.88e-07]    [3.78e-06, 0.00e+00]    []  
764000    [3.62e-06, 9.28e-07]    [3.62e-06, 0.00e+00]    []  
765000    [5.95e-06, 1.56e-06]    [5.95e-06, 0.00e+00]    []  
766000    [1.64e-05, 4.67e-06]    [1.64e-05, 0.00e+00]    []  
767000    [4.04e-06, 1.08e-06]    [4.04e-06, 0.00e+00]    []  
768000    [1.47e-05, 1.12e-06]    [1.47e-05, 0.00e+00]    []  
769000    [3.51e-06, 7.74e-07]    [3.51e-06, 0.00e+00]    []  
770000    [1.15e-05, 9.09e-07]    [1.15e-05, 0.00e+00]    []  
771000    [1.59e-05, 5.49e-06]    [1.59e-05, 0.00e+00]    []  
772000    [4.35e-06, 1.07e-06]    [4.35e-06, 0.00e+00]    []  
773000    [1.29e-05, 3.68e-06]    [1.29e-05, 0.00e+00]    []  
774000    [6.33e-06, 1.87e-06]    [6.33e-06, 0.00e+00]    []  
775000    [4.84e-06, 1.22e-06]    [4.84e-06, 0.00e+00]    []  
776000    [6.57e-06, 1.43e-06]    [6.57e-06, 0.00e+00]    []  
777000    [2.02e-05, 1.05e-05]    [2.02e-05, 0.00e+00]    []  
778000    [5.24e-06, 1.35e-06]    [5.24e-06, 0.00e+00]    []  
779000    [1.42e-05, 4.54e-06]    [1.42e-05, 0.00e+00]    []  
780000    [1.85e-05, 5.92e-06]    [1.85e-05, 0.00e+00]    []  
781000    [3.20e-05, 3.50e-06]    [3.20e-05, 0.00e+00]    []  
782000    [9.77e-06, 2.51e-06]    [9.77e-06, 0.00e+00]    []  
783000    [5.90e-06, 1.58e-06]    [5.90e-06, 0.00e+00]    []  
784000    [3.45e-06, 7.86e-07]    [3.45e-06, 0.00e+00]    []  
785000    [4.75e-06, 1.03e-06]    [4.75e-06, 0.00e+00]    []  
786000    [7.20e-06, 1.13e-06]    [7.20e-06, 0.00e+00]    []  
787000    [9.53e-06, 2.63e-06]    [9.53e-06, 0.00e+00]    []  
788000    [2.12e-05, 1.70e-06]    [2.12e-05, 0.00e+00]    []  
789000    [3.41e-06, 7.64e-07]    [3.41e-06, 0.00e+00]    []  
790000    [1.27e-05, 3.75e-06]    [1.27e-05, 0.00e+00]    []  
791000    [1.13e-05, 1.94e-06]    [1.13e-05, 0.00e+00]    []  
792000    [2.24e-05, 1.32e-06]    [2.24e-05, 0.00e+00]    []  
793000    [3.82e-06, 7.74e-07]    [3.82e-06, 0.00e+00]    []  
794000    [6.72e-06, 3.21e-06]    [6.72e-06, 0.00e+00]    []  
795000    [8.21e-06, 2.28e-06]    [8.21e-06, 0.00e+00]    []  
796000    [9.40e-06, 3.93e-06]    [9.40e-06, 0.00e+00]    []  
797000    [3.76e-06, 7.83e-07]    [3.76e-06, 0.00e+00]    []  
798000    [4.66e-06, 1.74e-06]    [4.66e-06, 0.00e+00]    []  
799000    [3.99e-06, 8.31e-07]    [3.99e-06, 0.00e+00]    []  
800000    [2.93e-05, 2.62e-06]    [2.93e-05, 0.00e+00]    []  

Best model at step 789000:
  train loss: 4.17e-06
  test loss: 3.41e-06
  test metric: []

'train' took 23024.110593 s

[?1049h[1;24r(B[m[4l[?7h[?1h=[39;49m[39;49m[97m[40m(B[m[39;49m[97m[40m[H[2J[37m[40m[J(B[m[39;49m[97m[40m[22d[93m[44mGetting http://127.0.0.1:40262/[K(B[m[39;49m[97m[40m[93m[44mLooking up 127.0.0.1:40262[K(B[m[39;49m[97m[40m[93m[44mMaking HTTP connection to 127.0.0.1:40262(B[m[39;49m[97m[40m[93m[44mSending HTTP request.[K(B[m[39;49m[97m[40m[93m[44mHTTP request sent; waiting for response.(B[m[39;49m[97m[40m

Warning: To use the exr data format, please install the OpenEXR package following the instructions detailed in the README at github.com/tensorflow/graphics.
Warning: To use the threejs_vizualization, please install the colabtools package following the instructions detailed in the README at github.com/tensorflow/graphics.
/data/homezvol2/andyz8/.local/lib/python3.8/site-packages/keras/legacy_tf_layers/core.py:236: UserWarning: `tf.layers.dense` is deprecated and will be removed in a future version. Please use `tf.keras.layers.Dense` instead.
  warnings.warn('`tf.layers.dense` is deprecated and '
/data/homezvol2/andyz8/.local/lib/python3.8/site-packages/keras/engine/base_layer_v1.py:1676: UserWarning: `layer.apply` is deprecated and will be removed in a future version. Please use `layer.__call__` method instead.
  warnings.warn('`layer.apply` is deprecated and '
----------------------------------------
Exception happened during processing of request from ('127.0.0.1', 57618)
Traceback (most recent call last):
  File "/data/homezvol2/andyz8/.conda/envs/tf2-gpu/lib/python3.8/socketserver.py", line 316, in _handle_request_noblock
    self.process_request(request, client_address)
  File "/data/homezvol2/andyz8/.conda/envs/tf2-gpu/lib/python3.8/socketserver.py", line 347, in process_request
    self.finish_request(request, client_address)
  File "/data/homezvol2/andyz8/.conda/envs/tf2-gpu/lib/python3.8/socketserver.py", line 360, in finish_request
    self.RequestHandlerClass(request, client_address, self)
  File "/data/homezvol2/andyz8/.conda/envs/tf2-gpu/lib/python3.8/socketserver.py", line 747, in __init__
    self.handle()
  File "/data/homezvol2/andyz8/.conda/envs/tf2-gpu/lib/python3.8/http/server.py", line 427, in handle
    self.handle_one_request()
  File "/data/homezvol2/andyz8/.conda/envs/tf2-gpu/lib/python3.8/http/server.py", line 415, in handle_one_request
    method()
  File "/data/homezvol2/andyz8/.conda/envs/tf2-gpu/lib/python3.8/site-packages/plotly/io/_base_renderers.py", line 677, in do_GET
    self.wfile.write(html[i : i + bufferSize])
  File "/data/homezvol2/andyz8/.conda/envs/tf2-gpu/lib/python3.8/socketserver.py", line 826, in write
    self._sock.sendall(b)
BrokenPipeError: [Errno 32] Broken pipe
----------------------------------------
[39;49m[K[24;1H[?1049l[?1l>