WARNING:tensorflow:From /data/homezvol2/andyz8/.local/lib/python3.8/site-packages/tensorflow/python/compat/v2_compat.py:101: disable_resource_variables (from tensorflow.python.ops.variable_scope) is deprecated and will be removed in a future version.
Instructions for updating:
non-resource variables are not supported in the long term
Using TensorFlow 2 backend.

./DDA/2D-MRI/inverse-ray/1/
Compiling model...
Building feed-forward neural network...
'build' took 0.093034 s

2022-07-22 02:43:41.489582: I tensorflow/core/platform/cpu_feature_guard.cc:142] This TensorFlow binary is optimized with oneAPI Deep Neural Network Library (oneDNN) to use the following CPU instructions in performance-critical operations:  AVX2 AVX512F FMA
To enable them in other operations, rebuild TensorFlow with the appropriate compiler flags.
2022-07-22 02:43:47.259764: I tensorflow/core/common_runtime/gpu/gpu_device.cc:1510] Created device /job:localhost/replica:0/task:0/device:GPU:0 with 14647 MB memory:  -> device: 0, name: Tesla V100-FHHL-16GB, pci bus id: 0000:12:00.0, compute capability: 7.0
'compile' took 7.111059 s

Initializing variables...
Training model...

Step      Train loss              Test loss               Test metric
0         [2.44e-02, 4.47e-02]    [2.44e-02, 0.00e+00]    []  
1000      [3.48e-03, 1.22e-03]    [3.48e-03, 0.00e+00]    []  
2000      [2.15e-03, 8.25e-04]    [2.15e-03, 0.00e+00]    []  
3000      [1.49e-03, 6.87e-04]    [1.49e-03, 0.00e+00]    []  
4000      [1.58e-03, 6.54e-04]    [1.58e-03, 0.00e+00]    []  
5000      [1.40e-03, 5.83e-04]    [1.40e-03, 0.00e+00]    []  
6000      [1.21e-03, 5.29e-04]    [1.21e-03, 0.00e+00]    []  
7000      [1.08e-03, 4.71e-04]    [1.08e-03, 0.00e+00]    []  
8000      [1.02e-03, 4.06e-04]    [1.02e-03, 0.00e+00]    []  
9000      [7.37e-04, 3.06e-04]    [7.37e-04, 0.00e+00]    []  
10000     [1.56e-03, 2.33e-04]    [1.56e-03, 0.00e+00]    []  
11000     [4.67e-04, 1.89e-04]    [4.67e-04, 0.00e+00]    []  
12000     [9.10e-04, 1.87e-04]    [9.10e-04, 0.00e+00]    []  
13000     [3.59e-04, 1.44e-04]    [3.59e-04, 0.00e+00]    []  
14000     [3.54e-04, 1.36e-04]    [3.54e-04, 0.00e+00]    []  
15000     [6.07e-04, 1.48e-04]    [6.07e-04, 0.00e+00]    []  
16000     [5.32e-04, 1.21e-04]    [5.32e-04, 0.00e+00]    []  
17000     [3.13e-04, 1.17e-04]    [3.13e-04, 0.00e+00]    []  
18000     [3.00e-04, 1.11e-04]    [3.00e-04, 0.00e+00]    []  
19000     [5.63e-04, 1.22e-04]    [5.63e-04, 0.00e+00]    []  
20000     [7.59e-04, 1.01e-04]    [7.59e-04, 0.00e+00]    []  
21000     [6.19e-04, 1.12e-04]    [6.19e-04, 0.00e+00]    []  
22000     [3.23e-04, 1.07e-04]    [3.23e-04, 0.00e+00]    []  
23000     [4.64e-04, 1.06e-04]    [4.64e-04, 0.00e+00]    []  
24000     [6.12e-04, 1.20e-04]    [6.12e-04, 0.00e+00]    []  
25000     [3.07e-04, 9.68e-05]    [3.07e-04, 0.00e+00]    []  
26000     [2.93e-04, 9.82e-05]    [2.93e-04, 0.00e+00]    []  
27000     [9.45e-04, 9.16e-05]    [9.45e-04, 0.00e+00]    []  
28000     [8.23e-04, 9.09e-05]    [8.23e-04, 0.00e+00]    []  
29000     [1.50e-03, 8.13e-05]    [1.50e-03, 0.00e+00]    []  
30000     [3.48e-04, 8.91e-05]    [3.48e-04, 0.00e+00]    []  
31000     [4.40e-04, 8.65e-05]    [4.40e-04, 0.00e+00]    []  
32000     [3.06e-04, 8.10e-05]    [3.06e-04, 0.00e+00]    []  
33000     [6.11e-04, 9.94e-05]    [6.11e-04, 0.00e+00]    []  
34000     [2.82e-04, 8.23e-05]    [2.82e-04, 0.00e+00]    []  
35000     [3.44e-04, 7.98e-05]    [3.44e-04, 0.00e+00]    []  
36000     [3.31e-04, 8.09e-05]    [3.31e-04, 0.00e+00]    []  
37000     [2.70e-04, 7.86e-05]    [2.70e-04, 0.00e+00]    []  
38000     [2.62e-04, 7.79e-05]    [2.62e-04, 0.00e+00]    []  
39000     [2.53e-04, 7.75e-05]    [2.53e-04, 0.00e+00]    []  
40000     [4.13e-04, 8.10e-05]    [4.13e-04, 0.00e+00]    []  
41000     [2.15e-04, 7.25e-05]    [2.15e-04, 0.00e+00]    []  
42000     [3.29e-04, 7.87e-05]    [3.29e-04, 0.00e+00]    []  
43000     [3.15e-04, 7.29e-05]    [3.15e-04, 0.00e+00]    []  
44000     [3.86e-04, 7.12e-05]    [3.86e-04, 0.00e+00]    []  
45000     [2.23e-04, 7.08e-05]    [2.23e-04, 0.00e+00]    []  
46000     [8.82e-04, 7.64e-05]    [8.82e-04, 0.00e+00]    []  
47000     [5.34e-04, 6.72e-05]    [5.34e-04, 0.00e+00]    []  
48000     [3.58e-04, 7.15e-05]    [3.58e-04, 0.00e+00]    []  
49000     [2.22e-04, 6.79e-05]    [2.22e-04, 0.00e+00]    []  
50000     [3.94e-04, 6.33e-05]    [3.94e-04, 0.00e+00]    []  
51000     [1.95e-04, 6.46e-05]    [1.95e-04, 0.00e+00]    []  
52000     [7.16e-04, 6.61e-05]    [7.16e-04, 0.00e+00]    []  
53000     [2.53e-04, 6.41e-05]    [2.53e-04, 0.00e+00]    []  
54000     [1.88e-04, 6.25e-05]    [1.88e-04, 0.00e+00]    []  
55000     [2.93e-04, 6.22e-05]    [2.93e-04, 0.00e+00]    []  
56000     [5.80e-04, 6.11e-05]    [5.80e-04, 0.00e+00]    []  
57000     [1.31e-03, 6.71e-05]    [1.31e-03, 0.00e+00]    []  
58000     [2.24e-04, 5.99e-05]    [2.24e-04, 0.00e+00]    []  
59000     [6.02e-04, 5.42e-05]    [6.02e-04, 0.00e+00]    []  
60000     [1.61e-04, 5.67e-05]    [1.61e-04, 0.00e+00]    []  
61000     [1.93e-04, 5.64e-05]    [1.93e-04, 0.00e+00]    []  
62000     [2.64e-04, 5.56e-05]    [2.64e-04, 0.00e+00]    []  
63000     [2.38e-04, 5.28e-05]    [2.38e-04, 0.00e+00]    []  
64000     [2.87e-04, 6.13e-05]    [2.87e-04, 0.00e+00]    []  
65000     [3.06e-04, 5.82e-05]    [3.06e-04, 0.00e+00]    []  
66000     [5.01e-04, 5.20e-05]    [5.01e-04, 0.00e+00]    []  
67000     [3.73e-04, 5.26e-05]    [3.73e-04, 0.00e+00]    []  
68000     [2.19e-04, 5.11e-05]    [2.19e-04, 0.00e+00]    []  
69000     [2.98e-04, 5.00e-05]    [2.98e-04, 0.00e+00]    []  
70000     [1.40e-04, 5.00e-05]    [1.40e-04, 0.00e+00]    []  
71000     [1.66e-03, 5.50e-05]    [1.66e-03, 0.00e+00]    []  
72000     [1.58e-04, 4.69e-05]    [1.58e-04, 0.00e+00]    []  
73000     [1.68e-04, 5.07e-05]    [1.68e-04, 0.00e+00]    []  
74000     [1.87e-04, 5.08e-05]    [1.87e-04, 0.00e+00]    []  
75000     [1.49e-04, 4.70e-05]    [1.49e-04, 0.00e+00]    []  
76000     [1.67e-04, 4.58e-05]    [1.67e-04, 0.00e+00]    []  
77000     [1.22e-04, 4.56e-05]    [1.22e-04, 0.00e+00]    []  
78000     [1.56e-04, 4.55e-05]    [1.56e-04, 0.00e+00]    []  
79000     [1.28e-04, 4.46e-05]    [1.28e-04, 0.00e+00]    []  
80000     [1.18e-04, 4.46e-05]    [1.18e-04, 0.00e+00]    []  
81000     [1.21e-04, 4.31e-05]    [1.21e-04, 0.00e+00]    []  
82000     [1.54e-04, 4.45e-05]    [1.54e-04, 0.00e+00]    []  
83000     [1.80e-04, 4.47e-05]    [1.80e-04, 0.00e+00]    []  
84000     [2.04e-04, 4.24e-05]    [2.04e-04, 0.00e+00]    []  
85000     [1.92e-04, 4.10e-05]    [1.92e-04, 0.00e+00]    []  
86000     [1.49e-04, 4.28e-05]    [1.49e-04, 0.00e+00]    []  
87000     [1.39e-04, 4.03e-05]    [1.39e-04, 0.00e+00]    []  
88000     [9.10e-04, 4.39e-05]    [9.10e-04, 0.00e+00]    []  
89000     [1.03e-04, 3.98e-05]    [1.03e-04, 0.00e+00]    []  
90000     [2.29e-04, 3.91e-05]    [2.29e-04, 0.00e+00]    []  
91000     [1.10e-04, 3.93e-05]    [1.10e-04, 0.00e+00]    []  
92000     [5.37e-04, 3.85e-05]    [5.37e-04, 0.00e+00]    []  
93000     [1.92e-04, 4.07e-05]    [1.92e-04, 0.00e+00]    []  
94000     [1.06e-04, 3.82e-05]    [1.06e-04, 0.00e+00]    []  
95000     [6.81e-04, 3.63e-05]    [6.81e-04, 0.00e+00]    []  
96000     [6.13e-04, 3.49e-05]    [6.13e-04, 0.00e+00]    []  
97000     [7.50e-04, 3.32e-05]    [7.50e-04, 0.00e+00]    []  
98000     [1.24e-04, 3.55e-05]    [1.24e-04, 0.00e+00]    []  
99000     [1.07e-04, 3.43e-05]    [1.07e-04, 0.00e+00]    []  
100000    [1.04e-04, 3.51e-05]    [1.04e-04, 0.00e+00]    []  
101000    [1.00e-04, 3.36e-05]    [1.00e-04, 0.00e+00]    []  
102000    [1.52e-04, 3.30e-05]    [1.52e-04, 0.00e+00]    []  
103000    [2.20e-04, 3.42e-05]    [2.20e-04, 0.00e+00]    []  
104000    [1.14e-04, 3.49e-05]    [1.14e-04, 0.00e+00]    []  
105000    [9.52e-05, 3.15e-05]    [9.52e-05, 0.00e+00]    []  
106000    [2.44e-03, 3.96e-05]    [2.44e-03, 0.00e+00]    []  
107000    [2.82e-04, 3.13e-05]    [2.82e-04, 0.00e+00]    []  
108000    [1.05e-03, 3.27e-05]    [1.05e-03, 0.00e+00]    []  
109000    [8.28e-05, 3.00e-05]    [8.28e-05, 0.00e+00]    []  
110000    [7.68e-05, 3.03e-05]    [7.68e-05, 0.00e+00]    []  
111000    [8.51e-05, 2.86e-05]    [8.51e-05, 0.00e+00]    []  
112000    [1.10e-04, 3.02e-05]    [1.10e-04, 0.00e+00]    []  
113000    [2.73e-04, 2.91e-05]    [2.73e-04, 0.00e+00]    []  
114000    [1.06e-04, 2.74e-05]    [1.06e-04, 0.00e+00]    []  
115000    [9.19e-05, 2.69e-05]    [9.19e-05, 0.00e+00]    []  
116000    [7.50e-05, 2.69e-05]    [7.50e-05, 0.00e+00]    []  
117000    [7.70e-05, 2.68e-05]    [7.70e-05, 0.00e+00]    []  
118000    [4.17e-04, 2.79e-05]    [4.17e-04, 0.00e+00]    []  
119000    [3.21e-04, 2.63e-05]    [3.21e-04, 0.00e+00]    []  
120000    [8.03e-04, 4.91e-05]    [8.03e-04, 0.00e+00]    []  
121000    [3.63e-04, 2.64e-05]    [3.63e-04, 0.00e+00]    []  
122000    [1.29e-04, 2.84e-05]    [1.29e-04, 0.00e+00]    []  
123000    [1.24e-04, 2.42e-05]    [1.24e-04, 0.00e+00]    []  
124000    [2.03e-04, 2.40e-05]    [2.03e-04, 0.00e+00]    []  
125000    [1.02e-04, 2.39e-05]    [1.02e-04, 0.00e+00]    []  
126000    [6.21e-05, 2.22e-05]    [6.21e-05, 0.00e+00]    []  
127000    [7.14e-05, 2.28e-05]    [7.14e-05, 0.00e+00]    []  
128000    [6.56e-05, 2.17e-05]    [6.56e-05, 0.00e+00]    []  
129000    [1.07e-04, 2.07e-05]    [1.07e-04, 0.00e+00]    []  
130000    [6.14e-05, 2.05e-05]    [6.14e-05, 0.00e+00]    []  
131000    [1.14e-04, 2.00e-05]    [1.14e-04, 0.00e+00]    []  
132000    [8.84e-05, 2.49e-05]    [8.84e-05, 0.00e+00]    []  
133000    [6.77e-05, 1.93e-05]    [6.77e-05, 0.00e+00]    []  
134000    [7.71e-05, 1.79e-05]    [7.71e-05, 0.00e+00]    []  
135000    [9.20e-05, 1.87e-05]    [9.20e-05, 0.00e+00]    []  
136000    [1.13e-04, 1.94e-05]    [1.13e-04, 0.00e+00]    []  
137000    [2.49e-04, 1.79e-05]    [2.49e-04, 0.00e+00]    []  
138000    [9.88e-05, 1.93e-05]    [9.88e-05, 0.00e+00]    []  
139000    [5.04e-05, 1.69e-05]    [5.04e-05, 0.00e+00]    []  
140000    [1.18e-04, 2.11e-05]    [1.18e-04, 0.00e+00]    []  
141000    [7.77e-05, 1.66e-05]    [7.77e-05, 0.00e+00]    []  
142000    [4.76e-05, 1.60e-05]    [4.76e-05, 0.00e+00]    []  
143000    [6.17e-05, 1.63e-05]    [6.17e-05, 0.00e+00]    []  
144000    [5.70e-05, 1.50e-05]    [5.70e-05, 0.00e+00]    []  
145000    [4.47e-05, 1.51e-05]    [4.47e-05, 0.00e+00]    []  
146000    [7.51e-05, 1.51e-05]    [7.51e-05, 0.00e+00]    []  
147000    [1.22e-03, 1.39e-05]    [1.22e-03, 0.00e+00]    []  
148000    [8.35e-05, 1.49e-05]    [8.35e-05, 0.00e+00]    []  
149000    [5.63e-05, 1.47e-05]    [5.63e-05, 0.00e+00]    []  
150000    [1.91e-04, 1.83e-05]    [1.91e-04, 0.00e+00]    []  
151000    [2.45e-04, 1.35e-05]    [2.45e-04, 0.00e+00]    []  
152000    [1.13e-03, 1.77e-05]    [1.13e-03, 0.00e+00]    []  
153000    [7.18e-05, 1.34e-05]    [7.18e-05, 0.00e+00]    []  
154000    [1.53e-04, 1.21e-05]    [1.53e-04, 0.00e+00]    []  
155000    [5.32e-05, 1.21e-05]    [5.32e-05, 0.00e+00]    []  
156000    [4.94e-05, 1.28e-05]    [4.94e-05, 0.00e+00]    []  
157000    [3.71e-05, 1.25e-05]    [3.71e-05, 0.00e+00]    []  
158000    [2.43e-04, 1.46e-05]    [2.43e-04, 0.00e+00]    []  
159000    [1.73e-04, 1.16e-05]    [1.73e-04, 0.00e+00]    []  
160000    [5.77e-05, 1.14e-05]    [5.77e-05, 0.00e+00]    []  
161000    [2.79e-04, 3.01e-05]    [2.79e-04, 0.00e+00]    []  
162000    [4.19e-04, 1.10e-05]    [4.19e-04, 0.00e+00]    []  
163000    [3.42e-05, 1.08e-05]    [3.42e-05, 0.00e+00]    []  
164000    [4.00e-05, 1.05e-05]    [4.00e-05, 0.00e+00]    []  
165000    [4.29e-05, 1.11e-05]    [4.29e-05, 0.00e+00]    []  
166000    [1.16e-03, 9.93e-06]    [1.16e-03, 0.00e+00]    []  
167000    [3.86e-04, 1.83e-05]    [3.86e-04, 0.00e+00]    []  
168000    [3.53e-05, 9.45e-06]    [3.53e-05, 0.00e+00]    []  
169000    [4.75e-05, 9.55e-06]    [4.75e-05, 0.00e+00]    []  
170000    [1.59e-04, 1.19e-05]    [1.59e-04, 0.00e+00]    []  
171000    [1.09e-04, 8.74e-06]    [1.09e-04, 0.00e+00]    []  
172000    [9.93e-05, 8.87e-06]    [9.93e-05, 0.00e+00]    []  
173000    [3.54e-05, 8.44e-06]    [3.54e-05, 0.00e+00]    []  
174000    [2.94e-05, 8.31e-06]    [2.94e-05, 0.00e+00]    []  
175000    [3.59e-05, 8.74e-06]    [3.59e-05, 0.00e+00]    []  
176000    [1.61e-04, 8.81e-06]    [1.61e-04, 0.00e+00]    []  
177000    [3.27e-05, 8.07e-06]    [3.27e-05, 0.00e+00]    []  
178000    [4.66e-05, 7.66e-06]    [4.66e-05, 0.00e+00]    []  
179000    [2.73e-05, 7.73e-06]    [2.73e-05, 0.00e+00]    []  
180000    [2.71e-04, 8.00e-06]    [2.71e-04, 0.00e+00]    []  
181000    [7.15e-05, 8.02e-06]    [7.15e-05, 0.00e+00]    []  
182000    [4.50e-05, 7.46e-06]    [4.50e-05, 0.00e+00]    []  
183000    [1.16e-04, 6.88e-06]    [1.16e-04, 0.00e+00]    []  
184000    [3.14e-04, 8.69e-06]    [3.14e-04, 0.00e+00]    []  
185000    [3.40e-05, 6.27e-06]    [3.40e-05, 0.00e+00]    []  
186000    [7.02e-05, 6.77e-06]    [7.02e-05, 0.00e+00]    []  
187000    [7.94e-05, 8.32e-06]    [7.94e-05, 0.00e+00]    []  
188000    [3.91e-05, 6.01e-06]    [3.91e-05, 0.00e+00]    []  
189000    [3.35e-04, 7.06e-06]    [3.35e-04, 0.00e+00]    []  
190000    [6.66e-05, 5.99e-06]    [6.66e-05, 0.00e+00]    []  
191000    [6.23e-05, 5.99e-06]    [6.23e-05, 0.00e+00]    []  
192000    [5.40e-05, 6.11e-06]    [5.40e-05, 0.00e+00]    []  
193000    [2.34e-05, 5.90e-06]    [2.34e-05, 0.00e+00]    []  
194000    [3.40e-04, 7.06e-06]    [3.40e-04, 0.00e+00]    []  
195000    [4.97e-05, 5.36e-06]    [4.97e-05, 0.00e+00]    []  
196000    [1.56e-04, 9.37e-06]    [1.56e-04, 0.00e+00]    []  
197000    [2.25e-05, 5.42e-06]    [2.25e-05, 0.00e+00]    []  
198000    [3.58e-04, 7.08e-06]    [3.58e-04, 0.00e+00]    []  
199000    [1.90e-04, 5.70e-06]    [1.90e-04, 0.00e+00]    []  
200000    [8.23e-05, 5.08e-06]    [8.23e-05, 0.00e+00]    []  
201000    [5.84e-04, 5.74e-06]    [5.84e-04, 0.00e+00]    []  
202000    [5.86e-05, 5.00e-06]    [5.86e-05, 0.00e+00]    []  
203000    [2.09e-05, 4.74e-06]    [2.09e-05, 0.00e+00]    []  
204000    [1.93e-04, 4.94e-06]    [1.93e-04, 0.00e+00]    []  
205000    [3.19e-05, 5.00e-06]    [3.19e-05, 0.00e+00]    []  
206000    [9.45e-04, 1.52e-05]    [9.45e-04, 0.00e+00]    []  
207000    [3.99e-05, 5.80e-06]    [3.99e-05, 0.00e+00]    []  
208000    [2.65e-04, 6.47e-06]    [2.65e-04, 0.00e+00]    []  
209000    [3.30e-05, 5.69e-06]    [3.30e-05, 0.00e+00]    []  
210000    [2.06e-05, 4.31e-06]    [2.06e-05, 0.00e+00]    []  
211000    [5.05e-05, 4.27e-06]    [5.05e-05, 0.00e+00]    []  
212000    [7.55e-05, 5.95e-06]    [7.55e-05, 0.00e+00]    []  
213000    [4.95e-05, 4.47e-06]    [4.95e-05, 0.00e+00]    []  
214000    [6.95e-05, 3.98e-06]    [6.95e-05, 0.00e+00]    []  
215000    [2.11e-05, 3.97e-06]    [2.11e-05, 0.00e+00]    []  
216000    [3.84e-05, 3.87e-06]    [3.84e-05, 0.00e+00]    []  
217000    [5.48e-04, 5.29e-06]    [5.48e-04, 0.00e+00]    []  
218000    [3.54e-04, 5.14e-06]    [3.54e-04, 0.00e+00]    []  
219000    [1.80e-05, 3.87e-06]    [1.80e-05, 0.00e+00]    []  
220000    [1.82e-05, 3.63e-06]    [1.82e-05, 0.00e+00]    []  
221000    [2.91e-05, 4.46e-06]    [2.91e-05, 0.00e+00]    []  
222000    [2.26e-05, 4.08e-06]    [2.26e-05, 0.00e+00]    []  
223000    [3.51e-05, 3.43e-06]    [3.51e-05, 0.00e+00]    []  
224000    [5.47e-05, 4.13e-06]    [5.47e-05, 0.00e+00]    []  
225000    [4.97e-05, 3.54e-06]    [4.97e-05, 0.00e+00]    []  
226000    [4.92e-05, 3.37e-06]    [4.92e-05, 0.00e+00]    []  
227000    [1.80e-05, 3.31e-06]    [1.80e-05, 0.00e+00]    []  
228000    [2.06e-05, 3.59e-06]    [2.06e-05, 0.00e+00]    []  
229000    [9.37e-05, 3.36e-06]    [9.37e-05, 0.00e+00]    []  
230000    [2.07e-05, 3.30e-06]    [2.07e-05, 0.00e+00]    []  
231000    [1.84e-05, 3.13e-06]    [1.84e-05, 0.00e+00]    []  
232000    [2.40e-05, 3.42e-06]    [2.40e-05, 0.00e+00]    []  
233000    [1.59e-05, 3.22e-06]    [1.59e-05, 0.00e+00]    []  
234000    [3.35e-05, 3.00e-06]    [3.35e-05, 0.00e+00]    []  
235000    [2.29e-05, 2.92e-06]    [2.29e-05, 0.00e+00]    []  
236000    [7.08e-05, 3.36e-06]    [7.08e-05, 0.00e+00]    []  
237000    [4.28e-05, 2.99e-06]    [4.28e-05, 0.00e+00]    []  
238000    [7.32e-05, 2.97e-06]    [7.32e-05, 0.00e+00]    []  
239000    [2.20e-05, 2.92e-06]    [2.20e-05, 0.00e+00]    []  
240000    [2.12e-05, 2.94e-06]    [2.12e-05, 0.00e+00]    []  
241000    [3.20e-05, 2.75e-06]    [3.20e-05, 0.00e+00]    []  
242000    [3.63e-05, 3.36e-06]    [3.63e-05, 0.00e+00]    []  
243000    [3.07e-05, 3.00e-06]    [3.07e-05, 0.00e+00]    []  
244000    [1.51e-05, 2.70e-06]    [1.51e-05, 0.00e+00]    []  
245000    [3.60e-05, 2.81e-06]    [3.60e-05, 0.00e+00]    []  
246000    [2.08e-04, 9.07e-06]    [2.08e-04, 0.00e+00]    []  
247000    [1.82e-05, 3.37e-06]    [1.82e-05, 0.00e+00]    []  
248000    [1.59e-05, 2.60e-06]    [1.59e-05, 0.00e+00]    []  
249000    [1.81e-04, 3.33e-06]    [1.81e-04, 0.00e+00]    []  
250000    [2.46e-05, 2.49e-06]    [2.46e-05, 0.00e+00]    []  
251000    [2.27e-04, 2.90e-06]    [2.27e-04, 0.00e+00]    []  
252000    [1.37e-05, 2.55e-06]    [1.37e-05, 0.00e+00]    []  
253000    [1.94e-05, 2.46e-06]    [1.94e-05, 0.00e+00]    []  
254000    [4.01e-05, 2.61e-06]    [4.01e-05, 0.00e+00]    []  
255000    [1.49e-05, 2.39e-06]    [1.49e-05, 0.00e+00]    []  
256000    [6.20e-05, 2.57e-06]    [6.20e-05, 0.00e+00]    []  
257000    [1.35e-05, 2.98e-06]    [1.35e-05, 0.00e+00]    []  
258000    [1.83e-05, 3.01e-06]    [1.83e-05, 0.00e+00]    []  
259000    [1.64e-05, 2.39e-06]    [1.64e-05, 0.00e+00]    []  
260000    [1.60e-05, 2.22e-06]    [1.60e-05, 0.00e+00]    []  
261000    [2.38e-05, 2.28e-06]    [2.38e-05, 0.00e+00]    []  
262000    [2.09e-05, 2.48e-06]    [2.09e-05, 0.00e+00]    []  
263000    [1.55e-04, 2.45e-06]    [1.55e-04, 0.00e+00]    []  
264000    [2.17e-05, 2.18e-06]    [2.17e-05, 0.00e+00]    []  
265000    [2.89e-05, 2.39e-06]    [2.89e-05, 0.00e+00]    []  
266000    [1.26e-04, 3.11e-06]    [1.26e-04, 0.00e+00]    []  
267000    [1.30e-05, 2.20e-06]    [1.30e-05, 0.00e+00]    []  
268000    [2.76e-05, 2.13e-06]    [2.76e-05, 0.00e+00]    []  
269000    [1.55e-04, 2.20e-06]    [1.55e-04, 0.00e+00]    []  
270000    [3.22e-05, 2.14e-06]    [3.22e-05, 0.00e+00]    []  
271000    [4.61e-05, 2.62e-06]    [4.61e-05, 0.00e+00]    []  
272000    [1.20e-05, 2.09e-06]    [1.20e-05, 0.00e+00]    []  
273000    [1.77e-05, 2.13e-06]    [1.77e-05, 0.00e+00]    []  
274000    [1.21e-05, 2.04e-06]    [1.21e-05, 0.00e+00]    []  
275000    [9.81e-05, 2.07e-06]    [9.81e-05, 0.00e+00]    []  
276000    [9.05e-05, 2.36e-06]    [9.05e-05, 0.00e+00]    []  
277000    [1.76e-05, 2.69e-06]    [1.76e-05, 0.00e+00]    []  
278000    [8.25e-05, 3.23e-06]    [8.25e-05, 0.00e+00]    []  
279000    [1.99e-04, 3.39e-06]    [1.99e-04, 0.00e+00]    []  
280000    [5.49e-05, 2.60e-06]    [5.49e-05, 0.00e+00]    []  
281000    [7.10e-05, 2.40e-06]    [7.10e-05, 0.00e+00]    []  
282000    [1.17e-05, 2.02e-06]    [1.17e-05, 0.00e+00]    []  
283000    [1.18e-05, 1.95e-06]    [1.18e-05, 0.00e+00]    []  
284000    [4.28e-05, 2.11e-06]    [4.28e-05, 0.00e+00]    []  
285000    [5.17e-05, 2.58e-06]    [5.17e-05, 0.00e+00]    []  
286000    [1.91e-04, 2.14e-06]    [1.91e-04, 0.00e+00]    []  
287000    [6.36e-04, 2.40e-06]    [6.36e-04, 0.00e+00]    []  
288000    [1.16e-04, 2.62e-06]    [1.16e-04, 0.00e+00]    []  
289000    [1.13e-04, 1.86e-06]    [1.13e-04, 0.00e+00]    []  
290000    [4.55e-04, 3.36e-06]    [4.55e-04, 0.00e+00]    []  
291000    [6.78e-05, 2.05e-06]    [6.78e-05, 0.00e+00]    []  
292000    [6.57e-04, 2.18e-06]    [6.57e-04, 0.00e+00]    []  
293000    [1.22e-05, 2.07e-06]    [1.22e-05, 0.00e+00]    []  
294000    [1.47e-04, 6.77e-06]    [1.47e-04, 0.00e+00]    []  
295000    [1.48e-04, 3.04e-06]    [1.48e-04, 0.00e+00]    []  
296000    [1.11e-05, 1.84e-06]    [1.11e-05, 0.00e+00]    []  
297000    [4.57e-04, 2.29e-06]    [4.57e-04, 0.00e+00]    []  
298000    [6.74e-05, 1.74e-06]    [6.74e-05, 0.00e+00]    []  
299000    [1.46e-05, 1.81e-06]    [1.46e-05, 0.00e+00]    []  
300000    [9.47e-05, 1.68e-06]    [9.47e-05, 0.00e+00]    []  
301000    [1.41e-05, 2.99e-06]    [1.41e-05, 0.00e+00]    []  
302000    [2.21e-05, 2.04e-06]    [2.21e-05, 0.00e+00]    []  
303000    [1.38e-05, 1.73e-06]    [1.38e-05, 0.00e+00]    []  
304000    [4.21e-05, 2.59e-06]    [4.21e-05, 0.00e+00]    []  
305000    [1.26e-05, 1.56e-06]    [1.26e-05, 0.00e+00]    []  
306000    [7.64e-05, 4.22e-06]    [7.64e-05, 0.00e+00]    []  
307000    [2.79e-04, 3.40e-06]    [2.79e-04, 0.00e+00]    []  
308000    [4.30e-05, 1.61e-06]    [4.30e-05, 0.00e+00]    []  
309000    [1.07e-05, 1.58e-06]    [1.07e-05, 0.00e+00]    []  
310000    [4.66e-05, 1.64e-06]    [4.66e-05, 0.00e+00]    []  
311000    [2.42e-05, 1.89e-06]    [2.42e-05, 0.00e+00]    []  
312000    [1.43e-04, 1.65e-06]    [1.43e-04, 0.00e+00]    []  
313000    [1.81e-03, 1.07e-05]    [1.81e-03, 0.00e+00]    []  
314000    [5.69e-04, 7.97e-06]    [5.69e-04, 0.00e+00]    []  
315000    [5.52e-05, 1.89e-06]    [5.52e-05, 0.00e+00]    []  
316000    [1.16e-04, 6.20e-06]    [1.16e-04, 0.00e+00]    []  
317000    [1.05e-05, 1.45e-06]    [1.05e-05, 0.00e+00]    []  
318000    [1.36e-03, 4.47e-06]    [1.36e-03, 0.00e+00]    []  
319000    [4.46e-04, 2.05e-06]    [4.46e-04, 0.00e+00]    []  
320000    [4.64e-05, 1.48e-06]    [4.64e-05, 0.00e+00]    []  
321000    [8.59e-04, 2.98e-06]    [8.59e-04, 0.00e+00]    []  
322000    [6.65e-05, 1.95e-06]    [6.65e-05, 0.00e+00]    []  
323000    [1.01e-05, 1.38e-06]    [1.01e-05, 0.00e+00]    []  
324000    [1.36e-03, 9.35e-06]    [1.36e-03, 0.00e+00]    []  
325000    [2.96e-04, 3.98e-06]    [2.96e-04, 0.00e+00]    []  
326000    [9.26e-06, 1.52e-06]    [9.26e-06, 0.00e+00]    []  
327000    [1.86e-04, 2.46e-06]    [1.86e-04, 0.00e+00]    []  
328000    [2.15e-05, 1.64e-06]    [2.15e-05, 0.00e+00]    []  
329000    [1.33e-05, 1.46e-06]    [1.33e-05, 0.00e+00]    []  
330000    [9.52e-05, 1.79e-06]    [9.52e-05, 0.00e+00]    []  
331000    [1.31e-04, 1.73e-06]    [1.31e-04, 0.00e+00]    []  
332000    [3.84e-05, 2.42e-06]    [3.84e-05, 0.00e+00]    []  
333000    [3.05e-04, 1.94e-06]    [3.05e-04, 0.00e+00]    []  
334000    [3.35e-04, 1.60e-06]    [3.35e-04, 0.00e+00]    []  
335000    [2.87e-05, 1.55e-06]    [2.87e-05, 0.00e+00]    []  
336000    [9.67e-05, 1.60e-06]    [9.67e-05, 0.00e+00]    []  
337000    [7.28e-05, 2.47e-06]    [7.28e-05, 0.00e+00]    []  
338000    [9.33e-06, 1.28e-06]    [9.33e-06, 0.00e+00]    []  
339000    [1.47e-04, 1.40e-06]    [1.47e-04, 0.00e+00]    []  
340000    [2.71e-05, 1.85e-06]    [2.71e-05, 0.00e+00]    []  
341000    [2.81e-04, 1.06e-05]    [2.81e-04, 0.00e+00]    []  
342000    [1.58e-04, 2.45e-06]    [1.58e-04, 0.00e+00]    []  
343000    [4.43e-05, 1.93e-06]    [4.43e-05, 0.00e+00]    []  
344000    [9.02e-06, 1.49e-06]    [9.02e-06, 0.00e+00]    []  
345000    [1.92e-05, 1.29e-06]    [1.92e-05, 0.00e+00]    []  
346000    [8.42e-05, 1.54e-06]    [8.42e-05, 0.00e+00]    []  
347000    [5.49e-05, 2.10e-06]    [5.49e-05, 0.00e+00]    []  
348000    [9.08e-05, 1.73e-06]    [9.08e-05, 0.00e+00]    []  
349000    [8.49e-06, 1.31e-06]    [8.49e-06, 0.00e+00]    []  
350000    [1.21e-05, 1.38e-06]    [1.21e-05, 0.00e+00]    []  
351000    [1.12e-05, 1.23e-06]    [1.12e-05, 0.00e+00]    []  
352000    [8.24e-06, 1.21e-06]    [8.24e-06, 0.00e+00]    []  
353000    [6.61e-05, 3.21e-06]    [6.61e-05, 0.00e+00]    []  
354000    [1.16e-05, 1.22e-06]    [1.16e-05, 0.00e+00]    []  
355000    [4.17e-04, 1.82e-06]    [4.17e-04, 0.00e+00]    []  
356000    [5.25e-04, 4.11e-06]    [5.25e-04, 0.00e+00]    []  
357000    [6.40e-04, 1.63e-06]    [6.40e-04, 0.00e+00]    []  
358000    [9.59e-05, 1.29e-06]    [9.59e-05, 0.00e+00]    []  
359000    [2.90e-05, 1.37e-06]    [2.90e-05, 0.00e+00]    []  
360000    [2.59e-04, 1.71e-06]    [2.59e-04, 0.00e+00]    []  
361000    [8.08e-06, 1.23e-06]    [8.08e-06, 0.00e+00]    []  
362000    [3.05e-05, 1.21e-06]    [3.05e-05, 0.00e+00]    []  
363000    [4.03e-05, 2.90e-06]    [4.03e-05, 0.00e+00]    []  
364000    [2.38e-05, 1.19e-06]    [2.38e-05, 0.00e+00]    []  
365000    [2.76e-04, 1.39e-06]    [2.76e-04, 0.00e+00]    []  
366000    [3.84e-04, 2.11e-06]    [3.84e-04, 0.00e+00]    []  
367000    [8.15e-05, 1.42e-06]    [8.15e-05, 0.00e+00]    []  
368000    [1.71e-05, 1.13e-06]    [1.71e-05, 0.00e+00]    []  
369000    [1.74e-05, 1.29e-06]    [1.74e-05, 0.00e+00]    []  
370000    [8.94e-06, 1.10e-06]    [8.94e-06, 0.00e+00]    []  
371000    [5.21e-04, 1.45e-06]    [5.21e-04, 0.00e+00]    []  
372000    [4.53e-05, 1.25e-06]    [4.53e-05, 0.00e+00]    []  
373000    [1.84e-04, 5.57e-06]    [1.84e-04, 0.00e+00]    []  
374000    [1.71e-05, 1.35e-06]    [1.71e-05, 0.00e+00]    []  
375000    [4.07e-04, 1.46e-06]    [4.07e-04, 0.00e+00]    []  
376000    [9.89e-05, 1.55e-06]    [9.89e-05, 0.00e+00]    []  
377000    [7.87e-05, 1.69e-06]    [7.87e-05, 0.00e+00]    []  
378000    [1.59e-05, 1.17e-06]    [1.59e-05, 0.00e+00]    []  
379000    [6.35e-05, 1.31e-06]    [6.35e-05, 0.00e+00]    []  
380000    [9.07e-05, 3.63e-06]    [9.07e-05, 0.00e+00]    []  
381000    [1.46e-05, 1.25e-06]    [1.46e-05, 0.00e+00]    []  
382000    [2.45e-05, 2.18e-06]    [2.45e-05, 0.00e+00]    []  
383000    [1.23e-05, 1.39e-06]    [1.23e-05, 0.00e+00]    []  
384000    [8.41e-06, 1.14e-06]    [8.41e-06, 0.00e+00]    []  
385000    [8.29e-06, 1.07e-06]    [8.29e-06, 0.00e+00]    []  
386000    [1.15e-04, 1.22e-06]    [1.15e-04, 0.00e+00]    []  
387000    [5.34e-05, 1.03e-06]    [5.34e-05, 0.00e+00]    []  
388000    [3.67e-04, 1.19e-04]    [3.67e-04, 0.00e+00]    []  
389000    [8.14e-06, 1.09e-06]    [8.14e-06, 0.00e+00]    []  
390000    [1.63e-04, 1.27e-06]    [1.63e-04, 0.00e+00]    []  
391000    [2.41e-04, 1.46e-06]    [2.41e-04, 0.00e+00]    []  
392000    [6.52e-04, 1.05e-05]    [6.52e-04, 0.00e+00]    []  
393000    [3.18e-04, 3.25e-06]    [3.18e-04, 0.00e+00]    []  
394000    [7.74e-06, 1.04e-06]    [7.74e-06, 0.00e+00]    []  
395000    [2.53e-04, 1.17e-06]    [2.53e-04, 0.00e+00]    []  
396000    [1.51e-04, 1.53e-06]    [1.51e-04, 0.00e+00]    []  
397000    [4.57e-05, 1.12e-06]    [4.57e-05, 0.00e+00]    []  
398000    [4.84e-04, 7.95e-06]    [4.84e-04, 0.00e+00]    []  
399000    [1.11e-05, 1.14e-06]    [1.11e-05, 0.00e+00]    []  
400000    [1.32e-05, 1.09e-06]    [1.32e-05, 0.00e+00]    []  

Best model at step 394000:
  train loss: 8.77e-06
  test loss: 7.74e-06
  test metric: []

'train' took 7673.127615 s

Compiling model...
'compile' took 1.042193 s

Training model...

Step      Train loss              Test loss               Test metric
400000    [1.32e-05, 1.09e-06]    [1.32e-05, 0.00e+00]    []  
401000    [6.84e-06, 1.00e-06]    [6.84e-06, 0.00e+00]    []  
402000    [6.71e-06, 9.92e-07]    [6.71e-06, 0.00e+00]    []  
403000    [6.69e-06, 9.76e-07]    [6.69e-06, 0.00e+00]    []  
404000    [1.69e-05, 1.25e-06]    [1.69e-05, 0.00e+00]    []  
405000    [6.62e-06, 9.60e-07]    [6.62e-06, 0.00e+00]    []  
406000    [2.75e-05, 9.85e-07]    [2.75e-05, 0.00e+00]    []  
407000    [1.97e-04, 1.17e-06]    [1.97e-04, 0.00e+00]    []  
408000    [4.02e-05, 2.21e-06]    [4.02e-05, 0.00e+00]    []  
409000    [6.63e-04, 1.50e-06]    [6.63e-04, 0.00e+00]    []  
410000    [6.20e-06, 9.07e-07]    [6.20e-06, 0.00e+00]    []  
411000    [6.12e-06, 8.97e-07]    [6.12e-06, 0.00e+00]    []  
412000    [5.60e-04, 1.94e-06]    [5.60e-04, 0.00e+00]    []  
413000    [1.17e-05, 8.73e-07]    [1.17e-05, 0.00e+00]    []  
414000    [1.35e-05, 9.34e-07]    [1.35e-05, 0.00e+00]    []  
415000    [5.92e-06, 8.68e-07]    [5.92e-06, 0.00e+00]    []  
416000    [6.04e-06, 8.65e-07]    [6.04e-06, 0.00e+00]    []  
417000    [1.59e-04, 1.03e-06]    [1.59e-04, 0.00e+00]    []  
418000    [9.12e-04, 1.41e-06]    [9.12e-04, 0.00e+00]    []  
419000    [6.39e-05, 9.54e-07]    [6.39e-05, 0.00e+00]    []  
420000    [2.73e-05, 9.35e-07]    [2.73e-05, 0.00e+00]    []  
421000    [5.89e-06, 8.31e-07]    [5.89e-06, 0.00e+00]    []  
422000    [1.18e-05, 8.00e-07]    [1.18e-05, 0.00e+00]    []  
423000    [7.62e-06, 8.26e-07]    [7.62e-06, 0.00e+00]    []  
424000    [5.61e-06, 8.16e-07]    [5.61e-06, 0.00e+00]    []  
425000    [9.83e-06, 8.12e-07]    [9.83e-06, 0.00e+00]    []  
426000    [1.91e-05, 9.80e-07]    [1.91e-05, 0.00e+00]    []  
427000    [6.57e-06, 8.19e-07]    [6.57e-06, 0.00e+00]    []  
428000    [5.01e-05, 7.65e-07]    [5.01e-05, 0.00e+00]    []  
429000    [8.95e-06, 9.36e-07]    [8.95e-06, 0.00e+00]    []  
430000    [8.04e-06, 8.03e-07]    [8.04e-06, 0.00e+00]    []  
431000    [5.35e-06, 7.60e-07]    [5.35e-06, 0.00e+00]    []  
432000    [5.32e-06, 7.56e-07]    [5.32e-06, 0.00e+00]    []  
433000    [6.60e-06, 7.84e-07]    [6.60e-06, 0.00e+00]    []  
434000    [3.28e-05, 1.78e-06]    [3.28e-05, 0.00e+00]    []  
435000    [1.09e-05, 9.80e-07]    [1.09e-05, 0.00e+00]    []  
436000    [5.28e-06, 7.26e-07]    [5.28e-06, 0.00e+00]    []  
437000    [4.15e-04, 1.58e-06]    [4.15e-04, 0.00e+00]    []  
438000    [2.10e-05, 7.75e-07]    [2.10e-05, 0.00e+00]    []  
439000    [6.46e-06, 7.11e-07]    [6.46e-06, 0.00e+00]    []  
440000    [5.12e-06, 7.13e-07]    [5.12e-06, 0.00e+00]    []  
441000    [4.84e-04, 9.95e-07]    [4.84e-04, 0.00e+00]    []  
442000    [9.35e-06, 6.88e-07]    [9.35e-06, 0.00e+00]    []  
443000    [2.98e-05, 8.71e-07]    [2.98e-05, 0.00e+00]    []  
444000    [9.71e-06, 8.65e-07]    [9.71e-06, 0.00e+00]    []  
445000    [1.33e-05, 6.82e-07]    [1.33e-05, 0.00e+00]    []  
446000    [5.18e-06, 6.92e-07]    [5.18e-06, 0.00e+00]    []  
447000    [2.69e-05, 6.87e-07]    [2.69e-05, 0.00e+00]    []  
448000    [2.80e-05, 7.21e-07]    [2.80e-05, 0.00e+00]    []  
449000    [4.95e-06, 6.75e-07]    [4.95e-06, 0.00e+00]    []  
450000    [4.96e-06, 6.83e-07]    [4.96e-06, 0.00e+00]    []  
451000    [4.98e-06, 6.68e-07]    [4.98e-06, 0.00e+00]    []  
452000    [6.35e-06, 7.59e-07]    [6.35e-06, 0.00e+00]    []  
453000    [7.72e-06, 6.91e-07]    [7.72e-06, 0.00e+00]    []  
454000    [1.02e-05, 6.42e-07]    [1.02e-05, 0.00e+00]    []  
455000    [5.12e-06, 6.95e-07]    [5.12e-06, 0.00e+00]    []  
456000    [4.71e-06, 6.48e-07]    [4.71e-06, 0.00e+00]    []  
457000    [7.82e-05, 8.33e-07]    [7.82e-05, 0.00e+00]    []  
458000    [1.73e-05, 6.82e-07]    [1.73e-05, 0.00e+00]    []  
459000    [4.76e-06, 6.46e-07]    [4.76e-06, 0.00e+00]    []  
460000    [6.65e-06, 6.67e-07]    [6.65e-06, 0.00e+00]    []  
461000    [4.99e-05, 8.45e-07]    [4.99e-05, 0.00e+00]    []  
462000    [5.61e-06, 6.21e-07]    [5.61e-06, 0.00e+00]    []  
463000    [4.73e-06, 6.37e-07]    [4.73e-06, 0.00e+00]    []  
464000    [5.76e-05, 7.17e-07]    [5.76e-05, 0.00e+00]    []  
465000    [4.59e-06, 6.18e-07]    [4.59e-06, 0.00e+00]    []  
466000    [4.75e-06, 6.29e-07]    [4.75e-06, 0.00e+00]    []  
467000    [4.52e-06, 6.07e-07]    [4.52e-06, 0.00e+00]    []  
468000    [7.78e-05, 1.26e-06]    [7.78e-05, 0.00e+00]    []  
469000    [4.32e-04, 8.77e-07]    [4.32e-04, 0.00e+00]    []  
470000    [4.61e-06, 6.05e-07]    [4.61e-06, 0.00e+00]    []  
471000    [4.44e-06, 6.03e-07]    [4.44e-06, 0.00e+00]    []  
472000    [4.40e-06, 5.98e-07]    [4.40e-06, 0.00e+00]    []  
473000    [8.49e-06, 5.94e-07]    [8.49e-06, 0.00e+00]    []  
474000    [6.11e-05, 9.20e-07]    [6.11e-05, 0.00e+00]    []  
475000    [1.24e-04, 1.54e-06]    [1.24e-04, 0.00e+00]    []  
476000    [5.41e-06, 5.75e-07]    [5.41e-06, 0.00e+00]    []  
477000    [1.67e-05, 6.17e-07]    [1.67e-05, 0.00e+00]    []  
478000    [5.17e-04, 1.57e-06]    [5.17e-04, 0.00e+00]    []  
479000    [1.30e-05, 6.67e-07]    [1.30e-05, 0.00e+00]    []  
480000    [4.85e-06, 5.77e-07]    [4.85e-06, 0.00e+00]    []  
481000    [4.51e-06, 5.66e-07]    [4.51e-06, 0.00e+00]    []  
482000    [1.31e-05, 9.12e-07]    [1.31e-05, 0.00e+00]    []  
483000    [4.23e-06, 5.65e-07]    [4.23e-06, 0.00e+00]    []  
484000    [4.20e-06, 5.63e-07]    [4.20e-06, 0.00e+00]    []  
485000    [6.45e-05, 7.03e-07]    [6.45e-05, 0.00e+00]    []  
486000    [4.45e-06, 5.72e-07]    [4.45e-06, 0.00e+00]    []  
487000    [3.08e-05, 6.79e-07]    [3.08e-05, 0.00e+00]    []  
488000    [9.11e-06, 7.25e-07]    [9.11e-06, 0.00e+00]    []  
489000    [7.87e-06, 7.03e-07]    [7.87e-06, 0.00e+00]    []  
490000    [4.11e-06, 5.49e-07]    [4.11e-06, 0.00e+00]    []  
491000    [5.90e-05, 8.24e-07]    [5.90e-05, 0.00e+00]    []  
492000    [6.25e-06, 5.55e-07]    [6.25e-06, 0.00e+00]    []  
493000    [1.10e-04, 7.71e-07]    [1.10e-04, 0.00e+00]    []  
494000    [1.16e-04, 8.53e-07]    [1.16e-04, 0.00e+00]    []  
495000    [1.34e-04, 7.31e-07]    [1.34e-04, 0.00e+00]    []  
496000    [5.15e-06, 5.37e-07]    [5.15e-06, 0.00e+00]    []  
497000    [4.01e-06, 5.33e-07]    [4.01e-06, 0.00e+00]    []  
498000    [4.58e-06, 5.29e-07]    [4.58e-06, 0.00e+00]    []  
499000    [3.60e-04, 7.76e-07]    [3.60e-04, 0.00e+00]    []  
500000    [4.23e-06, 5.23e-07]    [4.23e-06, 0.00e+00]    []  
501000    [2.02e-05, 5.71e-07]    [2.02e-05, 0.00e+00]    []  
502000    [3.47e-04, 9.45e-07]    [3.47e-04, 0.00e+00]    []  
503000    [4.22e-06, 5.13e-07]    [4.22e-06, 0.00e+00]    []  
504000    [6.00e-06, 5.28e-07]    [6.00e-06, 0.00e+00]    []  
505000    [3.91e-06, 5.16e-07]    [3.91e-06, 0.00e+00]    []  
506000    [6.26e-06, 5.72e-07]    [6.26e-06, 0.00e+00]    []  
507000    [4.78e-06, 5.19e-07]    [4.78e-06, 0.00e+00]    []  
508000    [4.15e-06, 5.09e-07]    [4.15e-06, 0.00e+00]    []  
509000    [3.90e-06, 5.07e-07]    [3.90e-06, 0.00e+00]    []  
510000    [8.42e-06, 6.99e-07]    [8.42e-06, 0.00e+00]    []  
511000    [1.41e-05, 5.39e-07]    [1.41e-05, 0.00e+00]    []  
512000    [5.98e-06, 1.48e-06]    [5.98e-06, 0.00e+00]    []  
513000    [1.80e-05, 9.90e-07]    [1.80e-05, 0.00e+00]    []  
514000    [3.86e-06, 4.95e-07]    [3.86e-06, 0.00e+00]    []  
515000    [4.76e-06, 5.09e-07]    [4.76e-06, 0.00e+00]    []  
516000    [8.06e-06, 5.23e-07]    [8.06e-06, 0.00e+00]    []  
517000    [3.79e-06, 4.99e-07]    [3.79e-06, 0.00e+00]    []  
518000    [1.20e-05, 5.22e-07]    [1.20e-05, 0.00e+00]    []  
519000    [4.12e-06, 4.82e-07]    [4.12e-06, 0.00e+00]    []  
520000    [7.46e-06, 5.09e-07]    [7.46e-06, 0.00e+00]    []  
521000    [2.90e-04, 7.40e-07]    [2.90e-04, 0.00e+00]    []  
522000    [6.36e-04, 9.88e-07]    [6.36e-04, 0.00e+00]    []  
523000    [4.54e-06, 4.67e-07]    [4.54e-06, 0.00e+00]    []  
524000    [4.50e-05, 4.78e-07]    [4.50e-05, 0.00e+00]    []  
525000    [4.03e-06, 4.77e-07]    [4.03e-06, 0.00e+00]    []  
526000    [4.62e-06, 5.52e-07]    [4.62e-06, 0.00e+00]    []  
527000    [1.66e-04, 6.54e-07]    [1.66e-04, 0.00e+00]    []  
528000    [5.65e-06, 5.50e-07]    [5.65e-06, 0.00e+00]    []  
529000    [1.98e-04, 6.37e-07]    [1.98e-04, 0.00e+00]    []  
530000    [3.89e-06, 4.82e-07]    [3.89e-06, 0.00e+00]    []  
531000    [6.57e-05, 7.50e-07]    [6.57e-05, 0.00e+00]    []  
532000    [4.24e-06, 4.77e-07]    [4.24e-06, 0.00e+00]    []  
533000    [3.74e-06, 4.78e-07]    [3.74e-06, 0.00e+00]    []  
534000    [3.85e-06, 4.76e-07]    [3.85e-06, 0.00e+00]    []  
535000    [6.32e-06, 5.69e-07]    [6.32e-06, 0.00e+00]    []  
536000    [3.76e-06, 4.69e-07]    [3.76e-06, 0.00e+00]    []  
537000    [7.80e-06, 4.55e-07]    [7.80e-06, 0.00e+00]    []  
538000    [1.25e-04, 1.52e-06]    [1.25e-04, 0.00e+00]    []  
539000    [1.50e-05, 4.93e-07]    [1.50e-05, 0.00e+00]    []  
540000    [4.27e-06, 4.66e-07]    [4.27e-06, 0.00e+00]    []  
541000    [9.69e-06, 5.70e-07]    [9.69e-06, 0.00e+00]    []  
542000    [2.29e-05, 6.31e-07]    [2.29e-05, 0.00e+00]    []  
543000    [6.12e-06, 5.39e-07]    [6.12e-06, 0.00e+00]    []  
544000    [4.99e-06, 4.45e-07]    [4.99e-06, 0.00e+00]    []  
545000    [3.33e-05, 4.68e-07]    [3.33e-05, 0.00e+00]    []  
546000    [3.47e-06, 4.51e-07]    [3.47e-06, 0.00e+00]    []  
547000    [6.74e-05, 1.27e-06]    [6.74e-05, 0.00e+00]    []  
548000    [3.47e-06, 4.47e-07]    [3.47e-06, 0.00e+00]    []  
549000    [4.80e-04, 1.39e-06]    [4.80e-04, 0.00e+00]    []  
550000    [5.70e-06, 5.73e-07]    [5.70e-06, 0.00e+00]    []  
551000    [3.42e-06, 4.41e-07]    [3.42e-06, 0.00e+00]    []  
552000    [5.18e-06, 4.28e-07]    [5.18e-06, 0.00e+00]    []  
553000    [3.31e-05, 1.59e-06]    [3.31e-05, 0.00e+00]    []  
554000    [1.72e-05, 5.45e-07]    [1.72e-05, 0.00e+00]    []  
555000    [4.14e-06, 4.43e-07]    [4.14e-06, 0.00e+00]    []  
556000    [7.16e-06, 4.73e-07]    [7.16e-06, 0.00e+00]    []  
557000    [3.40e-06, 4.33e-07]    [3.40e-06, 0.00e+00]    []  
558000    [3.37e-06, 4.30e-07]    [3.37e-06, 0.00e+00]    []  
559000    [3.37e-06, 4.31e-07]    [3.37e-06, 0.00e+00]    []  
560000    [2.92e-05, 1.27e-06]    [2.92e-05, 0.00e+00]    []  
561000    [4.41e-06, 4.20e-07]    [4.41e-06, 0.00e+00]    []  
562000    [3.39e-06, 4.22e-07]    [3.39e-06, 0.00e+00]    []  
563000    [5.15e-06, 4.49e-07]    [5.15e-06, 0.00e+00]    []  
564000    [1.75e-04, 1.21e-06]    [1.75e-04, 0.00e+00]    []  
565000    [3.32e-06, 4.24e-07]    [3.32e-06, 0.00e+00]    []  
566000    [3.36e-06, 4.21e-07]    [3.36e-06, 0.00e+00]    []  
567000    [3.58e-06, 4.30e-07]    [3.58e-06, 0.00e+00]    []  
568000    [3.32e-06, 4.17e-07]    [3.32e-06, 0.00e+00]    []  
569000    [5.55e-05, 6.70e-07]    [5.55e-05, 0.00e+00]    []  
570000    [3.29e-06, 4.14e-07]    [3.29e-06, 0.00e+00]    []  
571000    [3.26e-06, 4.14e-07]    [3.26e-06, 0.00e+00]    []  
572000    [3.94e-06, 4.21e-07]    [3.94e-06, 0.00e+00]    []  
573000    [9.95e-05, 6.00e-07]    [9.95e-05, 0.00e+00]    []  
574000    [3.24e-06, 4.17e-07]    [3.24e-06, 0.00e+00]    []  
575000    [8.15e-05, 5.18e-07]    [8.15e-05, 0.00e+00]    []  
576000    [1.03e-05, 6.63e-07]    [1.03e-05, 0.00e+00]    []  
577000    [3.66e-06, 4.12e-07]    [3.66e-06, 0.00e+00]    []  
578000    [2.11e-05, 4.80e-07]    [2.11e-05, 0.00e+00]    []  
579000    [3.27e-06, 4.11e-07]    [3.27e-06, 0.00e+00]    []  
580000    [4.50e-05, 5.10e-07]    [4.50e-05, 0.00e+00]    []  
581000    [3.19e-06, 4.02e-07]    [3.19e-06, 0.00e+00]    []  
582000    [3.18e-06, 4.04e-07]    [3.18e-06, 0.00e+00]    []  
583000    [1.18e-05, 5.16e-07]    [1.18e-05, 0.00e+00]    []  
584000    [2.58e-04, 1.07e-06]    [2.58e-04, 0.00e+00]    []  
585000    [4.80e-06, 4.10e-07]    [4.80e-06, 0.00e+00]    []  
586000    [6.75e-06, 5.50e-07]    [6.75e-06, 0.00e+00]    []  
587000    [1.17e-05, 4.91e-07]    [1.17e-05, 0.00e+00]    []  
588000    [1.28e-04, 4.96e-07]    [1.28e-04, 0.00e+00]    []  
589000    [1.09e-05, 9.09e-07]    [1.09e-05, 0.00e+00]    []  
590000    [1.57e-04, 6.21e-07]    [1.57e-04, 0.00e+00]    []  
591000    [6.15e-06, 4.01e-07]    [6.15e-06, 0.00e+00]    []  
592000    [4.43e-06, 3.84e-07]    [4.43e-06, 0.00e+00]    []  
593000    [2.15e-05, 5.29e-07]    [2.15e-05, 0.00e+00]    []  
594000    [8.64e-05, 1.10e-06]    [8.64e-05, 0.00e+00]    []  
595000    [3.10e-06, 3.89e-07]    [3.10e-06, 0.00e+00]    []  
596000    [3.08e-06, 3.88e-07]    [3.08e-06, 0.00e+00]    []  
597000    [3.11e-06, 3.86e-07]    [3.11e-06, 0.00e+00]    []  
598000    [3.11e-06, 3.92e-07]    [3.11e-06, 0.00e+00]    []  
599000    [3.91e-06, 3.85e-07]    [3.91e-06, 0.00e+00]    []  
600000    [3.06e-06, 3.83e-07]    [3.06e-06, 0.00e+00]    []  
601000    [1.44e-05, 4.90e-07]    [1.44e-05, 0.00e+00]    []  
602000    [3.04e-06, 3.82e-07]    [3.04e-06, 0.00e+00]    []  
603000    [1.92e-05, 4.58e-07]    [1.92e-05, 0.00e+00]    []  
604000    [6.76e-05, 5.08e-07]    [6.76e-05, 0.00e+00]    []  
605000    [3.48e-05, 1.47e-06]    [3.48e-05, 0.00e+00]    []  
606000    [1.15e-05, 6.06e-07]    [1.15e-05, 0.00e+00]    []  
607000    [3.01e-06, 3.76e-07]    [3.01e-06, 0.00e+00]    []  
608000    [8.13e-06, 4.09e-07]    [8.13e-06, 0.00e+00]    []  
609000    [3.66e-06, 3.85e-07]    [3.66e-06, 0.00e+00]    []  
610000    [9.33e-06, 3.72e-07]    [9.33e-06, 0.00e+00]    []  
611000    [1.25e-05, 7.55e-07]    [1.25e-05, 0.00e+00]    []  
612000    [1.45e-04, 5.37e-07]    [1.45e-04, 0.00e+00]    []  
613000    [4.97e-06, 4.23e-07]    [4.97e-06, 0.00e+00]    []  
614000    [3.38e-06, 3.86e-07]    [3.38e-06, 0.00e+00]    []  
615000    [3.03e-06, 3.69e-07]    [3.03e-06, 0.00e+00]    []  
616000    [2.97e-04, 6.89e-07]    [2.97e-04, 0.00e+00]    []  
617000    [5.65e-06, 4.75e-07]    [5.65e-06, 0.00e+00]    []  
618000    [6.57e-06, 4.08e-07]    [6.57e-06, 0.00e+00]    []  
619000    [3.68e-04, 6.11e-07]    [3.68e-04, 0.00e+00]    []  
620000    [3.52e-06, 3.70e-07]    [3.52e-06, 0.00e+00]    []  
621000    [3.68e-06, 3.89e-07]    [3.68e-06, 0.00e+00]    []  
622000    [3.79e-06, 3.73e-07]    [3.79e-06, 0.00e+00]    []  
623000    [3.86e-06, 3.74e-07]    [3.86e-06, 0.00e+00]    []  
624000    [5.84e-06, 3.74e-07]    [5.84e-06, 0.00e+00]    []  
625000    [3.22e-06, 3.73e-07]    [3.22e-06, 0.00e+00]    []  
626000    [5.04e-06, 4.20e-07]    [5.04e-06, 0.00e+00]    []  
627000    [4.31e-04, 1.35e-06]    [4.31e-04, 0.00e+00]    []  
628000    [4.92e-06, 3.80e-07]    [4.92e-06, 0.00e+00]    []  
629000    [6.12e-06, 3.67e-07]    [6.12e-06, 0.00e+00]    []  
630000    [8.15e-06, 3.80e-07]    [8.15e-06, 0.00e+00]    []  
631000    [1.45e-04, 4.88e-07]    [1.45e-04, 0.00e+00]    []  
632000    [2.88e-06, 3.59e-07]    [2.88e-06, 0.00e+00]    []  
633000    [6.32e-06, 4.44e-07]    [6.32e-06, 0.00e+00]    []  
634000    [2.99e-06, 3.52e-07]    [2.99e-06, 0.00e+00]    []  
635000    [2.95e-06, 3.57e-07]    [2.95e-06, 0.00e+00]    []  
636000    [2.85e-06, 3.54e-07]    [2.85e-06, 0.00e+00]    []  
637000    [6.45e-06, 3.34e-07]    [6.45e-06, 0.00e+00]    []  
638000    [2.82e-06, 3.52e-07]    [2.82e-06, 0.00e+00]    []  
639000    [4.15e-06, 4.07e-07]    [4.15e-06, 0.00e+00]    []  
640000    [4.23e-06, 3.42e-07]    [4.23e-06, 0.00e+00]    []  
641000    [3.58e-04, 6.23e-07]    [3.58e-04, 0.00e+00]    []  
642000    [3.06e-05, 5.71e-07]    [3.06e-05, 0.00e+00]    []  
643000    [1.22e-05, 3.82e-07]    [1.22e-05, 0.00e+00]    []  
644000    [4.22e-06, 3.63e-07]    [4.22e-06, 0.00e+00]    []  
645000    [8.08e-06, 3.50e-07]    [8.08e-06, 0.00e+00]    []  
646000    [1.27e-05, 3.84e-07]    [1.27e-05, 0.00e+00]    []  
647000    [3.56e-06, 3.42e-07]    [3.56e-06, 0.00e+00]    []  
648000    [1.80e-05, 3.44e-07]    [1.80e-05, 0.00e+00]    []  
649000    [2.30e-05, 4.92e-07]    [2.30e-05, 0.00e+00]    []  
650000    [4.86e-06, 3.91e-07]    [4.86e-06, 0.00e+00]    []  
651000    [4.21e-06, 3.46e-07]    [4.21e-06, 0.00e+00]    []  
652000    [2.80e-06, 3.43e-07]    [2.80e-06, 0.00e+00]    []  
653000    [5.80e-06, 3.42e-07]    [5.80e-06, 0.00e+00]    []  
654000    [1.00e-04, 5.34e-07]    [1.00e-04, 0.00e+00]    []  
655000    [3.19e-04, 1.04e-06]    [3.19e-04, 0.00e+00]    []  
656000    [3.85e-04, 1.05e-06]    [3.85e-04, 0.00e+00]    []  
657000    [4.82e-05, 2.03e-06]    [4.82e-05, 0.00e+00]    []  
658000    [2.77e-06, 3.39e-07]    [2.77e-06, 0.00e+00]    []  
659000    [2.72e-06, 3.37e-07]    [2.72e-06, 0.00e+00]    []  
660000    [3.32e-06, 3.23e-07]    [3.32e-06, 0.00e+00]    []  
661000    [4.43e-06, 3.38e-07]    [4.43e-06, 0.00e+00]    []  
662000    [8.56e-06, 3.32e-07]    [8.56e-06, 0.00e+00]    []  
663000    [5.80e-06, 3.46e-07]    [5.80e-06, 0.00e+00]    []  
664000    [8.56e-06, 4.08e-07]    [8.56e-06, 0.00e+00]    []  
665000    [1.73e-04, 5.31e-07]    [1.73e-04, 0.00e+00]    []  
666000    [2.69e-06, 3.33e-07]    [2.69e-06, 0.00e+00]    []  
667000    [1.82e-05, 3.35e-07]    [1.82e-05, 0.00e+00]    []  
668000    [2.33e-04, 6.84e-07]    [2.33e-04, 0.00e+00]    []  
669000    [2.78e-06, 3.39e-07]    [2.78e-06, 0.00e+00]    []  
670000    [2.67e-06, 3.31e-07]    [2.67e-06, 0.00e+00]    []  
671000    [2.96e-06, 3.29e-07]    [2.96e-06, 0.00e+00]    []  
672000    [2.69e-06, 3.31e-07]    [2.69e-06, 0.00e+00]    []  
673000    [2.69e-06, 3.26e-07]    [2.69e-06, 0.00e+00]    []  
674000    [2.65e-06, 3.26e-07]    [2.65e-06, 0.00e+00]    []  
675000    [2.77e-06, 3.30e-07]    [2.77e-06, 0.00e+00]    []  
676000    [3.63e-06, 3.44e-07]    [3.63e-06, 0.00e+00]    []  
677000    [1.05e-05, 6.16e-07]    [1.05e-05, 0.00e+00]    []  
678000    [1.76e-04, 4.42e-06]    [1.76e-04, 0.00e+00]    []  
679000    [1.53e-05, 8.18e-07]    [1.53e-05, 0.00e+00]    []  
680000    [7.24e-05, 5.11e-07]    [7.24e-05, 0.00e+00]    []  
681000    [1.37e-04, 8.05e-07]    [1.37e-04, 0.00e+00]    []  
682000    [3.49e-06, 3.19e-07]    [3.49e-06, 0.00e+00]    []  
683000    [1.67e-05, 6.32e-07]    [1.67e-05, 0.00e+00]    []  
684000    [1.12e-04, 4.20e-07]    [1.12e-04, 0.00e+00]    []  
685000    [4.32e-06, 3.60e-07]    [4.32e-06, 0.00e+00]    []  
686000    [3.90e-05, 3.31e-07]    [3.90e-05, 0.00e+00]    []  
687000    [2.79e-05, 4.32e-07]    [2.79e-05, 0.00e+00]    []  
688000    [1.65e-05, 8.39e-07]    [1.65e-05, 0.00e+00]    []  
689000    [5.14e-06, 3.07e-07]    [5.14e-06, 0.00e+00]    []  
690000    [6.38e-05, 3.43e-06]    [6.38e-05, 0.00e+00]    []  
691000    [3.01e-06, 3.12e-07]    [3.01e-06, 0.00e+00]    []  
692000    [6.97e-06, 4.47e-07]    [6.97e-06, 0.00e+00]    []  
693000    [2.70e-06, 3.19e-07]    [2.70e-06, 0.00e+00]    []  
694000    [2.57e-06, 3.17e-07]    [2.57e-06, 0.00e+00]    []  
695000    [1.49e-05, 8.06e-07]    [1.49e-05, 0.00e+00]    []  
696000    [3.04e-06, 3.20e-07]    [3.04e-06, 0.00e+00]    []  
697000    [9.43e-06, 3.49e-07]    [9.43e-06, 0.00e+00]    []  
698000    [9.26e-06, 5.48e-07]    [9.26e-06, 0.00e+00]    []  
699000    [2.60e-06, 3.10e-07]    [2.60e-06, 0.00e+00]    []  
700000    [2.75e-06, 3.23e-07]    [2.75e-06, 0.00e+00]    []  
701000    [2.53e-06, 3.14e-07]    [2.53e-06, 0.00e+00]    []  
702000    [1.89e-04, 5.31e-07]    [1.89e-04, 0.00e+00]    []  
703000    [3.22e-06, 3.24e-07]    [3.22e-06, 0.00e+00]    []  
704000    [1.39e-05, 4.90e-07]    [1.39e-05, 0.00e+00]    []  
705000    [2.80e-06, 3.15e-07]    [2.80e-06, 0.00e+00]    []  
706000    [2.60e-06, 3.13e-07]    [2.60e-06, 0.00e+00]    []  
707000    [2.71e-06, 3.10e-07]    [2.71e-06, 0.00e+00]    []  
708000    [1.39e-05, 3.67e-07]    [1.39e-05, 0.00e+00]    []  
709000    [2.77e-04, 1.01e-06]    [2.77e-04, 0.00e+00]    []  
710000    [2.61e-06, 3.12e-07]    [2.61e-06, 0.00e+00]    []  
711000    [2.39e-04, 7.30e-07]    [2.39e-04, 0.00e+00]    []  
712000    [3.41e-06, 3.11e-07]    [3.41e-06, 0.00e+00]    []  
713000    [2.50e-06, 3.08e-07]    [2.50e-06, 0.00e+00]    []  
714000    [2.48e-06, 3.05e-07]    [2.48e-06, 0.00e+00]    []  
715000    [2.65e-06, 3.11e-07]    [2.65e-06, 0.00e+00]    []  
716000    [2.47e-06, 3.09e-07]    [2.47e-06, 0.00e+00]    []  
717000    [1.24e-04, 6.97e-07]    [1.24e-04, 0.00e+00]    []  
718000    [2.24e-05, 3.54e-07]    [2.24e-05, 0.00e+00]    []  
719000    [3.19e-06, 3.17e-07]    [3.19e-06, 0.00e+00]    []  
720000    [2.66e-06, 3.09e-07]    [2.66e-06, 0.00e+00]    []  
721000    [9.61e-06, 5.36e-07]    [9.61e-06, 0.00e+00]    []  
722000    [2.86e-06, 3.11e-07]    [2.86e-06, 0.00e+00]    []  
723000    [2.44e-06, 3.01e-07]    [2.44e-06, 0.00e+00]    []  
724000    [4.57e-04, 1.56e-06]    [4.57e-04, 0.00e+00]    []  
725000    [2.62e-05, 1.13e-06]    [2.62e-05, 0.00e+00]    []  
726000    [4.25e-05, 3.65e-07]    [4.25e-05, 0.00e+00]    []  
727000    [3.90e-06, 3.44e-07]    [3.90e-06, 0.00e+00]    []  
728000    [2.44e-06, 2.96e-07]    [2.44e-06, 0.00e+00]    []  
729000    [2.44e-06, 2.96e-07]    [2.44e-06, 0.00e+00]    []  
730000    [3.20e-06, 3.25e-07]    [3.20e-06, 0.00e+00]    []  
731000    [2.50e-06, 3.22e-07]    [2.50e-06, 0.00e+00]    []  
732000    [6.87e-04, 7.38e-07]    [6.87e-04, 0.00e+00]    []  
733000    [2.98e-06, 2.91e-07]    [2.98e-06, 0.00e+00]    []  
734000    [1.45e-05, 3.23e-07]    [1.45e-05, 0.00e+00]    []  
735000    [2.50e-06, 2.94e-07]    [2.50e-06, 0.00e+00]    []  
736000    [9.82e-06, 4.76e-07]    [9.82e-06, 0.00e+00]    []  
737000    [1.51e-05, 3.55e-07]    [1.51e-05, 0.00e+00]    []  
738000    [3.47e-06, 2.88e-07]    [3.47e-06, 0.00e+00]    []  
739000    [2.95e-06, 6.79e-07]    [2.95e-06, 0.00e+00]    []  
740000    [5.68e-06, 3.06e-07]    [5.68e-06, 0.00e+00]    []  
741000    [2.41e-06, 2.92e-07]    [2.41e-06, 0.00e+00]    []  
742000    [2.65e-04, 7.09e-07]    [2.65e-04, 0.00e+00]    []  
743000    [2.62e-06, 3.18e-07]    [2.62e-06, 0.00e+00]    []  
744000    [2.65e-06, 3.01e-07]    [2.65e-06, 0.00e+00]    []  
745000    [2.36e-06, 2.92e-07]    [2.36e-06, 0.00e+00]    []  
746000    [9.95e-06, 3.07e-07]    [9.95e-06, 0.00e+00]    []  
747000    [2.45e-06, 3.07e-07]    [2.45e-06, 0.00e+00]    []  
748000    [2.40e-06, 2.92e-07]    [2.40e-06, 0.00e+00]    []  
749000    [1.25e-05, 4.00e-07]    [1.25e-05, 0.00e+00]    []  
750000    [6.46e-05, 3.73e-07]    [6.46e-05, 0.00e+00]    []  
751000    [2.51e-06, 2.86e-07]    [2.51e-06, 0.00e+00]    []  
752000    [2.00e-05, 5.42e-07]    [2.00e-05, 0.00e+00]    []  
753000    [2.36e-06, 2.90e-07]    [2.36e-06, 0.00e+00]    []  
754000    [2.51e-06, 2.88e-07]    [2.51e-06, 0.00e+00]    []  
755000    [7.47e-06, 2.82e-07]    [7.47e-06, 0.00e+00]    []  
756000    [7.67e-05, 6.49e-07]    [7.67e-05, 0.00e+00]    []  
757000    [3.32e-04, 1.68e-06]    [3.32e-04, 0.00e+00]    []  
758000    [9.71e-06, 3.07e-07]    [9.71e-06, 0.00e+00]    []  
759000    [7.94e-05, 3.24e-07]    [7.94e-05, 0.00e+00]    []  
760000    [2.40e-06, 2.90e-07]    [2.40e-06, 0.00e+00]    []  
761000    [2.58e-06, 3.09e-07]    [2.58e-06, 0.00e+00]    []  
762000    [5.56e-06, 2.80e-07]    [5.56e-06, 0.00e+00]    []  
763000    [4.73e-06, 2.73e-07]    [4.73e-06, 0.00e+00]    []  
764000    [6.19e-06, 3.39e-07]    [6.19e-06, 0.00e+00]    []  
765000    [2.38e-05, 7.78e-07]    [2.38e-05, 0.00e+00]    []  
766000    [2.30e-06, 2.80e-07]    [2.30e-06, 0.00e+00]    []  
767000    [2.57e-06, 2.76e-07]    [2.57e-06, 0.00e+00]    []  
768000    [2.76e-06, 2.77e-07]    [2.76e-06, 0.00e+00]    []  
769000    [2.49e-04, 4.99e-07]    [2.49e-04, 0.00e+00]    []  
770000    [2.31e-06, 2.81e-07]    [2.31e-06, 0.00e+00]    []  
771000    [1.11e-05, 6.25e-07]    [1.11e-05, 0.00e+00]    []  
772000    [2.37e-06, 2.81e-07]    [2.37e-06, 0.00e+00]    []  
773000    [4.95e-06, 2.97e-07]    [4.95e-06, 0.00e+00]    []  
774000    [3.13e-06, 2.80e-07]    [3.13e-06, 0.00e+00]    []  
775000    [1.71e-04, 4.22e-07]    [1.71e-04, 0.00e+00]    []  
776000    [3.01e-06, 2.85e-07]    [3.01e-06, 0.00e+00]    []  
777000    [2.28e-06, 2.81e-07]    [2.28e-06, 0.00e+00]    []  
778000    [9.71e-06, 3.03e-07]    [9.71e-06, 0.00e+00]    []  
779000    [3.85e-06, 2.85e-07]    [3.85e-06, 0.00e+00]    []  
780000    [1.98e-04, 6.84e-07]    [1.98e-04, 0.00e+00]    []  
781000    [1.67e-05, 2.97e-07]    [1.67e-05, 0.00e+00]    []  
782000    [2.42e-06, 2.84e-07]    [2.42e-06, 0.00e+00]    []  
783000    [2.28e-06, 2.75e-07]    [2.28e-06, 0.00e+00]    []  
784000    [1.82e-04, 8.45e-07]    [1.82e-04, 0.00e+00]    []  
785000    [2.61e-04, 8.37e-07]    [2.61e-04, 0.00e+00]    []  
786000    [4.03e-06, 3.38e-07]    [4.03e-06, 0.00e+00]    []  
787000    [2.31e-06, 2.75e-07]    [2.31e-06, 0.00e+00]    []  
788000    [3.20e-06, 2.78e-07]    [3.20e-06, 0.00e+00]    []  
789000    [2.84e-06, 2.89e-07]    [2.84e-06, 0.00e+00]    []  
790000    [2.04e-05, 3.33e-07]    [2.04e-05, 0.00e+00]    []  
791000    [8.16e-04, 2.65e-06]    [8.16e-04, 0.00e+00]    []  
792000    [4.54e-06, 3.01e-07]    [4.54e-06, 0.00e+00]    []  
793000    [6.65e-06, 3.23e-07]    [6.65e-06, 0.00e+00]    []  
794000    [4.01e-06, 2.70e-07]    [4.01e-06, 0.00e+00]    []  
795000    [4.58e-06, 2.71e-07]    [4.58e-06, 0.00e+00]    []  
796000    [2.97e-06, 2.79e-07]    [2.97e-06, 0.00e+00]    []  
797000    [2.85e-06, 3.02e-07]    [2.85e-06, 0.00e+00]    []  
798000    [2.20e-06, 2.74e-07]    [2.20e-06, 0.00e+00]    []  
799000    [2.40e-06, 2.76e-07]    [2.40e-06, 0.00e+00]    []  
800000    [2.19e-06, 2.71e-07]    [2.19e-06, 0.00e+00]    []  

Best model at step 800000:
  train loss: 2.46e-06
  test loss: 2.19e-06
  test metric: []

'train' took 7651.188241 s

[?1049h[1;24r(B[m[4l[?7h[?1h=[39;49m[39;49m[97m[40m(B[m[39;49m[97m[40m[H[2J[37m[40m[J(B[m[39;49m[97m[40m[22d[93m[44mGetting http://127.0.0.1:46814/[K(B[m[39;49m[97m[40m[93m[44mLooking up 127.0.0.1:46814[K(B[m[39;49m[97m[40m[93m[44mMaking HTTP connection to 127.0.0.1:46814(B[m[39;49m[97m[40m[93m[44mSending HTTP request.[K(B[m[39;49m[97m[40m[93m[44mHTTP request sent; waiting for response.(B[m[39;49m[97m[40m

Warning: To use the exr data format, please install the OpenEXR package following the instructions detailed in the README at github.com/tensorflow/graphics.
Warning: To use the threejs_vizualization, please install the colabtools package following the instructions detailed in the README at github.com/tensorflow/graphics.
/data/homezvol2/andyz8/.local/lib/python3.8/site-packages/keras/legacy_tf_layers/core.py:236: UserWarning: `tf.layers.dense` is deprecated and will be removed in a future version. Please use `tf.keras.layers.Dense` instead.
  warnings.warn('`tf.layers.dense` is deprecated and '
/data/homezvol2/andyz8/.local/lib/python3.8/site-packages/keras/engine/base_layer_v1.py:1676: UserWarning: `layer.apply` is deprecated and will be removed in a future version. Please use `layer.__call__` method instead.
  warnings.warn('`layer.apply` is deprecated and '
----------------------------------------
Exception happened during processing of request from ('127.0.0.1', 37730)
Traceback (most recent call last):
  File "/data/homezvol2/andyz8/.conda/envs/tf2-gpu/lib/python3.8/socketserver.py", line 316, in _handle_request_noblock
    self.process_request(request, client_address)
  File "/data/homezvol2/andyz8/.conda/envs/tf2-gpu/lib/python3.8/socketserver.py", line 347, in process_request
    self.finish_request(request, client_address)
  File "/data/homezvol2/andyz8/.conda/envs/tf2-gpu/lib/python3.8/socketserver.py", line 360, in finish_request
    self.RequestHandlerClass(request, client_address, self)
  File "/data/homezvol2/andyz8/.conda/envs/tf2-gpu/lib/python3.8/socketserver.py", line 747, in __init__
    self.handle()
  File "/data/homezvol2/andyz8/.conda/envs/tf2-gpu/lib/python3.8/http/server.py", line 427, in handle
    self.handle_one_request()
  File "/data/homezvol2/andyz8/.conda/envs/tf2-gpu/lib/python3.8/http/server.py", line 415, in handle_one_request
    method()
  File "/data/homezvol2/andyz8/.conda/envs/tf2-gpu/lib/python3.8/site-packages/plotly/io/_base_renderers.py", line 677, in do_GET
    self.wfile.write(html[i : i + bufferSize])
  File "/data/homezvol2/andyz8/.conda/envs/tf2-gpu/lib/python3.8/socketserver.py", line 826, in write
    self._sock.sendall(b)
BrokenPipeError: [Errno 32] Broken pipe
----------------------------------------
[39;49m[K[24;1H[?1049l[?1l>